=== MNIST optimizer comparison: QQN vs SGD vs Adam vs L-BFGS ===
    (QQN variants: line search / oracle / region)
    Robustness note: the adaptive trust-region over-shrinks under
    the honest pred model; fixed-radius / spline stacks are the
    robust fast path (see the iteration-efficiency leaderboard).
  classes=10  n_train=5000  n_test=1000  maxiter=500

  shared stop: f_target=1.1e-01  gtol=1.0e-04  time_budget=15.0s

optimizer     final_loss   iters   train_acc   test_acc  sparsity   time(s)   ms/it  ->target   t->tgt  vs LBFGS     AUC
------------------------------------------------------------------------------------------------------------------------
QQN-And     1.061360e-01     194      0.9906     0.8790    0.0001     2.936   15.14       194    2.927     0.36x   -0.81
QQN-Fast    1.090450e-01      57      0.9908     0.8770    0.0000     1.453   25.49        57    1.444     1.23x   -0.57
QQN-L50And  1.090973e-01      45      0.9904     0.8720    0.0000     1.370   30.45        45    1.361     1.56x   -0.65
QQN-L50     1.090973e-01      45      0.9904     0.8720    0.0000     1.284   28.54        45    1.275     1.56x   -0.65
QQN-L100    1.090973e-01      45      0.9904     0.8720    0.0000     1.288   28.63        45    1.280     1.56x   -0.65
QQN-L20Box  1.093810e-01      56      0.9908     0.8720    0.0000     1.379   24.63        56    1.370     1.25x   -0.70
QQN-L50Spln  1.095592e-01      42      0.9910     0.8750    0.0000     2.761   65.74        42    2.753     1.67x   -0.64
QQN-L100Spln  1.095592e-01      42      0.9910     0.8750    0.0000     2.878   68.53        42    2.869     1.67x   -0.64
QQN-L20     1.096926e-01      56      0.9902     0.8730    0.0000     1.358   24.26        56    1.350     1.25x   -0.70
QQN-Champion  1.096971e-01      59      0.9908     0.8730    0.0000     1.464   24.82        59    1.455     1.19x   -0.53
QQN-TRfix   1.097296e-01      66      0.9902     0.8780    0.0000     1.465   22.20        66    1.456     1.06x   -0.70
QQN-L50Endpt  1.097329e-01      57      0.9904     0.8760    0.0000     1.423   24.97        57    1.415     1.23x   -0.57
QQN-L50WS+  1.097329e-01      57      0.9904     0.8760    0.0000     1.404   24.63        57    1.394     1.23x   -0.57
QQN-L50TR2  1.097413e-01      46      0.9914     0.8730    0.0000     1.325   28.81        46    1.315     1.52x   -0.63
L-BFGS      1.097736e-01      70      0.9910     0.8750    0.0000     2.078   29.69        70    2.078     1.00x   -0.71
QQN-Orth    1.097762e-01      67      0.9908     0.8750    0.0037     1.478   22.05        67    1.468     1.04x   -0.72
QQN-L20HZ   1.098134e-01      61      0.9908     0.8750    0.0000     1.395   22.88        61    1.386     1.15x   -0.69
QQN-Box     1.098275e-01      64      0.9896     0.8730    0.0000     1.496   23.37        64    1.486     1.09x   -0.71
QQN-Sec     1.098956e-01     194      0.9882     0.8800    0.0000     2.752   14.18       194    2.742     0.36x   -0.71
QQN-L50TRfix  1.098992e-01      45      0.9914     0.8720    0.0000     1.265   28.11        45    1.256     1.56x   -0.62
QQN-Spln    1.099098e-01      63      0.9906     0.8760    0.0000     2.961   47.01        63    2.953     1.11x   -0.71
QQN-BTSpln  1.099098e-01      63      0.9906     0.8760    0.0000     3.067   48.68        63    3.059     1.11x   -0.71
QQN-L50WS   1.099653e-01      79      0.9894     0.8820    0.0000     1.698   21.50        79    1.689     0.89x   -0.67
QQN         1.099695e-01      62      0.9902     0.8730    0.0001     1.705   27.51        62    1.696     1.13x   -0.71
QQN-BT      1.099695e-01      62      0.9902     0.8730    0.0001     1.473   23.76        62    1.464     1.13x   -0.71
QQN-Fall    1.099695e-01      62      0.9902     0.8730    0.0001     1.406   22.68        62    1.397     1.13x   -0.71
QQN-And2    1.099715e-01     146      0.9880     0.8810    0.0000     2.447   16.76       146    2.436     0.48x   -0.79
QQN-TR2     1.099735e-01      65      0.9896     0.8750    0.0003     1.477   22.72        65    1.468     1.08x   -0.71
Adam        1.099943e-01     263      0.9898     0.8810    0.1824     0.530    2.01       263    0.530     0.27x   -0.82
QQN-L5      1.099973e-01      72      0.9910     0.8730    0.0001     1.541   21.40        72    1.532     0.97x   -0.72
QQN-SplnTR  1.099994e-01     268      0.9898     0.8720    0.0000     5.541   20.68       268    5.532     0.26x   -0.89
QQN-TR      1.132591e-01     500      0.9884     0.8690    0.0000     6.063   12.13         —        —         —   -0.91
QQN-Seq     1.176395e-01     500      0.9850     0.8740    0.0000     6.120   12.24         —        —         —   -0.90
QQN-L50SplnTR  1.270345e-01     500      0.9822     0.8790    0.0000     8.639   17.28         —        —         —   -0.87
QQN-Best    1.270345e-01     500      0.9822     0.8790    0.0000     8.475   16.95         —        —         —   -0.87
QQN-L50Sec  1.364077e-01     500      0.9758     0.8800    0.0000     6.745   13.49         —        —         —   -0.84
QQN-L50TR   1.364077e-01     500      0.9758     0.8800    0.0000     6.699   13.40         —        —         —   -0.84
QQN-L50TRcc  1.364077e-01     500      0.9758     0.8800    0.0000     6.664   13.33         —        —         —   -0.84
QQN-L100TR  1.364077e-01     500      0.9758     0.8800    0.0000     7.554   15.11         —        —         —   -0.84
QQN-L50BTTR  1.364077e-01     500      0.9758     0.8800    0.0000     6.599   13.20         —        —         —   -0.84
QQN-Mom01   1.370725e-01     500      0.9752     0.8870    0.0000     6.980   13.96         —        —         —   -0.70
QQN-Mom10   1.581884e-01     500      0.9652     0.8920    0.0000     5.977   11.95         —        —         —   -0.65
QQN-Mom50   2.265233e-01     500      0.9422     0.8900    0.0000     6.079   12.16         —        —         —   -0.53
SGD         2.266410e-01     500      0.9422     0.8900    0.0000     0.572    1.14         —        —         —   -0.53
QQN-Mom     3.418711e-01     500      0.9150     0.8740    0.0001     6.219   12.44         —        —         —   -0.33
QQN-SW      4.076765e-01     500      0.8832     0.8490    0.0000     7.611   15.22         —        —         —   -0.38
QQN-SW+TR   6.787649e-01     500      0.8292     0.7830    0.0000     7.832   15.66         —        —         —   -0.17
QQN-Sh      6.999669e-01       8      0.8288     0.7850    0.0000    15.947 1993.43         —        —         —   -0.03
QQN-TR025   1.461884e+00     500      0.8190     0.7740    0.0000     6.856   13.71         —        —         —    0.17

Pareto frontier (loss vs. time — non-dominated variants):
  Adam         loss=1.0999e-01  time=0.530s
  QQN-L50TRfix loss=1.0990e-01  time=1.265s
  QQN-L50      loss=1.0910e-01  time=1.284s
  QQN-Fast     loss=1.0904e-01  time=1.453s
  QQN-And      loss=1.0614e-01  time=2.936s

Iteration-efficiency leaderboard (target reached, fewest iters):
  QQN-L50Spln    iters=  42  time=2.753s  vs_LBFGS= 1.67x  final=1.0956e-01
  QQN-L100Spln   iters=  42  time=2.869s  vs_LBFGS= 1.67x  final=1.0956e-01
  QQN-L50TRfix   iters=  45  time=1.256s  vs_LBFGS= 1.56x  final=1.0990e-01
  QQN-L50        iters=  45  time=1.275s  vs_LBFGS= 1.56x  final=1.0910e-01
  QQN-L100       iters=  45  time=1.280s  vs_LBFGS= 1.56x  final=1.0910e-01
  QQN-L50And     iters=  45  time=1.361s  vs_LBFGS= 1.56x  final=1.0910e-01
  QQN-L50TR2     iters=  46  time=1.315s  vs_LBFGS= 1.52x  final=1.0974e-01
  QQN-L20        iters=  56  time=1.350s  vs_LBFGS= 1.25x  final=1.0969e-01
  QQN-L20Box     iters=  56  time=1.370s  vs_LBFGS= 1.25x  final=1.0938e-01
  QQN-L50WS+     iters=  57  time=1.394s  vs_LBFGS= 1.23x  final=1.0973e-01
  QQN-L50Endpt   iters=  57  time=1.415s  vs_LBFGS= 1.23x  final=1.0973e-01
  QQN-Fast       iters=  57  time=1.444s  vs_LBFGS= 1.23x  final=1.0904e-01

Trajectory-AUC leaderboard (lower = faster overall descent):
  QQN-TR         AUC=-0.911  final=1.1326e-01  time=6.063s
  QQN-Seq        AUC=-0.897  final=1.1764e-01  time=6.120s
  QQN-SplnTR     AUC=-0.893  final=1.1000e-01  time=5.541s
  QQN-L50SplnTR  AUC=-0.867  final=1.2703e-01  time=8.639s
  QQN-Best       AUC=-0.867  final=1.2703e-01  time=8.475s
  QQN-L50Sec     AUC=-0.841  final=1.3641e-01  time=6.745s
  QQN-L50TR      AUC=-0.841  final=1.3641e-01  time=6.699s
  QQN-L50TRcc    AUC=-0.841  final=1.3641e-01  time=6.664s
  QQN-L100TR     AUC=-0.841  final=1.3641e-01  time=7.554s
  QQN-L50BTTR    AUC=-0.841  final=1.3641e-01  time=6.599s
  Adam           AUC=-0.821  final=1.0999e-01  time=0.530s
  QQN-And        AUC=-0.811  final=1.0614e-01  time=2.936s

Convergence-rate profile (iteration first reaching each loss):
  optimizer      <=5.0e-01   <=2.0e-01   <=1.5e-01   <=1.2e-01
  QQN-L50Spln            7          20          27          36
  QQN-L100Spln           7          20          27          36
  QQN-L50And             7          21          29          38
  QQN-L50                7          21          29          38
  QQN-L100               7          21          29          38
  QQN-L50TRfix           7          22          31          40
  QQN-L50TR2             7          23          31          41
  QQN-L20                7          21          31          44
  QQN-L20Box             7          21          31          44
  QQN-L20HZ              7          23          33          48
  QQN                    7          22          33          49
  QQN-BT                 7          22          33          49
  QQN-Spln               7          23          34          49
  QQN-BTSpln             7          23          34          49
  QQN-Fall               7          22          33          49
  QQN-Box                7          22          33          49
  QQN-TR2                7          24          36          51
  QQN-Orth               7          23          35          51
  QQN-L50Endpt          12          34          42          51
  QQN-L50WS+            12          34          42          51
  QQN-Fast              12          34          42          51
  QQN-Champion          13          39          45          52
  QQN-TRfix              7          25          37          53
  QQN-SplnTR             6          26          37          54
  L-BFGS                 7          25          37          54
  QQN-L5                 7          25          37          55
  QQN-TR                 7          25          39          57
  QQN-Seq                7          25          39          58
  QQN-L50WS             11          35          48          65
  QQN-And2               7          33          49         102
  QQN-Sec               10          92         128         144
  QQN-And                8          38          70         147
  Adam                   8          42          77         167
  QQN-SW                 7           —           —           —
  QQN-L50SplnTR           6          22          31           —
  QQN-Mom              144           —           —           —
  QQN-L50Sec             7          23          32           —
  QQN-Mom50             29           —           —           —
  QQN-Mom10             15         250           —           —
  QQN-Mom01             17         186         351           —
  QQN-Sh                 —           —           —           —
  QQN-TR025              —           —           —           —
  QQN-SW+TR              —           —           —           —
  QQN-L50TR              7          23          32           —
  QQN-L50TRcc            7          23          32           —
  QQN-L100TR             7          23          32           —
  QQN-L50BTTR            7          23          32           —
  QQN-Best               6          22          31           —
  SGD                   30           —           —           —

Stall report (never reached the shared target):
  QQN-TR         final=1.1326e-01  iters=500  time=6.063s  [slow (no target in maxiter)]
  QQN-Seq        final=1.1764e-01  iters=500  time=6.120s  [slow (no target in maxiter)]
  QQN-L50SplnTR  final=1.2703e-01  iters=500  time=8.639s  [slow (no target in maxiter)]
  QQN-Best       final=1.2703e-01  iters=500  time=8.475s  [slow (no target in maxiter)]
  QQN-L50Sec     final=1.3641e-01  iters=500  time=6.745s  [slow (no target in maxiter)]
  QQN-L50TR      final=1.3641e-01  iters=500  time=6.699s  [slow (no target in maxiter)]
  QQN-L50TRcc    final=1.3641e-01  iters=500  time=6.664s  [slow (no target in maxiter)]
  QQN-L100TR     final=1.3641e-01  iters=500  time=7.554s  [slow (no target in maxiter)]
  QQN-L50BTTR    final=1.3641e-01  iters=500  time=6.599s  [slow (no target in maxiter)]
  QQN-Mom01      final=1.3707e-01  iters=500  time=6.980s  [slow (no target in maxiter)]
  QQN-Mom10      final=1.5819e-01  iters=500  time=5.977s  [slow (no target in maxiter)]
  QQN-Mom50      final=2.2652e-01  iters=500  time=6.079s  [slow (no target in maxiter)]
  SGD            final=2.2664e-01  iters=500  time=0.572s  [slow (no target in maxiter)]
  QQN-Mom        final=3.4187e-01  iters=500  time=6.219s  [slow (no target in maxiter)]
  QQN-SW         final=4.0768e-01  iters=500  time=7.611s  [slow (no target in maxiter)]
  QQN-SW+TR      final=6.7876e-01  iters=500  time=7.832s  [stalled (plateau)]
  QQN-Sh         final=6.9997e-01  iters=  8  time=15.947s  [time-budget exhausted]
  QQN-TR025      final=1.4619e+00  iters=500  time=6.856s  [stalled (plateau)]

Loss trajectory (log10, sampled):
  QQN        0.36  -0.27  -0.57  -0.68  -0.76  -0.83  -0.89  -0.92  -0.94  -0.96
  QQN-SW     0.36  -0.39  -0.39  -0.39  -0.39  -0.39  -0.39  -0.39  -0.39  -0.39
  QQN-BT     0.36  -0.27  -0.57  -0.68  -0.76  -0.83  -0.89  -0.92  -0.94  -0.96
  QQN-Spln   0.36  -0.36  -0.57  -0.68  -0.76  -0.84  -0.89  -0.92  -0.94  -0.96
  QQN-L50Spln   0.36  -0.12  -0.45  -0.57  -0.66  -0.76  -0.84  -0.89  -0.94  -0.96
  QQN-SplnTR   0.36  -0.75  -0.93  -0.96  -0.96  -0.96  -0.96  -0.96  -0.96  -0.96
  QQN-L50SplnTR   0.36  -0.89  -0.89  -0.89  -0.89  -0.89  -0.89  -0.89  -0.90  -0.90
  QQN-L100Spln   0.36  -0.12  -0.45  -0.57  -0.66  -0.76  -0.84  -0.89  -0.94  -0.96
  QQN-BTSpln   0.36  -0.36  -0.57  -0.68  -0.76  -0.84  -0.89  -0.92  -0.94  -0.96
  QQN-Mom    0.36  -0.14  -0.26  -0.32  -0.36  -0.39  -0.42  -0.44  -0.45  -0.47
  QQN-Sec    0.36  -0.50  -0.55  -0.65  -0.67  -0.78  -0.83  -0.93  -0.94  -0.96
  QQN-And    0.36  -0.60  -0.76  -0.82  -0.89  -0.90  -0.91  -0.93  -0.94  -0.97
  QQN-L50And   0.36  -0.16  -0.46  -0.59  -0.68  -0.77  -0.85  -0.90  -0.93  -0.96
  QQN-L50Sec   0.36  -0.87  -0.87  -0.87  -0.87  -0.87  -0.87  -0.87  -0.87  -0.87
  QQN-Mom50   0.36  -0.39  -0.48  -0.52  -0.56  -0.58  -0.60  -0.62  -0.63  -0.64
  QQN-Mom10   0.36  -0.48  -0.58  -0.64  -0.68  -0.71  -0.74  -0.76  -0.78  -0.80
  QQN-Mom01   0.36  -0.48  -0.58  -0.67  -0.74  -0.79  -0.81  -0.84  -0.85  -0.86
  QQN-Sh     0.36   0.36   0.10  -0.00  -0.04  -0.06  -0.09  -0.12  -0.13  -0.15
  QQN-L5     0.36  -0.41  -0.59  -0.70  -0.77  -0.85  -0.89  -0.92  -0.94  -0.96
  QQN-L20    0.36  -0.27  -0.54  -0.66  -0.76  -0.83  -0.88  -0.91  -0.94  -0.96
  QQN-L50    0.36  -0.16  -0.46  -0.59  -0.68  -0.77  -0.85  -0.90  -0.93  -0.96
  QQN-L100   0.36  -0.16  -0.46  -0.59  -0.68  -0.77  -0.85  -0.90  -0.93  -0.96
  QQN-Fall   0.36  -0.27  -0.57  -0.68  -0.76  -0.83  -0.89  -0.92  -0.94  -0.96
  QQN-Box    0.36  -0.39  -0.58  -0.70  -0.77  -0.84  -0.89  -0.92  -0.94  -0.96
  QQN-TR     0.36  -0.92  -0.95  -0.95  -0.95  -0.95  -0.95  -0.95  -0.95  -0.95
  QQN-TR025   0.36   0.16   0.16   0.16   0.16   0.16   0.16   0.16   0.16   0.16
  QQN-TR2    0.36  -0.38  -0.54  -0.67  -0.76  -0.84  -0.88  -0.92  -0.94  -0.96
  QQN-TRfix   0.36  -0.34  -0.54  -0.67  -0.75  -0.82  -0.88  -0.91  -0.94  -0.96
  QQN-Orth   0.36  -0.38  -0.57  -0.69  -0.77  -0.84  -0.89  -0.93  -0.94  -0.96
  QQN-Seq    0.36  -0.91  -0.93  -0.93  -0.93  -0.93  -0.93  -0.93  -0.93  -0.93
  QQN-SW+TR   0.36  -0.17  -0.17  -0.17  -0.17  -0.17  -0.17  -0.17  -0.17  -0.17
  QQN-L20HZ   0.36  -0.28  -0.51  -0.65  -0.76  -0.83  -0.88  -0.92  -0.94  -0.96
  QQN-L50TR   0.36  -0.87  -0.87  -0.87  -0.87  -0.87  -0.87  -0.87  -0.87  -0.87
  QQN-L50TRcc   0.36  -0.87  -0.87  -0.87  -0.87  -0.87  -0.87  -0.87  -0.87  -0.87
  QQN-And2   0.36  -0.54  -0.69  -0.80  -0.84  -0.88  -0.92  -0.95  -0.96  -0.96
  QQN-L100TR   0.36  -0.87  -0.87  -0.87  -0.87  -0.87  -0.87  -0.87  -0.87  -0.87
  QQN-L50TR2   0.36  -0.16  -0.44  -0.57  -0.66  -0.75  -0.81  -0.87  -0.91  -0.96
  QQN-L50BTTR   0.36  -0.87  -0.87  -0.87  -0.87  -0.87  -0.87  -0.87  -0.87  -0.87
  QQN-L50WS   0.36  -0.23  -0.50  -0.62  -0.71  -0.81  -0.85  -0.92  -0.94  -0.96
  QQN-L50Endpt   0.36  -0.16  -0.32  -0.46  -0.54  -0.66  -0.78  -0.86  -0.91  -0.96
  QQN-L50WS+   0.36  -0.16  -0.32  -0.46  -0.54  -0.66  -0.78  -0.86  -0.91  -0.96
  QQN-L50TRfix   0.36  -0.21  -0.42  -0.56  -0.67  -0.74  -0.82  -0.88  -0.92  -0.96
  QQN-Fast   0.36  -0.16  -0.32  -0.46  -0.54  -0.66  -0.78  -0.86  -0.91  -0.96
  QQN-Best   0.36  -0.89  -0.89  -0.89  -0.89  -0.89  -0.89  -0.89  -0.90  -0.90
  QQN-Champion   0.36  -0.00  -0.31  -0.44  -0.49  -0.57  -0.71  -0.83  -0.93  -0.96
  QQN-L20Box   0.36  -0.27  -0.54  -0.66  -0.76  -0.83  -0.88  -0.92  -0.94  -0.96
  SGD        0.36  -0.39  -0.48  -0.52  -0.56  -0.58  -0.60  -0.62  -0.63  -0.64
  Adam       0.36  -0.59  -0.78  -0.84  -0.88  -0.91  -0.93  -0.94  -0.95  -0.96
  L-BFGS     0.36  -0.35  -0.56  -0.67  -0.77  -0.83  -0.89  -0.92  -0.94  -0.96

A/B controlled comparisons (vs first column = baseline):
  [oracle: L-BFGS history]
    QQN-L5      iters= 72 (Δ+0)  loss=1.100e-01  time=1.541s (Δ+0.000) (baseline)
    QQN         iters= 62 (Δ-10)  loss=1.100e-01  time=1.705s (Δ+0.164)
    QQN-L20     iters= 56 (Δ-16)  loss=1.097e-01  time=1.358s (Δ-0.183)
    QQN-L50     iters= 45 (Δ-27)  loss=1.091e-01  time=1.284s (Δ-0.257)
    QQN-L100    iters= 45 (Δ-27)  loss=1.091e-01  time=1.288s (Δ-0.253)
  [oracle: momentum beta]
    QQN-Mom01   iters=500 (Δ+0)  loss=1.371e-01  time=6.980s (Δ+0.000) (baseline)
    QQN-Mom10   iters=500 (Δ+0)  loss=1.582e-01  time=5.977s (Δ-1.002)
    QQN-Mom50   iters=500 (Δ+0)  loss=2.265e-01  time=6.079s (Δ-0.901)
    QQN-Mom     iters=500 (Δ+0)  loss=3.419e-01  time=6.219s (Δ-0.761)
  [oracle: accelerator class (Mom vs Shampoo)]
    QQN-Mom10   iters=500 (Δ+0)  loss=1.582e-01  time=5.977s (Δ+0.000) (baseline)
    QQN-Sh      iters=  8 (Δ-492)  loss=7.000e-01  time=15.947s (Δ+9.970)
  [region: trust radius]
    QQN-TR025   iters=500 (Δ+0)  loss=1.462e+00  time=6.856s (Δ+0.000) (baseline)
    QQN-TR      iters=500 (Δ+0)  loss=1.133e-01  time=6.063s (Δ-0.792)
    QQN-TR2     iters= 65 (Δ-435)  loss=1.100e-01  time=1.477s (Δ-5.379)
  [region: trust adaptivity]
    QQN-TRfix   iters= 66 (Δ+0)  loss=1.097e-01  time=1.465s (Δ+0.000) (baseline)
    QQN-TR      iters=500 (Δ+434)  loss=1.133e-01  time=6.063s (Δ+4.598)
  [region: combinator (Sequential box+TR)]
    QQN-TR      iters=500 (Δ+0)  loss=1.133e-01  time=6.063s (Δ+0.000) (baseline)
    QQN-Box     iters= 64 (Δ-436)  loss=1.098e-01  time=1.496s (Δ-4.568)
    QQN-Seq     iters=500 (Δ+0)  loss=1.176e-01  time=6.120s (Δ+0.057)
  [search: line search (oracle=L-BFGS-10)]
    QQN         iters= 62 (Δ+0)  loss=1.100e-01  time=1.705s (Δ+0.000) (baseline)
    QQN-BT      iters= 62 (Δ+0)  loss=1.100e-01  time=1.473s (Δ-0.232)
    QQN-SW      iters=500 (Δ+438)  loss=4.077e-01  time=7.611s (Δ+5.906)
    QQN-Spln    iters= 63 (Δ+1)  loss=1.099e-01  time=2.961s (Δ+1.256)
  [spline: best-of-breed refinement]
    QQN-Spln    iters= 63 (Δ+0)  loss=1.099e-01  time=2.961s (Δ+0.000) (baseline)
    QQN-BTSpln  iters= 63 (Δ+0)  loss=1.099e-01  time=3.067s (Δ+0.106)
    QQN-L50Spln iters= 42 (Δ-21)  loss=1.096e-01  time=2.761s (Δ-0.200)
    QQN-L100Spln iters= 42 (Δ-21)  loss=1.096e-01  time=2.878s (Δ-0.083)
    QQN-SplnTR  iters=268 (Δ+205)  loss=1.100e-01  time=5.541s (Δ+2.580)
    QQN-L50SplnTR iters=500 (Δ+437)  loss=1.270e-01  time=8.639s (Δ+5.677)
  [best-of-breed: L50 region (adaptive vs fixed)]
    QQN-L50     iters= 45 (Δ+0)  loss=1.091e-01  time=1.284s (Δ+0.000) (baseline)
    QQN-L50TR   iters=500 (Δ+455)  loss=1.364e-01  time=6.699s (Δ+5.414)
    QQN-L50TRfix iters= 45 (Δ+0)  loss=1.099e-01  time=1.265s (Δ-0.019)
    QQN-L50TR2  iters= 46 (Δ+1)  loss=1.097e-01  time=1.325s (Δ+0.041)
    QQN-L50BTTR iters=500 (Δ+455)  loss=1.364e-01  time=6.599s (Δ+5.315)
  [best-of-breed: L100 combos]
    QQN-L100    iters= 45 (Δ+0)  loss=1.091e-01  time=1.288s (Δ+0.000) (baseline)
    QQN-L100TR  iters=500 (Δ+455)  loss=1.364e-01  time=7.554s (Δ+6.265)
  [performance: warm-start (fixed TR, the robust speed lever)]
    QQN-L50BTTR iters=500 (Δ+0)  loss=1.364e-01  time=6.599s (Δ+0.000) (baseline)
    QQN-L50WS+  iters= 57 (Δ-443)  loss=1.097e-01  time=1.404s (Δ-5.195)
    QQN-L50WS   iters= 79 (Δ-421)  loss=1.100e-01  time=1.698s (Δ-4.901)
  [performance: endpoint / fixed-TR robustness]
    QQN-L50TRfix iters= 45 (Δ+0)  loss=1.099e-01  time=1.265s (Δ+0.000) (baseline)
    QQN-L50Endpt iters= 57 (Δ+12)  loss=1.097e-01  time=1.423s (Δ+0.158)
  [champion: diversity-preserving best stack]
    QQN-L50BTTR iters=500 (Δ+0)  loss=1.364e-01  time=6.599s (Δ+0.000) (baseline)
    QQN-L50TRfix iters= 45 (Δ-455)  loss=1.099e-01  time=1.265s (Δ-5.334)
    QQN-Fast    iters= 57 (Δ-443)  loss=1.090e-01  time=1.453s (Δ-5.146)
    QQN-Champion iters= 59 (Δ-441)  loss=1.097e-01  time=1.464s (Δ-5.135)
  [best-of-breed: full stack]
    QQN-L50BTTR iters=500 (Δ+0)  loss=1.364e-01  time=6.599s (Δ+0.000) (baseline)
    QQN-L50SplnTR iters=500 (Δ+0)  loss=1.270e-01  time=8.639s (Δ+2.040)
    QQN-Best    iters=500 (Δ+0)  loss=1.270e-01  time=8.475s (Δ+1.876)

[plot] Saved convergence plot to mnist_comparison.png
[plot] Saved time-based convergence plot to mnist_comparison_time.png
