=== 4-layer ReLU MLP comparison: QQN vs SGD vs Adam vs L-BFGS ===
    dataset=fashion_mnist  hidden_sizes=[256, 256, 256]  arch=x->256->256->256->10  activation=tanh,gelu,tanh  (non-convex objective)
  classes=10  n_train=25000  n_test=5000  maxiter=1000000

  shared stop: f_target=4.0e-02  gtol=1.0e-08  time_budget=150.0s

[data] Loaded fashion_mnist via tensorflow.keras.
  model parameters: 335114

optimizer       final_loss   iters   train_acc   test_acc   time(s)   ms/it  ->target   t->tgt  vs LBFGS    evals     AUC
----------------------------------------------------------------------------------------------------------------------------------
QQN-Fast      3.989898e-02     807      1.0000     0.8594    37.008   45.86       807   36.982     1.00x     4035   -0.90
QQN-L80-BT    3.992610e-02     696      1.0000     0.8632    29.756   42.75       696   29.730     1.16x     3480   -0.92
QQN-Champ     3.992610e-02     696      1.0000     0.8632    30.387   43.66       696   30.361     1.16x     3480   -0.92
QQN-Lean      3.992610e-02     696      1.0000     0.8632    29.902   42.96       696   29.876     1.16x     3480   -0.92
QQN-L50       3.994220e-02     522      1.0000     0.8682    21.833   41.83       522   21.808     1.55x     2610   -0.93
QQN-L50And    3.994220e-02     522      1.0000     0.8682    22.461   43.03       522   22.436     1.55x     2610   -0.93
QQN-L80       3.994996e-02     460      1.0000     0.8664    19.987   43.45       460   19.961     1.76x     2300   -0.90
QQN-L80And    3.994996e-02     460      1.0000     0.8664    20.948   45.54       460   20.923     1.76x     2300   -0.90
QQN-Max       3.995735e-02     807      1.0000     0.8624    37.586   46.57       807   37.559     1.00x     4035   -0.90
QQN-L20       3.995848e-02     673      1.0000     0.8622    26.531   39.42       673   26.506     1.20x     3365   -0.94
QQN           3.996171e-02     851      1.0000     0.8600    32.086   37.70       851   32.061     0.95x     4255   -0.95
QQN-BT        3.996171e-02     851      1.0000     0.8600    35.989   42.29       851   35.963     0.95x     4255   -0.95
QQN-Box       3.996171e-02     851      1.0000     0.8600    32.358   38.02       851   32.331     0.95x     4255   -0.95
QQN-L120      3.996187e-02     439      1.0000     0.8664    19.735   44.95       439   19.707     1.85x     2195   -0.88
L-BFGS        3.997707e-02     810      1.0000     0.8654    22.592   27.89       810   22.592     1.00x     2430   -0.94
QQN-Cheap     3.998242e-02     814      1.0000     0.8596    36.306   44.60       814   36.280     1.00x     4070   -0.91
QQN-TR        3.999485e-02    1088      1.0000     0.8688    40.848   37.54      1088   40.823     0.74x     5440   -0.97
Adam          1.160707e-01   15851      0.9960     0.8538   150.006    9.46         —        —         —        —   -0.63
QQN-L50P      1.387367e-01     714      0.9642     0.8678   150.053  210.16         —        —         —        —   -0.71
SGD           1.867072e-01   16334      0.9478     0.8654   150.006    9.18         —        —         —        —   -0.57
QQN-Sec       1.948329e-01    3246      0.9520     0.8630   150.099   46.24         —        —         —        —   -0.57
QQN-Mom       2.164872e-01    2218      0.9438     0.8640   150.150   67.70         —        —         —        —   -0.55
QQN-Mom-S     2.687079e-01    1220      0.9226     0.8636   150.041  122.98         —        —         —        —   -0.48
QQN-Mom-S-BT  2.687622e-01    1218      0.9227     0.8634   150.075  123.21         —        —         —        —   -0.48
QQN-And       2.939862e-01    2268      0.9125     0.8656   150.038   66.15         —        —         —        —   -0.44
QQN-S         1.977600e+00     635      0.3332     0.3202   150.192  236.52         —        —         —        —    0.30
QQN-BT-S      1.977600e+00    1067      0.3332     0.3202   150.133  140.71         —        —         —        —    0.30
QQN-MaxS      1.977600e+00     472      0.3332     0.3202   150.159  318.13         —        —         —        —    0.30
QQN-Smooth    1.977600e+00     637      0.3332     0.3202   150.115  235.66         —        —         —        —    0.30

Pareto frontier (loss vs. time — non-dominated variants):
  QQN-L120     loss=3.9962e-02  time=19.735s
  QQN-L80      loss=3.9950e-02  time=19.987s
  QQN-L50      loss=3.9942e-02  time=21.833s
  QQN-L80-BT   loss=3.9926e-02  time=29.756s
  QQN-Fast     loss=3.9899e-02  time=37.008s

Iteration-efficiency leaderboard (target reached, fewest iters):
  QQN-L120       iters= 439  time=19.707s  vs_LBFGS= 1.85x  final=3.9962e-02
  QQN-L80        iters= 460  time=19.961s  vs_LBFGS= 1.76x  final=3.9950e-02
  QQN-L80And     iters= 460  time=20.923s  vs_LBFGS= 1.76x  final=3.9950e-02
  QQN-L50        iters= 522  time=21.808s  vs_LBFGS= 1.55x  final=3.9942e-02
  QQN-L50And     iters= 522  time=22.436s  vs_LBFGS= 1.55x  final=3.9942e-02
  QQN-L20        iters= 673  time=26.506s  vs_LBFGS= 1.20x  final=3.9958e-02
  QQN-L80-BT     iters= 696  time=29.730s  vs_LBFGS= 1.16x  final=3.9926e-02
  QQN-Lean       iters= 696  time=29.876s  vs_LBFGS= 1.16x  final=3.9926e-02
  QQN-Champ      iters= 696  time=30.361s  vs_LBFGS= 1.16x  final=3.9926e-02
  QQN-Fast       iters= 807  time=36.982s  vs_LBFGS= 1.00x  final=3.9899e-02
  QQN-Max        iters= 807  time=37.559s  vs_LBFGS= 1.00x  final=3.9957e-02
  L-BFGS         iters= 810  time=22.592s  vs_LBFGS= 1.00x  final=3.9977e-02

Cost-aware leaderboard (estimated function/grad evals to target):
  QQN-L120       evals~ 2195  (=5.0/it x 439 it)  vs_LBFGS= 1.11x  final=3.9962e-02
  QQN-L80        evals~ 2300  (=5.0/it x 460 it)  vs_LBFGS= 1.06x  final=3.9950e-02
  QQN-L80And     evals~ 2300  (=5.0/it x 460 it)  vs_LBFGS= 1.06x  final=3.9950e-02
  L-BFGS         evals~ 2430  (=3.0/it x 810 it)  vs_LBFGS= 1.00x  final=3.9977e-02
  QQN-L50        evals~ 2610  (=5.0/it x 522 it)  vs_LBFGS= 0.93x  final=3.9942e-02
  QQN-L50And     evals~ 2610  (=5.0/it x 522 it)  vs_LBFGS= 0.93x  final=3.9942e-02
  QQN-L20        evals~ 3365  (=5.0/it x 673 it)  vs_LBFGS= 0.72x  final=3.9958e-02
  QQN-L80-BT     evals~ 3480  (=5.0/it x 696 it)  vs_LBFGS= 0.70x  final=3.9926e-02
  QQN-Champ      evals~ 3480  (=5.0/it x 696 it)  vs_LBFGS= 0.70x  final=3.9926e-02
  QQN-Lean       evals~ 3480  (=5.0/it x 696 it)  vs_LBFGS= 0.70x  final=3.9926e-02
  QQN-Fast       evals~ 4035  (=5.0/it x 807 it)  vs_LBFGS= 0.60x  final=3.9899e-02
  QQN-Max        evals~ 4035  (=5.0/it x 807 it)  vs_LBFGS= 0.60x  final=3.9957e-02

Target-sensitivity profile (iterations to reach each loss target):
  optimizer         <=2.00e-01    <=1.50e-01    <=1.00e-01    <=8.00e-02    <=6.00e-02
  QQN-L120                 154           189           230           259           316
  QQN-L80                  154           188           233           262           323
  QQN-L80And               154           188           233           262           323
  QQN-L50                  157           192           239           273           360
  QQN-L50And               157           192           239           273           360
  QQN-L80-BT               221           272           341           386           495
  QQN-Champ                221           272           341           386           495
  QQN-Lean                 221           272           341           386           495
  QQN-L20                  186           237           303           367           504
  QQN-Cheap                266           332           409           465           581
  QQN-Fast                 273           342           422           476           581
  QQN-Max                  265           332           408           460           595
  L-BFGS                   223           280           360           435           604
  QQN                      230           292           384           453           627
  QQN-BT                   230           292           384           453           627
  QQN-Box                  230           292           384           453           627
  QQN-TR                   234           307           504           638           814
  QQN-S                      —             —             —             —             —
  QQN-BT-S                   —             —             —             —             —
  QQN-L50P                 227           303             —             —             —
  QQN-Mom                    —             —             —             —             —
  QQN-Mom-S                  —             —             —             —             —
  QQN-Mom-S-BT               —             —             —             —             —
  QQN-Sec                 3012             —             —             —             —
  QQN-And                    —             —             —             —             —
  QQN-MaxS                   —             —             —             —             —
  QQN-Smooth                 —             —             —             —             —
  SGD                    11918             —             —             —             —
  Adam                     661          1432          4267             —             —

  vs-LBFGS speedup stability across targets (QQN-L50):
    <= 2.00e-01:  1.42x  (QQN-L50=157, LBFGS=223)
    <= 1.50e-01:  1.46x  (QQN-L50=192, LBFGS=280)
    <= 1.00e-01:  1.51x  (QQN-L50=239, LBFGS=360)
    <= 8.00e-02:  1.59x  (QQN-L50=273, LBFGS=435)
    <= 6.00e-02:  1.68x  (QQN-L50=360, LBFGS=604)

  vs-LBFGS speedup stability across targets (QQN-L80):
    <= 2.00e-01:  1.45x  (QQN-L80=154, LBFGS=223)
    <= 1.50e-01:  1.49x  (QQN-L80=188, LBFGS=280)
    <= 1.00e-01:  1.55x  (QQN-L80=233, LBFGS=360)
    <= 8.00e-02:  1.66x  (QQN-L80=262, LBFGS=435)
    <= 6.00e-02:  1.87x  (QQN-L80=323, LBFGS=604)

  vs-LBFGS speedup stability across targets (QQN-L120):
    <= 2.00e-01:  1.45x  (QQN-L120=154, LBFGS=223)
    <= 1.50e-01:  1.48x  (QQN-L120=189, LBFGS=280)
    <= 1.00e-01:  1.57x  (QQN-L120=230, LBFGS=360)
    <= 8.00e-02:  1.68x  (QQN-L120=259, LBFGS=435)
    <= 6.00e-02:  1.91x  (QQN-L120=316, LBFGS=604)

  vs-LBFGS speedup stability across targets (QQN-Cheap):
    <= 2.00e-01:  0.84x  (QQN-Cheap=266, LBFGS=223)
    <= 1.50e-01:  0.84x  (QQN-Cheap=332, LBFGS=280)
    <= 1.00e-01:  0.88x  (QQN-Cheap=409, LBFGS=360)
    <= 8.00e-02:  0.94x  (QQN-Cheap=465, LBFGS=435)
    <= 6.00e-02:  1.04x  (QQN-Cheap=581, LBFGS=604)

  vs-LBFGS speedup stability across targets (QQN-Lean):
    <= 2.00e-01:  1.01x  (QQN-Lean=221, LBFGS=223)
    <= 1.50e-01:  1.03x  (QQN-Lean=272, LBFGS=280)
    <= 1.00e-01:  1.06x  (QQN-Lean=341, LBFGS=360)
    <= 8.00e-02:  1.13x  (QQN-Lean=386, LBFGS=435)
    <= 6.00e-02:  1.22x  (QQN-Lean=495, LBFGS=604)

  vs-LBFGS speedup stability across targets (QQN-Champ):
    <= 2.00e-01:  1.01x  (QQN-Champ=221, LBFGS=223)
    <= 1.50e-01:  1.03x  (QQN-Champ=272, LBFGS=280)
    <= 1.00e-01:  1.06x  (QQN-Champ=341, LBFGS=360)
    <= 8.00e-02:  1.13x  (QQN-Champ=386, LBFGS=435)
    <= 6.00e-02:  1.22x  (QQN-Champ=495, LBFGS=604)

Convergence-rate profile (iteration first reaching each loss):
  optimizer      <=1.0e+00   <=5.0e-01   <=2.0e-01   <=1.0e-01
  QQN-L120               8          35         154         230
  QQN-L80                8          35         154         233
  QQN-L80And             8          35         154         233
  QQN-L50                8          35         157         239
  QQN-L50And             8          35         157         239
  QQN-L20                8          36         186         303
  QQN-L80-BT             8          43         221         341
  QQN-Champ              8          43         221         341
  QQN-Lean               8          43         221         341
  L-BFGS                 6          35         223         360
  QQN                    8          39         230         384
  QQN-BT                 8          39         230         384
  QQN-Box                8          39         230         384
  QQN-Max                9          47         265         408
  QQN-Cheap              9          47         266         409
  QQN-Fast               8          49         273         422
  QQN-TR                 6          35         234         504
  Adam                  22          75         661        4267
  QQN-S                  —           —           —           —
  QQN-BT-S               —           —           —           —
  QQN-L50P              16          50         227           —
  QQN-Mom                8          47           —           —
  QQN-Mom-S              6          51           —           —
  QQN-Mom-S-BT           6          51           —           —
  QQN-Sec               10          69        3012           —
  QQN-And                8          99           —           —
  QQN-MaxS               —           —           —           —
  QQN-Smooth             —           —           —           —
  SGD                   50         525       11918           —

Inter-milestone cost breakdown (Δtime[s] / Δevals between consecutive milestones):
  optimizer         start->1.0e+00    1.0e+00->5.0e-01    5.0e-01->2.0e-01    2.0e-01->1.0e-01
  QQN-L80                 2.882/40           1.006/135           4.549/595           2.921/395
  QQN-L50                 2.994/40           0.956/135           4.533/610           3.002/410
  QQN-L120                2.997/40           1.067/135           4.583/595           2.917/380
  QQN-L50And              3.072/40           1.015/135           4.515/610           3.092/410
  QQN-L80And              3.114/40           1.024/135           4.584/595           3.123/395
  QQN-L20                 2.924/40           0.954/140           5.141/750           4.399/585
  L-BFGS                  7.947/18            0.464/87           3.335/564           2.397/411
  QQN-Lean                3.002/40           1.349/175           6.700/890           4.616/600
  QQN-L80-BT              3.052/40           1.330/175           6.733/890           4.636/600
  QQN-Champ               3.142/40           1.350/175           6.619/890           4.663/600
  QQN                     3.069/40           1.062/155           6.510/955           5.275/770
  QQN-Box                 2.973/40           1.085/155           6.590/955           5.354/770
  QQN-BT                  2.951/40           1.130/155           7.334/955           5.634/770
  QQN-Cheap               3.100/45           1.542/190          8.832/1095           5.923/715
  QQN-Max                 3.032/45           1.616/190          9.217/1090           6.353/715
  QQN-TR                  2.888/30           1.032/145           6.980/995          9.352/1350
  QQN-Fast                3.018/40           1.633/205         10.056/1120           6.413/745
  Adam                    1.850/22            0.451/53           5.248/586         34.816/3606
  QQN-S                          —                   —                   —                   —
  QQN-BT-S                       —                   —                   —                   —
  QQN-L50P                4.273/80           3.567/170          19.156/885                   —
  QQN-Mom                 2.856/40           1.366/195                   —                   —
  QQN-Mom-S               7.835/42           4.339/315                   —                   —
  QQN-Mom-S-BT            7.913/42           4.409/315                   —                   —
  QQN-Sec                 2.932/50           2.388/295       133.925/14715                   —
  QQN-And                 2.970/40           4.191/455                   —                   —
  QQN-MaxS                       —                   —                   —                   —
  QQN-Smooth                     —                   —                   —                   —
  SGD                     2.066/50           4.092/475       103.492/11393                   —

Convergence-rate profile (wall-clock seconds first reaching each loss):
  optimizer      <=1.0e+00   <=5.0e-01   <=2.0e-01   <=1.0e-01
  QQN-L80            2.882       3.887       8.436      11.357
  QQN-L50            2.994       3.950       8.482      11.484
  QQN-L120           2.997       4.063       8.647      11.563
  QQN-L50And         3.072       4.087       8.602      11.694
  QQN-L80And         3.114       4.138       8.723      11.845
  QQN-L20            2.924       3.878       9.019      13.418
  L-BFGS             7.947       8.410      11.745      14.142
  QQN-Lean           3.002       4.351      11.051      15.667
  QQN-L80-BT         3.052       4.382      11.115      15.751
  QQN-Champ          3.142       4.491      11.110      15.773
  QQN                3.069       4.131      10.641      15.915
  QQN-Box            2.973       4.057      10.648      16.002
  QQN-BT             2.951       4.081      11.415      17.049
  QQN-Cheap          3.100       4.642      13.474      19.397
  QQN-Max            3.032       4.648      13.865      20.217
  QQN-TR             2.888       3.920      10.901      20.253
  QQN-Fast           3.018       4.652      14.707      21.120
  Adam               1.850       2.302       7.550      42.366
  QQN-S                  —           —           —           —
  QQN-BT-S               —           —           —           —
  QQN-L50P           4.273       7.840      26.996           —
  QQN-Mom            2.856       4.222           —           —
  QQN-Mom-S          7.835      12.174           —           —
  QQN-Mom-S-BT       7.913      12.321           —           —
  QQN-Sec            2.932       5.320     139.245           —
  QQN-And            2.970       7.161           —           —
  QQN-MaxS               —           —           —           —
  QQN-Smooth             —           —           —           —
  SGD                2.066       6.158     109.650           —

Convergence-rate profile (estimated function/grad evals first reaching each loss):
  optimizer      <=1.0e+00   <=5.0e-01   <=2.0e-01   <=1.0e-01
  L-BFGS                18         105         669        1080
  QQN-L120              40         175         770        1150
  QQN-L80               40         175         770        1165
  QQN-L80And            40         175         770        1165
  QQN-L50               40         175         785        1195
  QQN-L50And            40         175         785        1195
  QQN-L20               40         180         930        1515
  QQN-L80-BT            40         215        1105        1705
  QQN-Champ             40         215        1105        1705
  QQN-Lean              40         215        1105        1705
  QQN                   40         195        1150        1920
  QQN-BT                40         195        1150        1920
  QQN-Box               40         195        1150        1920
  QQN-Max               45         235        1325        2040
  QQN-Cheap             45         235        1330        2045
  QQN-Fast              40         245        1365        2110
  QQN-TR                30         175        1170        2520
  Adam                  22          75         661        4267
  QQN-S                  —           —           —           —
  QQN-BT-S               —           —           —           —
  QQN-L50P              80         250        1135           —
  QQN-Mom               40         235           —           —
  QQN-Mom-S             42         357           —           —
  QQN-Mom-S-BT          42         357           —           —
  QQN-Sec               50         345       15060           —
  QQN-And               40         495           —           —
  QQN-MaxS               —           —           —           —
  QQN-Smooth             —           —           —           —
  SGD                   50         525       11918           —

Stall report (never reached the shared target):
  Adam           final=1.1607e-01  iters=15851  time=150.006s  [time-budget exhausted]
  QQN-L50P       final=1.3874e-01  iters=714  time=150.053s  [time-budget exhausted]
  SGD            final=1.8671e-01  iters=16334  time=150.006s  [time-budget exhausted]
  QQN-Sec        final=1.9483e-01  iters=3246  time=150.099s  [time-budget exhausted]
  QQN-Mom        final=2.1649e-01  iters=2218  time=150.150s  [time-budget exhausted]
  QQN-Mom-S      final=2.6871e-01  iters=1220  time=150.041s  [time-budget exhausted]
  QQN-Mom-S-BT   final=2.6876e-01  iters=1218  time=150.075s  [time-budget exhausted]
  QQN-And        final=2.9399e-01  iters=2268  time=150.038s  [time-budget exhausted]
  QQN-S          final=1.9776e+00  iters=635  time=150.192s  [time-budget exhausted]
  QQN-BT-S       final=1.9776e+00  iters=1067  time=150.133s  [time-budget exhausted]
  QQN-MaxS       final=1.9776e+00  iters=472  time=150.159s  [time-budget exhausted]
  QQN-Smooth     final=1.9776e+00  iters=637  time=150.115s  [time-budget exhausted]

Loss trajectory (log10, sampled):
  QQN          0.38  -0.45  -0.63  -0.81  -0.99  -1.11  -1.17  -1.25  -1.33  -1.40
  QQN-S        0.38   0.30   0.30   0.30   0.30   0.30   0.30   0.30   0.30   0.30
  QQN-BT       0.38  -0.45  -0.63  -0.81  -0.99  -1.11  -1.17  -1.25  -1.33  -1.40
  QQN-BT-S     0.38   0.30   0.30   0.30   0.30   0.30   0.30   0.30   0.30   0.30
  QQN-L20      0.38  -0.43  -0.61  -0.79  -0.99  -1.10  -1.16  -1.24  -1.33  -1.40
  QQN-L50      0.38  -0.40  -0.58  -0.76  -0.98  -1.13  -1.21  -1.27  -1.34  -1.40
  QQN-L50P     0.38  -0.40  -0.55  -0.71  -0.84  -0.86  -0.86  -0.86  -0.86  -0.86
  QQN-L80      0.38  -0.38  -0.54  -0.70  -0.89  -1.08  -1.20  -1.27  -1.33  -1.40
  QQN-Cheap    0.38  -0.41  -0.55  -0.71  -0.89  -1.07  -1.20  -1.27  -1.33  -1.40
  QQN-L120     0.38  -0.36  -0.52  -0.67  -0.85  -1.05  -1.18  -1.26  -1.33  -1.40
  QQN-L80And   0.38  -0.38  -0.54  -0.70  -0.89  -1.08  -1.20  -1.27  -1.33  -1.40
  QQN-L80-BT   0.38  -0.41  -0.58  -0.73  -0.93  -1.10  -1.19  -1.26  -1.33  -1.40
  QQN-Mom      0.38  -0.44  -0.49  -0.53  -0.56  -0.59  -0.61  -0.63  -0.65  -0.66
  QQN-Mom-S    0.38  -0.38  -0.43  -0.46  -0.49  -0.51  -0.53  -0.54  -0.56  -0.57
  QQN-Mom-S-BT   0.38  -0.38  -0.43  -0.46  -0.49  -0.51  -0.53  -0.55  -0.56  -0.57
  QQN-Sec      0.38  -0.40  -0.49  -0.54  -0.56  -0.64  -0.65  -0.68  -0.69  -0.71
  QQN-And      0.38  -0.35  -0.40  -0.43  -0.45  -0.47  -0.49  -0.50  -0.52  -0.53
  QQN-L50And   0.38  -0.40  -0.58  -0.76  -0.98  -1.13  -1.21  -1.27  -1.34  -1.40
  QQN-TR       0.38  -0.50  -0.71  -0.88  -0.98  -1.08  -1.16  -1.24  -1.34  -1.40
  QQN-Fast     0.38  -0.41  -0.55  -0.69  -0.86  -1.05  -1.18  -1.26  -1.34  -1.40
  QQN-Max      0.38  -0.40  -0.56  -0.71  -0.87  -1.08  -1.18  -1.25  -1.32  -1.40
  QQN-MaxS     0.38   0.30   0.30   0.30   0.30   0.30   0.30   0.30   0.30   0.30
  QQN-Champ    0.38  -0.41  -0.58  -0.73  -0.93  -1.10  -1.19  -1.26  -1.33  -1.40
  QQN-Box      0.38  -0.45  -0.63  -0.81  -0.99  -1.11  -1.17  -1.25  -1.33  -1.40
  QQN-Lean     0.38  -0.41  -0.58  -0.73  -0.93  -1.10  -1.19  -1.26  -1.33  -1.40
  QQN-Smooth   0.38   0.30   0.30   0.30   0.30   0.30   0.30   0.30   0.30   0.30
  SGD          0.38  -0.39  -0.46  -0.52  -0.59  -0.58  -0.66  -0.62  -0.74  -0.73
  Adam         0.38  -0.63  -0.60  -0.78  -0.81  -0.66  -0.68  -0.70  -0.67  -0.94
  L-BFGS       0.38  -0.44  -0.61  -0.80  -1.00  -1.10  -1.16  -1.25  -1.33  -1.40

[plot] Saved vs_iter convergence plot to results/fashion_mnist_mlp_comparison_vs_iter_20260623-003310.png
[plot] Saved vs_time convergence plot to results/fashion_mnist_mlp_comparison_vs_time_20260623-003310.png
