# variant: comparison_act_rolling_atan2
# report:  fashion_mnist_mlp_comparison
# desc:    Activation sweep (comparison): rolling_atan2 on fashion_mnist_mlp_comparison with uniform sweep params.
# started: 2026-07-16T01:44:20.286Z
# command: N_TRAIN="8000" N_TEST="2000" HIDDEN="128" DEPTH="2" TIME_BUDGET="45" F_TARGET="0.01" DATASET="fashion_mnist" ACTIVATION="rolling_atan2" python3 examples/fashion_mnist_mlp_comparison.py
------------------------------------------------------------------------
An NVIDIA GPU may be present on this machine, but a CUDA-enabled jaxlib is not installed. Falling back to cpu.
=== 3-layer MLP comparison: QQN vs SGD vs Adam vs L-BFGS ===
    dataset=fashion_mnist  hidden_sizes=[128, 128]  arch=x->128->128->10  activation=rolling_atan2  (non-convex objective)
  classes=10  n_train=8000  n_test=2000  maxiter=1000000

  shared stop: f_target=1.0e-02  gtol=1.0e-08  time_budget=45.0s

[data] Loaded fashion_mnist via tensorflow.keras.
  l2=1.0e-04  sgd_lr=0.05  adam_lr=0.01  seed=42
  n_classes=10  subset_seed=0
  milestones=(1.0, 0.5, 0.2, 0.1)  target_profile=(0.2, 0.1, 0.06, 0.04, 0.02)

  model parameters: 118282

optimizer       final_loss   iters   train_acc   test_acc   time(s)   ms/it  ->target   t->tgt  vs LBFGS    evals     AUC
----------------------------------------------------------------------------------------------------------------------------------
QQN-Temp      2.024360e-01    1639      0.9491     0.8250    45.021   27.47         —        —         —        —   -0.22
Adam          1.631591e+00    1750      0.6260     0.6335    45.025   25.73         —        —         —        —    0.38
QQN           1.657560e+00      98      0.3598     0.3720    45.040  459.59         —        —         —        —    0.26
L-BFGS        1.940242e+00     128      0.3260     0.3320    45.014  351.67         —        —         —        —    0.31
QQN-PathMom   2.153130e+00      79      0.2346     0.2285    45.515  576.13         —        —         —        —    0.34
QQN-Adam      2.467611e+00      90      0.1461     0.1555    45.325  503.61         —        —         —        —    0.40

Pareto frontier (loss vs. time — non-dominated variants):
  L-BFGS       loss=1.9402e+00  time=45.014s
  QQN-Temp     loss=2.0244e-01  time=45.021s

Iteration-efficiency leaderboard (target reached, fewest iters):

Cost-aware leaderboard (estimated function/grad evals to target):

Target-sensitivity profile (iterations to reach each loss target):
  optimizer         <=2.00e-01    <=1.00e-01    <=6.00e-02    <=4.00e-02    <=2.00e-02
  QQN                        —             —             —             —             —
  QQN-Adam                   —             —             —             —             —
  QQN-Temp                   —             —             —             —             —
  QQN-PathMom                —             —             —             —             —
  Adam                       —             —             —             —             —
  L-BFGS                     —             —             —             —             —

Convergence-rate profile (iteration first reaching each loss):
  optimizer      <=1.0e+00   <=5.0e-01   <=2.0e-01   <=1.0e-01
  QQN                    —           —           —           —
  QQN-Adam               —           —           —           —
  QQN-Temp             328         699           —           —
  QQN-PathMom            —           —           —           —
  Adam                   —           —           —           —
  L-BFGS                 —           —           —           —

Inter-milestone cost breakdown (Δtime[s] / Δevals between consecutive milestones):
  optimizer         start->1.0e+00    1.0e+00->5.0e-01    5.0e-01->2.0e-01    2.0e-01->1.0e-01
  QQN                            —                   —                   —                   —
  QQN-Adam                       —                   —                   —                   —
  QQN-Temp              10.406/344           9.735/375                   —                   —
  QQN-PathMom                    —                   —                   —                   —
  Adam                           —                   —                   —                   —
  L-BFGS                         —                   —                   —                   —

Convergence-rate profile (wall-clock seconds first reaching each loss):
  optimizer      <=1.0e+00   <=5.0e-01   <=2.0e-01   <=1.0e-01
  QQN                    —           —           —           —
  QQN-Adam               —           —           —           —
  QQN-Temp          10.406      20.141           —           —
  QQN-PathMom            —           —           —           —
  Adam                   —           —           —           —
  L-BFGS                 —           —           —           —

Convergence-rate profile (estimated function/grad evals first reaching each loss):
  optimizer      <=1.0e+00   <=5.0e-01   <=2.0e-01   <=1.0e-01
  QQN                    —           —           —           —
  QQN-Adam               —           —           —           —
  QQN-Temp             344         719           —           —
  QQN-PathMom            —           —           —           —
  Adam                   —           —           —           —
  L-BFGS                 —           —           —           —

Convergence-rate profile (forward value evals first reaching each loss):
  optimizer      <=1.0e+00   <=5.0e-01   <=2.0e-01   <=1.0e-01
  QQN                    —           —           —           —
  QQN-Adam               —           —           —           —
  QQN-Temp             344         719           —           —
  QQN-PathMom            —           —           —           —
  Adam                   —           —           —           —
  L-BFGS                 —           —           —           —

Convergence-rate profile (backward gradient evals first reaching each loss):
  optimizer      <=1.0e+00   <=5.0e-01   <=2.0e-01   <=1.0e-01
  QQN                    —           —           —           —
  QQN-Adam               —           —           —           —
  QQN-Temp             344         719           —           —
  QQN-PathMom            —           —           —           —
  Adam                   —           —           —           —
  L-BFGS                 —           —           —           —

Stall report (never reached the shared target):
  QQN-Temp       final=2.0244e-01  iters=1639  time=45.021s  [time-budget exhausted]
  Adam           final=1.6316e+00  iters=1750  time=45.025s  [time-budget exhausted]
  QQN            final=1.6576e+00  iters= 98  time=45.040s  [time-budget exhausted]
  L-BFGS         final=1.9402e+00  iters=128  time=45.014s  [time-budget exhausted]
  QQN-PathMom    final=2.1531e+00  iters= 79  time=45.515s  [time-budget exhausted]
  QQN-Adam       final=2.4676e+00  iters= 90  time=45.325s  [time-budget exhausted]

Loss trajectory (log10, sampled):
  QQN          0.55   0.40   0.27   0.24   0.22   0.22   0.22   0.22   0.22   0.22
  QQN-Adam     0.55   0.40   0.39   0.39   0.39   0.39   0.39   0.39   0.39   0.39
  QQN-Temp     0.55   0.63   0.66  -0.14  -0.32  -0.46  -0.55  -0.59  -0.40  -0.69
  QQN-PathMom   0.55   0.33   0.33   0.33   0.33   0.33   0.33   0.33   0.33   0.33
  Adam         0.55   0.17   0.24   0.47   0.30   0.35   0.40   0.40   0.36   0.21
  L-BFGS       0.55   0.34   0.30   0.30   0.30   0.30   0.29   0.29   0.29   0.29

[plot] Saved vs_iter convergence plot to results/fashion_mnist_mlp_comparison_vs_iter_20260715-214858.png
[plot] Saved vs_time convergence plot to results/fashion_mnist_mlp_comparison_vs_time_20260715-214858.png

------------------------------------------------------------------------
# exit code: 0  elapsed: 280.0s
