# variant: fashion_qqn_deep_hessian
# report:  fashion_mnist_mlp_comparison
# desc:    Richer/more anisotropic Hessian (256x4) where the deep-memory curvature lever stays monotone — QQN`s strongest regime.
# started: 2026-07-15T03:37:37.252Z
# command: DATASET="fashion_mnist" N_TRAIN="25000" N_TEST="5000" HIDDEN="256" DEPTH="4" ACTIVATION="tanh,gelu" python3 examples/fashion_mnist_mlp_comparison.py
------------------------------------------------------------------------
An NVIDIA GPU may be present on this machine, but a CUDA-enabled jaxlib is not installed. Falling back to cpu.
=== 5-layer MLP comparison: QQN vs SGD vs Adam vs L-BFGS ===
    dataset=fashion_mnist  hidden_sizes=[256, 256, 256, 256]  arch=x->256->256->256->256->10  activation=tanh,gelu,tanh,gelu  (non-convex objective)
  classes=10  n_train=25000  n_test=5000  maxiter=1000000

  shared stop: f_target=2.0e-02  gtol=1.0e-08  time_budget=150.0s

[data] Loaded fashion_mnist via tensorflow.keras.
  l2=1.0e-04  sgd_lr=0.05  adam_lr=0.01  seed=42
  n_classes=10  subset_seed=0
  milestones=(1.0, 0.5, 0.2, 0.1)  target_profile=(0.2, 0.1, 0.06, 0.04, 0.02)

  model parameters: 400906

optimizer       final_loss   iters   train_acc   test_acc   time(s)   ms/it  ->target   t->tgt  vs LBFGS    evals     AUC
----------------------------------------------------------------------------------------------------------------------------------
QQN-Temp      3.492091e-02    1157      1.0000     0.8598   150.023  129.67         —        —         —        —   -1.00
QQN           3.657318e-02    1086      1.0000     0.8630   150.101  138.21         —        —         —        —   -0.98
L-BFGS        6.903750e-02     622      1.0000     0.8600   150.209  241.49         —        —         —        —   -0.76
Adam          2.141891e-01    1293      0.9616     0.8736   150.070  116.06         —        —         —        —   -0.43
QQN-Adam      3.421493e-01     137      0.9006     0.8706   150.834 1100.98         —        —         —        —   -0.34
QQN-PathMom   5.091816e-01     259      0.8377     0.8224   150.350  580.50         —        —         —        —   -0.22

Pareto frontier (loss vs. time — non-dominated variants):
  QQN-Temp     loss=3.4921e-02  time=150.023s

Iteration-efficiency leaderboard (target reached, fewest iters):

Cost-aware leaderboard (estimated function/grad evals to target):

Target-sensitivity profile (iterations to reach each loss target):
  optimizer         <=2.00e-01    <=1.00e-01    <=6.00e-02    <=4.00e-02    <=2.00e-02
  QQN                      274           435           754          1006             —
  QQN-Adam                   —             —             —             —             —
  QQN-Temp                 277           445           773          1042             —
  QQN-PathMom                —             —             —             —             —
  Adam                       —             —             —             —             —
  L-BFGS                   263           433             —             —             —

Convergence-rate profile (iteration first reaching each loss):
  optimizer      <=1.0e+00   <=5.0e-01   <=2.0e-01   <=1.0e-01
  L-BFGS                 8          44         263         433
  QQN                    7          44         274         435
  QQN-Temp               7          45         277         445
  QQN-Adam               7          32           —           —
  QQN-PathMom            8           —           —           —
  Adam                  16          68           —           —

Inter-milestone cost breakdown (Δtime[s] / Δevals between consecutive milestones):
  optimizer         start->1.0e+00    1.0e+00->5.0e-01    5.0e-01->2.0e-01    2.0e-01->1.0e-01
  QQN-Temp                 5.530/8            4.792/38          29.120/232          21.134/168
  QQN                      5.403/8            5.192/41          31.346/252          21.390/174
  L-BFGS                  8.167/17            8.233/74          50.427/456          39.472/359
  QQN-Adam               10.670/63          23.559/232                   —                   —
  QQN-PathMom             6.670/25                   —                   —                   —
  Adam                    3.152/16            6.035/52                   —                   —

Convergence-rate profile (wall-clock seconds first reaching each loss):
  optimizer      <=1.0e+00   <=5.0e-01   <=2.0e-01   <=1.0e-01
  QQN-Temp           5.530      10.322      39.442      60.576
  QQN                5.403      10.595      41.942      63.331
  L-BFGS             8.167      16.400      66.827     106.299
  QQN-Adam          10.670      34.229           —           —
  QQN-PathMom        6.670           —           —           —
  Adam               3.152       9.186           —           —

Convergence-rate profile (estimated function/grad evals first reaching each loss):
  optimizer      <=1.0e+00   <=5.0e-01   <=2.0e-01   <=1.0e-01
  QQN-Temp               8          46         278         446
  QQN                    8          49         301         475
  L-BFGS                17          91         547         906
  QQN-Adam              63         295           —           —
  QQN-PathMom           25           —           —           —
  Adam                  16          68           —           —

Stall report (never reached the shared target):
  QQN-Temp       final=3.4921e-02  iters=1157  time=150.023s  [time-budget exhausted]
  QQN            final=3.6573e-02  iters=1086  time=150.101s  [time-budget exhausted]
  L-BFGS         final=6.9037e-02  iters=622  time=150.209s  [time-budget exhausted]
  Adam           final=2.1419e-01  iters=1293  time=150.070s  [time-budget exhausted]
  QQN-Adam       final=3.4215e-01  iters=137  time=150.834s  [time-budget exhausted]
  QQN-PathMom    final=5.0918e-01  iters=259  time=150.350s  [time-budget exhausted]

Loss trajectory (log10, sampled):
  QQN          0.38  -0.46  -0.64  -0.87  -1.05  -1.11  -1.20  -1.30  -1.38  -1.44
  QQN-Adam     0.38  -0.18  -0.30  -0.34  -0.38  -0.41  -0.43  -0.44  -0.45  -0.47
  QQN-Temp     0.38  -0.47  -0.67  -0.89  -1.08  -1.13  -1.22  -1.31  -1.39  -1.46
  QQN-PathMom   0.38  -0.13  -0.19  -0.22  -0.23  -0.25  -0.25  -0.27  -0.29  -0.29
  Adam         0.38  -0.36  -0.40  -0.51  -0.51  -0.37  -0.59  -0.44  -0.35  -0.67
  L-BFGS       0.38  -0.37  -0.50  -0.61  -0.72  -0.84  -0.97  -1.07  -1.13  -1.16

[plot] matplotlib not available; skipping plot.

------------------------------------------------------------------------
# exit code: 0  elapsed: 911.3s
