# variant: comparison_act_gelu
# report:  fashion_mnist_mlp_comparison
# desc:    Activation sweep (comparison): gelu on fashion_mnist_mlp_comparison with uniform sweep params.
# started: 2026-07-16T01:13:02.127Z
# command: N_TRAIN="8000" N_TEST="2000" HIDDEN="128" DEPTH="2" TIME_BUDGET="45" F_TARGET="0.01" DATASET="fashion_mnist" ACTIVATION="gelu" python3 examples/fashion_mnist_mlp_comparison.py
------------------------------------------------------------------------
An NVIDIA GPU may be present on this machine, but a CUDA-enabled jaxlib is not installed. Falling back to cpu.
=== 3-layer MLP comparison: QQN vs SGD vs Adam vs L-BFGS ===
    dataset=fashion_mnist  hidden_sizes=[128, 128]  arch=x->128->128->10  activation=gelu  (non-convex objective)
  classes=10  n_train=8000  n_test=2000  maxiter=1000000

  shared stop: f_target=1.0e-02  gtol=1.0e-08  time_budget=45.0s

[data] Loaded fashion_mnist via tensorflow.keras.
  l2=1.0e-04  sgd_lr=0.05  adam_lr=0.01  seed=42
  n_classes=10  subset_seed=0
  milestones=(1.0, 0.5, 0.2, 0.1)  target_profile=(0.2, 0.1, 0.06, 0.04, 0.02)

  model parameters: 118282

optimizer       final_loss   iters   train_acc   test_acc   time(s)   ms/it  ->target   t->tgt  vs LBFGS    evals     AUC
----------------------------------------------------------------------------------------------------------------------------------
QQN-Temp      1.618693e-02    3081      1.0000     0.8505    45.010   14.61         —        —         —        —   -1.51
QQN           1.643865e-02    2869      1.0000     0.8530    45.001   15.69         —        —         —        —   -1.46
L-BFGS        1.764548e-02    1774      1.0000     0.8465    45.009   25.37         —        —         —        —   -1.35
QQN-Adam      6.856108e-02     440      0.9955     0.8540    45.054  102.40         —        —         —        —   -0.80
Adam          3.244114e-01    4428      0.9299     0.8210    45.010   10.16         —        —         —        —   -0.63
QQN-PathMom   5.100727e-01     699      0.8301     0.8240    45.020   64.41         —        —         —        —   -0.21

Pareto frontier (loss vs. time — non-dominated variants):
  QQN          loss=1.6439e-02  time=45.001s
  QQN-Temp     loss=1.6187e-02  time=45.010s

Iteration-efficiency leaderboard (target reached, fewest iters):

Cost-aware leaderboard (estimated function/grad evals to target):

Target-sensitivity profile (iterations to reach each loss target):
  optimizer         <=2.00e-01    <=1.00e-01    <=6.00e-02    <=4.00e-02    <=2.00e-02
  L-BFGS                   272           409           496           679          1159
  QQN-Temp                 298           456           554           747          1231
  QQN                      335           506           601           827          1337
  QQN-Adam                 141           299             —             —             —
  QQN-PathMom                —             —             —             —             —
  Adam                     160           441             —             —             —

Convergence-rate profile (iteration first reaching each loss):
  optimizer      <=1.0e+00   <=5.0e-01   <=2.0e-01   <=1.0e-01
  QQN-Adam               6          27         141         299
  L-BFGS                10          57         272         409
  Adam                  11          39         160         441
  QQN-Temp               7          58         298         456
  QQN                    7          57         335         506
  QQN-PathMom           10           —           —           —

Inter-milestone cost breakdown (Δtime[s] / Δevals between consecutive milestones):
  optimizer         start->1.0e+00    1.0e+00->5.0e-01    5.0e-01->2.0e-01    2.0e-01->1.0e-01
  Adam                    0.531/11            0.280/28           1.214/121           2.821/281
  QQN-Temp                 1.709/8            0.718/51           3.384/240           2.236/158
  QQN                      1.766/8            0.740/52           4.112/300           2.515/183
  L-BFGS                  2.412/23            1.112/95           5.103/440           3.288/283
  QQN-Adam                1.916/53           1.644/173         10.057/1063         15.999/1688
  QQN-PathMom             1.747/42                   —                   —                   —

Convergence-rate profile (wall-clock seconds first reaching each loss):
  optimizer      <=1.0e+00   <=5.0e-01   <=2.0e-01   <=1.0e-01
  Adam               0.531       0.811       2.025       4.846
  QQN-Temp           1.709       2.427       5.811       8.047
  QQN                1.766       2.505       6.617       9.132
  L-BFGS             2.412       3.524       8.627      11.915
  QQN-Adam           1.916       3.560      13.617      29.616
  QQN-PathMom        1.747           —           —           —

Convergence-rate profile (estimated function/grad evals first reaching each loss):
  optimizer      <=1.0e+00   <=5.0e-01   <=2.0e-01   <=1.0e-01
  Adam                  11          39         160         441
  QQN-Temp               8          59         299         457
  QQN                    8          60         360         543
  L-BFGS                23         118         558         841
  QQN-Adam              53         226        1289        2977
  QQN-PathMom           42           —           —           —

Convergence-rate profile (forward value evals first reaching each loss):
  optimizer      <=1.0e+00   <=5.0e-01   <=2.0e-01   <=1.0e-01
  Adam                  11          39         160         441
  QQN-Temp               8          59         299         457
  QQN                    8          60         360         543
  L-BFGS                23         118         558         841
  QQN-Adam              53         226        1289        2977
  QQN-PathMom           42           —           —           —

Convergence-rate profile (backward gradient evals first reaching each loss):
  optimizer      <=1.0e+00   <=5.0e-01   <=2.0e-01   <=1.0e-01
  L-BFGS                10          57         272         409
  Adam                  11          39         160         441
  QQN-Temp               8          59         299         457
  QQN                    8          60         360         543
  QQN-Adam              53         226        1289        2977
  QQN-PathMom           42           —           —           —

Stall report (never reached the shared target):
  QQN-Temp       final=1.6187e-02  iters=3081  time=45.010s  [time-budget exhausted]
  QQN            final=1.6439e-02  iters=2869  time=45.001s  [time-budget exhausted]
  L-BFGS         final=1.7645e-02  iters=1774  time=45.009s  [time-budget exhausted]
  QQN-Adam       final=6.8561e-02  iters=440  time=45.054s  [time-budget exhausted]
  Adam           final=3.2441e-01  iters=4428  time=45.010s  [time-budget exhausted]
  QQN-PathMom    final=5.1007e-01  iters=699  time=45.020s  [time-budget exhausted]

Loss trajectory (log10, sampled):
  QQN          0.36  -0.68  -1.28  -1.53  -1.69  -1.73  -1.75  -1.76  -1.78  -1.78
  QQN-Adam     0.36  -0.42  -0.59  -0.71  -0.82  -0.91  -0.99  -1.06  -1.11  -1.16
  QQN-Temp     0.36  -0.77  -1.34  -1.64  -1.72  -1.74  -1.76  -1.77  -1.78  -1.79
  QQN-PathMom   0.36  -0.13  -0.17  -0.20  -0.22  -0.23  -0.25  -0.26  -0.27  -0.29
  Adam         0.36  -0.88  -1.05  -1.14  -0.65  -0.83  -0.68  -0.84  -0.54  -0.49
  L-BFGS       0.36  -0.55  -0.97  -1.34  -1.51  -1.65  -1.70  -1.73  -1.74  -1.75

[plot] Saved vs_iter convergence plot to results/fashion_mnist_mlp_comparison_vs_iter_20260715-211739.png
[plot] Saved vs_time convergence plot to results/fashion_mnist_mlp_comparison_vs_time_20260715-211739.png

------------------------------------------------------------------------
# exit code: 0  elapsed: 279.2s
