# variant: comparison_act_tanh
# report:  fashion_mnist_mlp_comparison
# desc:    Activation sweep (comparison): tanh on fashion_mnist_mlp_comparison with uniform sweep params.
# started: 2026-07-16T01:08:23.761Z
# command: N_TRAIN="8000" N_TEST="2000" HIDDEN="128" DEPTH="2" TIME_BUDGET="45" F_TARGET="0.01" DATASET="fashion_mnist" ACTIVATION="tanh" python3 examples/fashion_mnist_mlp_comparison.py
------------------------------------------------------------------------
An NVIDIA GPU may be present on this machine, but a CUDA-enabled jaxlib is not installed. Falling back to cpu.
=== 3-layer MLP comparison: QQN vs SGD vs Adam vs L-BFGS ===
    dataset=fashion_mnist  hidden_sizes=[128, 128]  arch=x->128->128->10  activation=tanh  (non-convex objective)
  classes=10  n_train=8000  n_test=2000  maxiter=1000000

  shared stop: f_target=1.0e-02  gtol=1.0e-08  time_budget=45.0s

[data] Loaded fashion_mnist via tensorflow.keras.
  l2=1.0e-04  sgd_lr=0.05  adam_lr=0.01  seed=42
  n_classes=10  subset_seed=0
  milestones=(1.0, 0.5, 0.2, 0.1)  target_profile=(0.2, 0.1, 0.06, 0.04, 0.02)

  model parameters: 118282

optimizer       final_loss   iters   train_acc   test_acc   time(s)   ms/it  ->target   t->tgt  vs LBFGS    evals     AUC
----------------------------------------------------------------------------------------------------------------------------------
QQN-Temp      1.803677e-02    3800      1.0000     0.8500    45.000   11.84         —        —         —        —   -1.64
QQN           1.820860e-02    3508      1.0000     0.8540    45.002   12.83         —        —         —        —   -1.63
L-BFGS        1.868501e-02    2172      1.0000     0.8585    45.018   20.73         —        —         —        —   -1.57
QQN-Adam      7.806453e-02     619      0.9998     0.8475    45.007   72.71         —        —         —        —   -0.77
Adam          8.332854e-02    5735      0.9991     0.8305    45.006    7.85         —        —         —        —   -0.79
QQN-PathMom   4.231548e-01     970      0.8583     0.8410    45.003   46.39         —        —         —        —   -0.30

Pareto frontier (loss vs. time — non-dominated variants):
  QQN-Temp     loss=1.8037e-02  time=45.000s

Iteration-efficiency leaderboard (target reached, fewest iters):

Cost-aware leaderboard (estimated function/grad evals to target):

Target-sensitivity profile (iterations to reach each loss target):
  optimizer         <=2.00e-01    <=1.00e-01    <=6.00e-02    <=4.00e-02    <=2.00e-02
  QQN-Temp                  95           146           226           314          1195
  L-BFGS                    91           139           230           317          1202
  QQN                       95           149           240           322          1276
  QQN-Adam                 212           459             —             —             —
  QQN-PathMom                —             —             —             —             —
  Adam                     136           283             —             —             —

Convergence-rate profile (iteration first reaching each loss):
  optimizer      <=1.0e+00   <=5.0e-01   <=2.0e-01   <=1.0e-01
  L-BFGS                 6          25          91         139
  QQN-Temp               7          28          95         146
  QQN                    6          25          95         149
  Adam                   7          31         136         283
  QQN-Adam               9          52         212         459
  QQN-PathMom            5         349           —           —

Inter-milestone cost breakdown (Δtime[s] / Δevals between consecutive milestones):
  optimizer         start->1.0e+00    1.0e+00->5.0e-01    5.0e-01->2.0e-01    2.0e-01->1.0e-01
  Adam                     0.489/7            0.184/24           0.810/105           1.135/147
  QQN-Temp                 1.669/8            0.243/21            0.767/67            0.585/51
  QQN                      1.670/8            0.232/20            0.826/73            0.643/57
  L-BFGS                  2.224/12            0.364/38           1.297/135            0.925/98
  QQN-Adam                1.920/61           2.257/285         10.439/1401         18.191/2479
  QQN-PathMom             1.418/12         14.755/1989                   —                   —

Convergence-rate profile (wall-clock seconds first reaching each loss):
  optimizer      <=1.0e+00   <=5.0e-01   <=2.0e-01   <=1.0e-01
  Adam               0.489       0.673       1.483       2.618
  QQN-Temp           1.669       1.912       2.679       3.264
  QQN                1.670       1.901       2.727       3.370
  L-BFGS             2.224       2.588       3.886       4.811
  QQN-Adam           1.920       4.177      14.616      32.807
  QQN-PathMom        1.418      16.173           —           —

Convergence-rate profile (estimated function/grad evals first reaching each loss):
  optimizer      <=1.0e+00   <=5.0e-01   <=2.0e-01   <=1.0e-01
  QQN-Temp               8          29          96         147
  QQN                    8          28         101         158
  Adam                   7          31         136         283
  L-BFGS                12          50         185         283
  QQN-Adam              61         346        1747        4226
  QQN-PathMom           12        2001           —           —

Convergence-rate profile (forward value evals first reaching each loss):
  optimizer      <=1.0e+00   <=5.0e-01   <=2.0e-01   <=1.0e-01
  QQN-Temp               8          29          96         147
  QQN                    8          28         101         158
  Adam                   7          31         136         283
  L-BFGS                12          50         185         283
  QQN-Adam              61         346        1747        4226
  QQN-PathMom           12        2001           —           —

Convergence-rate profile (backward gradient evals first reaching each loss):
  optimizer      <=1.0e+00   <=5.0e-01   <=2.0e-01   <=1.0e-01
  L-BFGS                 6          25          91         139
  QQN-Temp               8          29          96         147
  QQN                    8          28         101         158
  Adam                   7          31         136         283
  QQN-Adam              61         346        1747        4226
  QQN-PathMom           12        2001           —           —

Stall report (never reached the shared target):
  QQN-Temp       final=1.8037e-02  iters=3800  time=45.000s  [time-budget exhausted]
  QQN            final=1.8209e-02  iters=3508  time=45.002s  [time-budget exhausted]
  L-BFGS         final=1.8685e-02  iters=2172  time=45.018s  [time-budget exhausted]
  QQN-Adam       final=7.8065e-02  iters=619  time=45.007s  [time-budget exhausted]
  Adam           final=8.3329e-02  iters=5735  time=45.006s  [time-budget exhausted]
  QQN-PathMom    final=4.2315e-01  iters=970  time=45.003s  [time-budget exhausted]

Loss trajectory (log10, sampled):
  QQN          0.36  -1.50  -1.67  -1.69  -1.71  -1.72  -1.73  -1.73  -1.74  -1.74
  QQN-Adam     0.36  -0.38  -0.56  -0.69  -0.79  -0.87  -0.96  -1.02  -1.06  -1.11
  QQN-Temp     0.36  -1.54  -1.68  -1.70  -1.72  -1.73  -1.73  -1.74  -1.74  -1.74
  QQN-PathMom   0.36  -0.19  -0.24  -0.29  -0.32  -0.33  -0.34  -0.36  -0.36  -0.37
  Adam         0.36  -0.59  -0.36  -0.85  -0.67  -0.76  -0.32  -0.88  -1.13  -1.08
  L-BFGS       0.36  -1.24  -1.59  -1.66  -1.69  -1.70  -1.71  -1.72  -1.72  -1.73

[plot] Saved vs_iter convergence plot to results/fashion_mnist_mlp_comparison_vs_iter_20260715-211300.png
[plot] Saved vs_time convergence plot to results/fashion_mnist_mlp_comparison_vs_time_20260715-211300.png

------------------------------------------------------------------------
# exit code: 0  elapsed: 278.4s
