=== 4-layer ReLU MLP comparison: QQN vs SGD vs Adam vs L-BFGS ===
    dataset=fashion_mnist  hidden_sizes=[384, 384, 384]  arch=x->384->384->384->10  activation=tanh,gelu,tanh  (non-convex objective)
  classes=10  n_train=40000  n_test=8000  maxiter=100000

  shared stop: f_target=6.0e-02  gtol=1.0e-08  time_budget=45.0s

[data] Loaded fashion_mnist via tensorflow.keras.
  model parameters: 600970

optimizer       final_loss   iters   train_acc   test_acc   time(s)   ms/it  ->target   t->tgt  vs LBFGS    evals     AUC
----------------------------------------------------------------------------------------------------------------------------------
QQN-L80       5.996055e-02     529      1.0000     0.8763    34.842   65.86       529   34.808         —     2645   -0.80
QQN-L50       5.996116e-02     594      1.0000     0.8760    38.329   64.53       594   38.295         —     2970   -0.82
QQN-L50And    5.996116e-02     594      1.0000     0.8760    38.962   65.59       594   38.927         —     2970   -0.82
QQN-L20       6.360931e-02     746      1.0000     0.8749    45.042   60.38         —        —         —        —   -0.81
L-BFGS        6.607401e-02     908      1.0000     0.8726    45.032   49.59         —        —         —        —   -0.81
QQN-Box       8.409789e-02     765      1.0000     0.8771    45.052   58.89         —        —         —        —   -0.74
QQN           8.616313e-02     731      1.0000     0.8766    45.064   61.65         —        —         —        —   -0.72
QQN-BT        8.723001e-02     713      1.0000     0.8771    45.047   63.18         —        —         —        —   -0.71
QQN-Fast      8.885702e-02     647      0.9992     0.8758    45.045   69.62         —        —         —        —   -0.65
QQN-TR        1.093364e-01     742      0.9997     0.8753    45.060   60.73         —        —         —        —   -0.68
QQN-Max       2.146693e-01     202      0.9488     0.8786    45.080  223.17         —        —         —        —   -0.44
QQN-S         2.716331e-01     201      0.9241     0.8724    45.109  224.42         —        —         —        —   -0.40
QQN-BT-S      2.738054e-01     197      0.9224     0.8725    45.126  229.07         —        —         —        —   -0.39
QQN-Sec       3.927405e-01     557      0.8826     0.8599    45.069   80.91         —        —         —        —   -0.33
QQN-And       4.538529e-01     383      0.8600     0.8423    45.075  117.69         —        —         —        —   -0.28
QQN-Champ     4.670109e-01      88      0.8403     0.8280    45.379  515.67         —        —         —        —   -0.20
QQN-L50P-BT   4.801921e-01      87      0.8359     0.8245    45.347  521.23         —        —         —        —   -0.15
Adam          4.961937e-01    2334      0.8963     0.8575    45.012   19.29         —        —         —        —   -0.46
QQN-Mom       5.038967e-01     543      0.8424     0.8274    45.042   82.95         —        —         —        —   -0.23
QQN-Smooth    5.357693e-01      57      0.8206     0.8046    45.069  790.68         —        —         —        —   -0.15
QQN-MaxP      5.545659e-01      59      0.8274     0.8114    45.293  767.69         —        —         —        —   -0.11
QQN-Mom-S     5.798078e-01     203      0.8192     0.8041    45.050  221.92         —        —         —        —   -0.14
QQN-Mom-S-BT  5.807144e-01     201      0.8190     0.8040    45.089  224.32         —        —         —        —   -0.14
QQN-L50P      1.694000e+00       1      0.3984     0.3950    45.07645076.22         —        —         —        —    0.30
SGD           8.850850e+01    2401      0.1000     0.1000    45.010   18.75         —        —         —        —    1.93

Pareto frontier (loss vs. time — non-dominated variants):
  QQN-L80      loss=5.9961e-02  time=34.842s

Iteration-efficiency leaderboard (target reached, fewest iters):
  QQN-L80        iters= 529  time=34.808s  vs_LBFGS=     —  final=5.9961e-02
  QQN-L50        iters= 594  time=38.295s  vs_LBFGS=     —  final=5.9961e-02
  QQN-L50And     iters= 594  time=38.927s  vs_LBFGS=     —  final=5.9961e-02

Cost-aware leaderboard (estimated function/grad evals to target):
  QQN-L80        evals~ 2645  (=5.0/it x 529 it)  vs_LBFGS=     —  final=5.9961e-02
  QQN-L50        evals~ 2970  (=5.0/it x 594 it)  vs_LBFGS=     —  final=5.9961e-02
  QQN-L50And     evals~ 2970  (=5.0/it x 594 it)  vs_LBFGS=     —  final=5.9961e-02

Target-sensitivity profile (iterations to reach each loss target):
  optimizer         <=2.00e-01    <=1.50e-01    <=1.00e-01    <=8.00e-02    <=6.00e-02
  QQN-L80                  206           255           329           397           529
  QQN-L50                  210           265           350           442           594
  QQN-L50And               210           265           350           442           594
  QQN                      332           434           590             —             —
  QQN-S                      —             —             —             —             —
  QQN-BT                   332           434           590             —             —
  QQN-BT-S                   —             —             —             —             —
  QQN-L20                  265           336           459           615             —
  QQN-L50P                   —             —             —             —             —
  QQN-L50P-BT                —             —             —             —             —
  QQN-Mom                    —             —             —             —             —
  QQN-Mom-S                  —             —             —             —             —
  QQN-Mom-S-BT               —             —             —             —             —
  QQN-Sec                    —             —             —             —             —
  QQN-And                    —             —             —             —             —
  QQN-TR                   345           486             —             —             —
  QQN-Fast                 358           446           598             —             —
  QQN-Max                    —             —             —             —             —
  QQN-MaxP                   —             —             —             —             —
  QQN-Champ                  —             —             —             —             —
  QQN-Box                  332           434           590             —             —
  QQN-Smooth                 —             —             —             —             —
  SGD                        —             —             —             —             —
  Adam                    1607             —             —             —             —
  L-BFGS                   308           405           563           782             —

  vs-LBFGS speedup stability across targets (QQN-L50):
    <= 2.00e-01:  1.47x  (QQN-L50=210, LBFGS=308)
    <= 1.50e-01:  1.53x  (QQN-L50=265, LBFGS=405)
    <= 1.00e-01:  1.61x  (QQN-L50=350, LBFGS=563)
    <= 8.00e-02:  1.77x  (QQN-L50=442, LBFGS=782)
    <= 6.00e-02:  — (not both reached)

  vs-LBFGS speedup stability across targets (QQN-L50P):
    <= 2.00e-01:  — (not both reached)
    <= 1.50e-01:  — (not both reached)
    <= 1.00e-01:  — (not both reached)
    <= 8.00e-02:  — (not both reached)
    <= 6.00e-02:  — (not both reached)

  vs-LBFGS speedup stability across targets (QQN-L50P-BT):
    <= 2.00e-01:  — (not both reached)
    <= 1.50e-01:  — (not both reached)
    <= 1.00e-01:  — (not both reached)
    <= 8.00e-02:  — (not both reached)
    <= 6.00e-02:  — (not both reached)

  vs-LBFGS speedup stability across targets (QQN-MaxP):
    <= 2.00e-01:  — (not both reached)
    <= 1.50e-01:  — (not both reached)
    <= 1.00e-01:  — (not both reached)
    <= 8.00e-02:  — (not both reached)
    <= 6.00e-02:  — (not both reached)

  vs-LBFGS speedup stability across targets (QQN-Champ):
    <= 2.00e-01:  — (not both reached)
    <= 1.50e-01:  — (not both reached)
    <= 1.00e-01:  — (not both reached)
    <= 8.00e-02:  — (not both reached)
    <= 6.00e-02:  — (not both reached)

Convergence-rate profile (iteration first reaching each loss):
  optimizer      <=1.0e+00   <=5.0e-01   <=2.0e-01   <=1.0e-01
  QQN-L80                6          35         206         329
  QQN-L50                6          35         210         350
  QQN-L50And             6          35         210         350
  QQN-L20                6          36         265         459
  L-BFGS                 7          39         308         563
  QQN                    6          40         332         590
  QQN-BT                 6          40         332         590
  QQN-Box                6          40         332         590
  QQN-Fast               8          53         358         598
  QQN-S                  5          38           —           —
  QQN-BT-S               5          38           —           —
  QQN-L50P               —           —           —           —
  QQN-L50P-BT           13          78           —           —
  QQN-Mom               24           —           —           —
  QQN-Mom-S             24           —           —           —
  QQN-Mom-S-BT          24           —           —           —
  QQN-Sec               11         126           —           —
  QQN-And                6         176           —           —
  QQN-TR                 6          41         345           —
  QQN-Max                6          36           —           —
  QQN-MaxP               7           —           —           —
  QQN-Champ              8          72           —           —
  QQN-Smooth             5           —           —           —
  SGD                    —           —           —           —
  Adam                  22          89        1607           —

Inter-milestone cost breakdown (Δtime[s] / Δevals between consecutive milestones):
  optimizer         start->1.0e+00    1.0e+00->5.0e-01    5.0e-01->2.0e-01    2.0e-01->1.0e-01
  QQN-L80                 4.297/30           1.614/145           9.838/855           7.424/615
  QQN-L50And              4.544/30           1.726/145           9.759/875           7.989/700
  QQN-L50                 4.277/30           1.564/145           9.891/875           8.434/700
  QQN-L20                 4.296/30           1.564/150         12.345/1145          10.878/970
  L-BFGS                 11.306/21            1.034/96           9.583/807           9.547/765
  QQN-Box                 4.303/30           1.766/170         15.553/1460         13.941/1290
  QQN                     4.650/30           1.944/170         15.840/1460         14.820/1290
  QQN-BT                  4.344/30           1.728/170         16.698/1460         14.926/1290
  QQN-Fast                4.372/40           2.846/225         19.393/1525         15.271/1200
  QQN-S                  11.669/35           5.147/231                   —                   —
  QQN-BT-S               12.009/35           5.274/231                   —                   —
  QQN-L50P                       —                   —                   —                   —
  QQN-L50P-BT             9.341/65          31.572/325                   —                   —
  QQN-Mom                5.452/120                   —                   —                   —
  QQN-Mom-S             14.572/168                   —                   —                   —
  QQN-Mom-S-BT          14.570/168                   —                   —                   —
  QQN-Sec                 4.485/55           8.026/575                   —                   —
  QQN-And                 4.394/30          16.183/850                   —                   —
  QQN-TR                  4.343/30           1.845/175         16.227/1520                   —
  QQN-Max                12.085/42           4.766/210                   —                   —
  QQN-MaxP               14.741/49                   —                   —                   —
  QQN-Champ               7.355/40          29.927/320                   —                   —
  QQN-Smooth             13.657/35                   —                   —                   —
  SGD                            —                   —                   —                   —
  Adam                    2.903/22            1.106/67         27.625/1518                   —

Convergence-rate profile (wall-clock seconds first reaching each loss):
  optimizer      <=1.0e+00   <=5.0e-01   <=2.0e-01   <=1.0e-01
  QQN-L80            4.297       5.911      15.749      23.174
  QQN-L50And         4.544       6.270      16.030      24.019
  QQN-L50            4.277       5.842      15.733      24.167
  QQN-L20            4.296       5.859      18.205      29.082
  L-BFGS            11.306      12.340      21.923      31.469
  QQN-Box            4.303       6.069      21.622      35.564
  QQN                4.650       6.595      22.434      37.254
  QQN-BT             4.344       6.071      22.769      37.695
  QQN-Fast           4.372       7.217      26.611      41.881
  QQN-S             11.669      16.816           —           —
  QQN-BT-S          12.009      17.283           —           —
  QQN-L50P               —           —           —           —
  QQN-L50P-BT        9.341      40.913           —           —
  QQN-Mom            5.452           —           —           —
  QQN-Mom-S         14.572           —           —           —
  QQN-Mom-S-BT      14.570           —           —           —
  QQN-Sec            4.485      12.511           —           —
  QQN-And            4.394      20.577           —           —
  QQN-TR             4.343       6.189      22.416           —
  QQN-Max           12.085      16.852           —           —
  QQN-MaxP          14.741           —           —           —
  QQN-Champ          7.355      37.282           —           —
  QQN-Smooth        13.657           —           —           —
  SGD                    —           —           —           —
  Adam               2.903       4.009      31.633           —

Convergence-rate profile (estimated function/grad evals first reaching each loss):
  optimizer      <=1.0e+00   <=5.0e-01   <=2.0e-01   <=1.0e-01
  QQN-L80               30         175        1030        1645
  L-BFGS                21         117         924        1689
  QQN-L50               30         175        1050        1750
  QQN-L50And            30         175        1050        1750
  QQN-L20               30         180        1325        2295
  QQN                   30         200        1660        2950
  QQN-BT                30         200        1660        2950
  QQN-Box               30         200        1660        2950
  QQN-Fast              40         265        1790        2990
  QQN-S                 35         266           —           —
  QQN-BT-S              35         266           —           —
  QQN-L50P               —           —           —           —
  QQN-L50P-BT           65         390           —           —
  QQN-Mom              120           —           —           —
  QQN-Mom-S            168           —           —           —
  QQN-Mom-S-BT         168           —           —           —
  QQN-Sec               55         630           —           —
  QQN-And               30         880           —           —
  QQN-TR                30         205        1725           —
  QQN-Max               42         252           —           —
  QQN-MaxP              49           —           —           —
  QQN-Champ             40         360           —           —
  QQN-Smooth            35           —           —           —
  SGD                    —           —           —           —
  Adam                  22          89        1607           —

Stall report (never reached the shared target):
  QQN-L20        final=6.3609e-02  iters=746  time=45.042s  [time-budget exhausted]
  L-BFGS         final=6.6074e-02  iters=908  time=45.032s  [time-budget exhausted]
  QQN-Box        final=8.4098e-02  iters=765  time=45.052s  [time-budget exhausted]
  QQN            final=8.6163e-02  iters=731  time=45.064s  [time-budget exhausted]
  QQN-BT         final=8.7230e-02  iters=713  time=45.047s  [time-budget exhausted]
  QQN-Fast       final=8.8857e-02  iters=647  time=45.045s  [time-budget exhausted]
  QQN-TR         final=1.0934e-01  iters=742  time=45.060s  [time-budget exhausted]
  QQN-Max        final=2.1467e-01  iters=202  time=45.080s  [time-budget exhausted]
  QQN-S          final=2.7163e-01  iters=201  time=45.109s  [time-budget exhausted]
  QQN-BT-S       final=2.7381e-01  iters=197  time=45.126s  [time-budget exhausted]
  QQN-Sec        final=3.9274e-01  iters=557  time=45.069s  [time-budget exhausted]
  QQN-And        final=4.5385e-01  iters=383  time=45.075s  [time-budget exhausted]
  QQN-Champ      final=4.6701e-01  iters= 88  time=45.379s  [time-budget exhausted]
  QQN-L50P-BT    final=4.8019e-01  iters= 87  time=45.347s  [time-budget exhausted]
  Adam           final=4.9619e-01  iters=2334  time=45.012s  [time-budget exhausted]
  QQN-Mom        final=5.0390e-01  iters=543  time=45.042s  [time-budget exhausted]
  QQN-Smooth     final=5.3577e-01  iters= 57  time=45.069s  [time-budget exhausted]
  QQN-MaxP       final=5.5457e-01  iters= 59  time=45.293s  [time-budget exhausted]
  QQN-Mom-S      final=5.7981e-01  iters=203  time=45.050s  [time-budget exhausted]
  QQN-Mom-S-BT   final=5.8071e-01  iters=201  time=45.089s  [time-budget exhausted]
  QQN-L50P       final=1.6940e+00  iters=  1  time=45.076s  [time-budget exhausted]
  SGD            final=8.8508e+01  iters=2401  time=45.010s  [time-budget exhausted]

Loss trajectory (log10, sampled):
  QQN          0.37  -0.39  -0.50  -0.59  -0.69  -0.79  -0.89  -0.98  -1.03  -1.06
  QQN-S        0.37  -0.24  -0.32  -0.37  -0.41  -0.45  -0.48  -0.51  -0.54  -0.57
  QQN-BT       0.37  -0.38  -0.49  -0.59  -0.68  -0.78  -0.88  -0.97  -1.03  -1.06
  QQN-BT-S     0.37  -0.24  -0.32  -0.37  -0.41  -0.44  -0.47  -0.50  -0.53  -0.56
  QQN-L20      0.37  -0.42  -0.55  -0.67  -0.82  -0.95  -1.04  -1.08  -1.13  -1.20
  QQN-L50      0.37  -0.40  -0.53  -0.67  -0.82  -0.97  -1.06  -1.12  -1.17  -1.22
  QQN-L50P     0.37   0.37   0.37   0.37   0.37   0.37   0.37   0.37   0.37   0.23
  QQN-L80      0.37  -0.38  -0.51  -0.63  -0.77  -0.92  -1.04  -1.11  -1.17  -1.22
  QQN-L50P-BT   0.37   0.06  -0.05  -0.14  -0.18  -0.21  -0.24  -0.26  -0.30  -0.32
  QQN-Mom      0.37  -0.14  -0.20  -0.23  -0.25  -0.27  -0.28  -0.29  -0.29  -0.30
  QQN-Mom-S    0.37   0.01  -0.10  -0.15  -0.17  -0.19  -0.21  -0.22  -0.23  -0.24
  QQN-Mom-S-BT   0.37   0.01  -0.10  -0.15  -0.17  -0.19  -0.21  -0.22  -0.23  -0.24
  QQN-Sec      0.37  -0.25  -0.30  -0.33  -0.35  -0.36  -0.37  -0.39  -0.40  -0.41
  QQN-And      0.37  -0.22  -0.26  -0.28  -0.30  -0.31  -0.32  -0.33  -0.34  -0.34
  QQN-L50And   0.37  -0.40  -0.53  -0.67  -0.82  -0.97  -1.06  -1.12  -1.17  -1.22
  QQN-TR       0.37  -0.39  -0.49  -0.58  -0.68  -0.77  -0.83  -0.88  -0.92  -0.96
  QQN-Fast     0.37  -0.35  -0.44  -0.52  -0.61  -0.70  -0.80  -0.90  -0.98  -1.05
  QQN-Max      0.37  -0.24  -0.34  -0.40  -0.45  -0.49  -0.53  -0.58  -0.62  -0.67
  QQN-MaxP     0.37   0.03  -0.05  -0.08  -0.09  -0.15  -0.18  -0.19  -0.22  -0.26
  QQN-Champ    0.37  -0.02  -0.12  -0.17  -0.23  -0.25  -0.29  -0.30  -0.31  -0.33
  QQN-Box      0.37  -0.39  -0.51  -0.61  -0.71  -0.81  -0.92  -1.00  -1.05  -1.08
  QQN-Smooth   0.37  -0.05  -0.11  -0.11  -0.12  -0.17  -0.21  -0.25  -0.27  -0.27
  SGD          0.37   1.83   1.99   1.97   1.88   1.99   1.97   1.90   2.01   1.95
  Adam         0.37  -0.38  -0.46  -0.43  -0.59  -0.47  -0.66  -0.35  -0.61  -0.30
  L-BFGS       0.37  -0.42  -0.56  -0.69  -0.82  -0.94  -1.03  -1.07  -1.11  -1.18

[plot] Saved vs_iter convergence plot to results/fashion_mnist_mlp_comparison_vs_iter_20260622-181722.png
[plot] Saved vs_time convergence plot to results/fashion_mnist_mlp_comparison_vs_time_20260622-181722.png
