# variant: comparison_act_rolling_sin
# report:  fashion_mnist_mlp_comparison
# desc:    Activation sweep (comparison): rolling_sin on fashion_mnist_mlp_comparison with uniform sweep params.
# started: 2026-07-16T01:40:54.576Z
# command: N_TRAIN="8000" N_TEST="2000" HIDDEN="128" DEPTH="2" TIME_BUDGET="45" F_TARGET="0.01" DATASET="fashion_mnist" ACTIVATION="rolling_sin" python3 examples/fashion_mnist_mlp_comparison.py
------------------------------------------------------------------------
An NVIDIA GPU may be present on this machine, but a CUDA-enabled jaxlib is not installed. Falling back to cpu.
=== 3-layer MLP comparison: QQN vs SGD vs Adam vs L-BFGS ===
    dataset=fashion_mnist  hidden_sizes=[128, 128]  arch=x->128->128->10  activation=rolling_sin  (non-convex objective)
  classes=10  n_train=8000  n_test=2000  maxiter=1000000

  shared stop: f_target=1.0e-02  gtol=1.0e-08  time_budget=45.0s

[data] Loaded fashion_mnist via tensorflow.keras.
  l2=1.0e-04  sgd_lr=0.05  adam_lr=0.01  seed=42
  n_classes=10  subset_seed=0
  milestones=(1.0, 0.5, 0.2, 0.1)  target_profile=(0.2, 0.1, 0.06, 0.04, 0.02)

  model parameters: 118282

optimizer       final_loss   iters   train_acc   test_acc   time(s)   ms/it  ->target   t->tgt  vs LBFGS    evals     AUC
----------------------------------------------------------------------------------------------------------------------------------
QQN-Temp      9.989309e-03     547      1.0000     0.8520    15.338   28.04       547   15.338     1.05x      548   -1.62
QQN           9.997775e-03     613      1.0000     0.8510    17.756   28.97       613   17.756     0.94x      660   -1.61
L-BFGS        9.997887e-03     574      1.0000     0.8625    28.796   50.17       574   28.795     1.00x     1185   -1.60
QQN-Adam      2.722155e-02     262      1.0000     0.8550    45.009  171.79         —        —         —        —   -1.14
QQN-PathMom   1.332584e-01     445      0.9866     0.8160    45.091  101.33         —        —         —        —   -0.59
Adam          1.616785e+00    2078      0.6155     0.1075    45.015   21.66         —        —         —        —   -1.19

Pareto frontier (loss vs. time — non-dominated variants):
  QQN-Temp     loss=9.9893e-03  time=15.338s

Iteration-efficiency leaderboard (target reached, fewest iters):
  QQN-Temp       iters= 547  time=15.338s  vs_LBFGS= 1.05x  final=9.9893e-03
  L-BFGS         iters= 574  time=28.795s  vs_LBFGS= 1.00x  final=9.9979e-03
  QQN            iters= 613  time=17.756s  vs_LBFGS= 0.94x  final=9.9978e-03

Cost-aware leaderboard (estimated function/grad evals to target):
  QQN-Temp       evals~  548  (=1.0/it x 547 it)  vs_LBFGS= 2.16x  final=9.9893e-03
  QQN            evals~  660  (=1.1/it x 613 it)  vs_LBFGS= 1.80x  final=9.9978e-03
  L-BFGS         evals~ 1185  (=2.1/it x 574 it)  vs_LBFGS= 1.00x  final=9.9979e-03

Target-sensitivity profile (iterations to reach each loss target):
  optimizer         <=2.00e-01    <=1.00e-01    <=6.00e-02    <=4.00e-02    <=2.00e-02
  QQN-Temp                  51            71            85           100           203
  L-BFGS                    59            81            96           113           221
  QQN                       63            85           102           119           228
  Adam                      53            71           157           251          1303
  QQN-Adam                  47            80           106           146             —
  QQN-PathMom              255             —             —             —             —

Convergence-rate profile (iteration first reaching each loss):
  optimizer      <=1.0e+00   <=5.0e-01   <=2.0e-01   <=1.0e-01
  QQN-Temp               7          20          51          71
  Adam                   9          24          53          71
  QQN-Adam               6          20          47          80
  L-BFGS                 6          19          59          81
  QQN                    7          21          63          85
  QQN-PathMom            7          63         255           —

Inter-milestone cost breakdown (Δtime[s] / Δevals between consecutive milestones):
  optimizer         start->1.0e+00    1.0e+00->5.0e-01    5.0e-01->2.0e-01    2.0e-01->1.0e-01
  Adam                     0.626/9            0.305/15            0.608/29            0.385/18
  QQN-Temp                 1.799/8            0.329/13            0.787/31            0.502/20
  QQN                     1.872/12            0.340/14            1.078/44            0.592/24
  L-BFGS                  2.368/12            0.578/26            1.882/82            1.026/45
  QQN-Adam                2.520/49            2.083/99           4.305/209           6.051/292
  QQN-PathMom             1.827/22           4.891/235          18.815/900                   —

Convergence-rate profile (wall-clock seconds first reaching each loss):
  optimizer      <=1.0e+00   <=5.0e-01   <=2.0e-01   <=1.0e-01
  Adam               0.626       0.931       1.539       1.925
  QQN-Temp           1.799       2.127       2.914       3.417
  QQN                1.872       2.212       3.290       3.881
  L-BFGS             2.368       2.945       4.827       5.853
  QQN-Adam           2.520       4.603       8.908      14.959
  QQN-PathMom        1.827       6.718      25.533           —

Convergence-rate profile (estimated function/grad evals first reaching each loss):
  optimizer      <=1.0e+00   <=5.0e-01   <=2.0e-01   <=1.0e-01
  Adam                   9          24          53          71
  QQN-Temp               8          21          52          72
  QQN                   12          26          70          94
  L-BFGS                12          38         120         165
  QQN-Adam              49         148         357         649
  QQN-PathMom           22         257        1157           —

Convergence-rate profile (forward value evals first reaching each loss):
  optimizer      <=1.0e+00   <=5.0e-01   <=2.0e-01   <=1.0e-01
  Adam                   9          24          53          71
  QQN-Temp               8          21          52          72
  QQN                   12          26          70          94
  L-BFGS                12          38         120         165
  QQN-Adam              49         148         357         649
  QQN-PathMom           22         257        1157           —

Convergence-rate profile (backward gradient evals first reaching each loss):
  optimizer      <=1.0e+00   <=5.0e-01   <=2.0e-01   <=1.0e-01
  Adam                   9          24          53          71
  QQN-Temp               8          21          52          72
  L-BFGS                 6          19          59          81
  QQN                   12          26          70          94
  QQN-Adam              49         148         357         649
  QQN-PathMom           22         257        1157           —

Stall report (never reached the shared target):
  QQN-Adam       final=2.7222e-02  iters=262  time=45.009s  [time-budget exhausted]
  QQN-PathMom    final=1.3326e-01  iters=445  time=45.091s  [time-budget exhausted]
  Adam           final=1.6168e+00  iters=2078  time=45.015s  [time-budget exhausted]

Loss trajectory (log10, sampled):
  QQN          0.38  -0.77  -1.49  -1.64  -1.78  -1.87  -1.92  -1.95  -1.98  -2.00
  QQN-Adam     0.38  -0.45  -0.81  -1.08  -1.28  -1.40  -1.46  -1.50  -1.53  -1.57
  QQN-Temp     0.38  -0.83  -1.52  -1.66  -1.78  -1.86  -1.92  -1.95  -1.98  -2.00
  QQN-PathMom   0.38  -0.20  -0.45  -0.55  -0.63  -0.69  -0.74  -0.79  -0.83  -0.88
  Adam         0.38  -1.38  -1.50  -1.57  -1.63  -1.67  -1.71  -1.75   0.38   0.21
  L-BFGS       0.38  -0.76  -1.49  -1.62  -1.77  -1.85  -1.90  -1.95  -1.98  -2.00

[plot] Saved vs_iter convergence plot to results/fashion_mnist_mlp_comparison_vs_iter_20260715-214418.png
[plot] Saved vs_time convergence plot to results/fashion_mnist_mlp_comparison_vs_time_20260715-214418.png

------------------------------------------------------------------------
# exit code: 0  elapsed: 205.7s
