# variant: comparison_act_identity
# report:  fashion_mnist_mlp_comparison
# desc:    Activation sweep (comparison): identity on fashion_mnist_mlp_comparison with uniform sweep params.
# started: 2026-07-16T01:36:16.383Z
# command: N_TRAIN="8000" N_TEST="2000" HIDDEN="128" DEPTH="2" TIME_BUDGET="45" F_TARGET="0.01" DATASET="fashion_mnist" ACTIVATION="identity" python3 examples/fashion_mnist_mlp_comparison.py
------------------------------------------------------------------------
An NVIDIA GPU may be present on this machine, but a CUDA-enabled jaxlib is not installed. Falling back to cpu.
=== 3-layer MLP comparison: QQN vs SGD vs Adam vs L-BFGS ===
    dataset=fashion_mnist  hidden_sizes=[128, 128]  arch=x->128->128->10  activation=identity  (non-convex objective)
  classes=10  n_train=8000  n_test=2000  maxiter=1000000

  shared stop: f_target=1.0e-02  gtol=1.0e-08  time_budget=45.0s

[data] Loaded fashion_mnist via tensorflow.keras.
  l2=1.0e-04  sgd_lr=0.05  adam_lr=0.01  seed=42
  n_classes=10  subset_seed=0
  milestones=(1.0, 0.5, 0.2, 0.1)  target_profile=(0.2, 0.1, 0.06, 0.04, 0.02)

  model parameters: 118282

optimizer       final_loss   iters   train_acc   test_acc   time(s)   ms/it  ->target   t->tgt  vs LBFGS    evals     AUC
----------------------------------------------------------------------------------------------------------------------------------
QQN-Temp      4.456664e-02    3961      1.0000     0.7555    45.002   11.36         —        —         —        —   -1.16
QQN           4.473788e-02    3737      1.0000     0.7560    45.008   12.04         —        —         —        —   -1.15
L-BFGS        5.165855e-02    2266      1.0000     0.7525    45.011   19.86         —        —         —        —   -1.04
QQN-Adam      2.423597e-01     572      0.9279     0.8210    45.023   78.71         —        —         —        —   -0.49
Adam          3.569701e-01    6254      0.8768     0.7660    45.000    7.20         —        —         —        —   -0.51
QQN-PathMom   3.999123e-01    1066      0.8728     0.8395    45.023   42.24         —        —         —        —   -0.33

Pareto frontier (loss vs. time — non-dominated variants):
  Adam         loss=3.5697e-01  time=45.000s
  QQN-Temp     loss=4.4567e-02  time=45.002s

Iteration-efficiency leaderboard (target reached, fewest iters):

Cost-aware leaderboard (estimated function/grad evals to target):

Target-sensitivity profile (iterations to reach each loss target):
  optimizer         <=2.00e-01    <=1.00e-01    <=6.00e-02    <=4.00e-02    <=2.00e-02
  QQN                      277           726          1511             —             —
  QQN-Adam                   —             —             —             —             —
  QQN-Temp                 309           770          1437             —             —
  QQN-PathMom                —             —             —             —             —
  Adam                    2199             —             —             —             —
  L-BFGS                   260           740          1538             —             —

Convergence-rate profile (iteration first reaching each loss):
  optimizer      <=1.0e+00   <=5.0e-01   <=2.0e-01   <=1.0e-01
  QQN                    5          39         277         726
  L-BFGS                 7          36         260         740
  QQN-Temp               8          48         309         770
  QQN-Adam               7          39           —           —
  QQN-PathMom            7         261           —           —
  Adam                  23          60        2199           —

Inter-milestone cost breakdown (Δtime[s] / Δevals between consecutive milestones):
  optimizer         start->1.0e+00    1.0e+00->5.0e-01    5.0e-01->2.0e-01    2.0e-01->1.0e-01
  QQN                      1.669/8            0.392/37           2.691/256           5.138/491
  QQN-Temp                 1.673/9            0.435/40           2.829/261           5.017/461
  L-BFGS                  2.197/14            0.528/58           4.226/466           9.011/998
  QQN-Adam                1.749/63           1.909/286                   —                   —
  QQN-PathMom             1.537/27          9.545/1388                   —                   —
  Adam                    0.550/23            0.262/37         15.184/2139                   —

Convergence-rate profile (wall-clock seconds first reaching each loss):
  optimizer      <=1.0e+00   <=5.0e-01   <=2.0e-01   <=1.0e-01
  QQN                1.669       2.061       4.752       9.890
  QQN-Temp           1.673       2.108       4.936       9.953
  L-BFGS             2.197       2.725       6.951      15.962
  QQN-Adam           1.749       3.658           —           —
  QQN-PathMom        1.537      11.082           —           —
  Adam               0.550       0.813      15.997           —

Convergence-rate profile (estimated function/grad evals first reaching each loss):
  optimizer      <=1.0e+00   <=5.0e-01   <=2.0e-01   <=1.0e-01
  QQN-Temp               9          49         310         771
  QQN                    8          45         301         792
  L-BFGS                14          72         538        1536
  QQN-Adam              63         349           —           —
  QQN-PathMom           27        1415           —           —
  Adam                  23          60        2199           —

Convergence-rate profile (forward value evals first reaching each loss):
  optimizer      <=1.0e+00   <=5.0e-01   <=2.0e-01   <=1.0e-01
  QQN-Temp               9          49         310         771
  QQN                    8          45         301         792
  L-BFGS                14          72         538        1536
  QQN-Adam              63         349           —           —
  QQN-PathMom           27        1415           —           —
  Adam                  23          60        2199           —

Convergence-rate profile (backward gradient evals first reaching each loss):
  optimizer      <=1.0e+00   <=5.0e-01   <=2.0e-01   <=1.0e-01
  L-BFGS                 7          36         260         740
  QQN-Temp               9          49         310         771
  QQN                    8          45         301         792
  QQN-Adam              63         349           —           —
  QQN-PathMom           27        1415           —           —
  Adam                  23          60        2199           —

Stall report (never reached the shared target):
  QQN-Temp       final=4.4567e-02  iters=3961  time=45.002s  [time-budget exhausted]
  QQN            final=4.4738e-02  iters=3737  time=45.008s  [time-budget exhausted]
  L-BFGS         final=5.1659e-02  iters=2266  time=45.011s  [time-budget exhausted]
  QQN-Adam       final=2.4236e-01  iters=572  time=45.023s  [time-budget exhausted]
  Adam           final=3.5697e-01  iters=6254  time=45.000s  [time-budget exhausted]
  QQN-PathMom    final=3.9991e-01  iters=1066  time=45.023s  [time-budget exhausted]

Loss trajectory (log10, sampled):
  QQN          0.36  -0.83  -1.04  -1.18  -1.24  -1.27  -1.30  -1.33  -1.34  -1.35
  QQN-Adam     0.36  -0.36  -0.44  -0.48  -0.52  -0.54  -0.57  -0.59  -0.60  -0.62
  QQN-Temp     0.36  -0.80  -1.05  -1.20  -1.25  -1.28  -1.31  -1.34  -1.35  -1.35
  QQN-PathMom   0.36  -0.26  -0.30  -0.32  -0.35  -0.36  -0.38  -0.38  -0.39  -0.40
  Adam         0.36  -0.62  -0.58  -0.62  -0.68  -0.45  -0.60  -0.63  -0.66  -0.45
  L-BFGS       0.36  -0.69  -0.88  -1.01  -1.10  -1.17  -1.22  -1.25  -1.26  -1.29

[plot] Saved vs_iter convergence plot to results/fashion_mnist_mlp_comparison_vs_iter_20260715-214052.png
[plot] Saved vs_time convergence plot to results/fashion_mnist_mlp_comparison_vs_time_20260715-214052.png

------------------------------------------------------------------------
# exit code: 0  elapsed: 278.2s
