=== 3-layer ReLU MLP comparison: QQN vs SGD vs Adam vs L-BFGS ===
    dataset=fashion_mnist  hidden_sizes=[64, 64]  arch=x->64->64->10  activation=sigmoid  (non-convex objective)
  classes=10  n_train=5000  n_test=1000  maxiter=1000

  shared stop: f_target=1.0e-01  gtol=1.0e-08  time_budget=10.0s

[data] Loaded fashion_mnist via tensorflow.keras.
  model parameters: 55050

optimizer       final_loss   iters   train_acc   test_acc   time(s)   ms/it  ->target   t->tgt  vs LBFGS    evals     AUC
----------------------------------------------------------------------------------------------------------------------------------
QQN-Max       9.981035e-02     193      0.9998     0.8380     6.909   35.80       193    6.893     1.38x     1351   -0.56
QQN-Fast      9.981631e-02     288      1.0000     0.8400     6.217   21.59       288    6.200     0.92x     1440   -0.60
L-BFGS        9.992748e-02     266      1.0000     0.8220     2.792   10.50       266    2.792     1.00x      798   -0.63
QQN-S         9.992946e-02     288      1.0000     0.8390     8.010   27.81       288    7.994     0.92x     2016   -0.65
QQN-BT-S      9.992946e-02     288      1.0000     0.8390     7.857   27.28       288    7.841     0.92x     2016   -0.65
QQN-Box       9.993867e-02     309      1.0000     0.8310     6.690   21.65       309    6.671     0.86x     1545   -0.66
QQN-TR        9.993991e-02     403      1.0000     0.8260     8.276   20.54       403    8.258     0.66x     2015   -0.56
QQN-L50       9.994725e-02     180      1.0000     0.8290     4.230   23.50       180    4.214     1.48x      900   -0.56
QQN-L50And    9.994725e-02     180      1.0000     0.8290     4.305   23.92       180    4.288     1.48x      900   -0.56
QQN           9.997763e-02     307      1.0000     0.8290     6.635   21.61       307    6.617     0.87x     1535   -0.65
QQN-BT        9.997763e-02     307      1.0000     0.8290     6.460   21.04       307    6.444     0.87x     1535   -0.65
QQN-L20       9.999963e-02     234      1.0000     0.8360     5.100   21.79       234    5.082     1.14x     1170   -0.62
Adam          1.165810e-01    1000      0.9994     0.8360     1.031    1.03         —        —         —        —   -0.74
QQN-And       1.970443e-01     435      0.9586     0.8460    10.020   23.04         —        —         —        —   -0.32
QQN-Sec       2.780079e-01     500      0.9226     0.8480    10.030   20.06         —        —         —        —   -0.36
SGD           4.439024e-01    1000      0.8520     0.8160     1.023    1.02         —        —         —        —   -0.20
QQN-Mom       1.146634e+00     511      0.6070     0.5920    10.019   19.61         —        —         —        —    0.22
QQN-Mom-S     1.280591e+00     408      0.5800     0.5670    10.018   24.56         —        —         —        —    0.25
QQN-Mom-S-BT  1.283674e+00     406      0.5792     0.5680    10.035   24.72         —        —         —        —    0.25

Pareto frontier (loss vs. time — non-dominated variants):
  SGD          loss=4.4390e-01  time=1.023s
  Adam         loss=1.1658e-01  time=1.031s
  L-BFGS       loss=9.9927e-02  time=2.792s
  QQN-Fast     loss=9.9816e-02  time=6.217s
  QQN-Max      loss=9.9810e-02  time=6.909s

Iteration-efficiency leaderboard (target reached, fewest iters):
  QQN-L50        iters= 180  time=4.214s  vs_LBFGS= 1.48x  final=9.9947e-02
  QQN-L50And     iters= 180  time=4.288s  vs_LBFGS= 1.48x  final=9.9947e-02
  QQN-Max        iters= 193  time=6.893s  vs_LBFGS= 1.38x  final=9.9810e-02
  QQN-L20        iters= 234  time=5.082s  vs_LBFGS= 1.14x  final=1.0000e-01
  L-BFGS         iters= 266  time=2.792s  vs_LBFGS= 1.00x  final=9.9927e-02
  QQN-Fast       iters= 288  time=6.200s  vs_LBFGS= 0.92x  final=9.9816e-02
  QQN-BT-S       iters= 288  time=7.841s  vs_LBFGS= 0.92x  final=9.9929e-02
  QQN-S          iters= 288  time=7.994s  vs_LBFGS= 0.92x  final=9.9929e-02
  QQN-BT         iters= 307  time=6.444s  vs_LBFGS= 0.87x  final=9.9978e-02
  QQN            iters= 307  time=6.617s  vs_LBFGS= 0.87x  final=9.9978e-02
  QQN-Box        iters= 309  time=6.671s  vs_LBFGS= 0.86x  final=9.9939e-02
  QQN-TR         iters= 403  time=8.258s  vs_LBFGS= 0.66x  final=9.9940e-02

Cost-aware leaderboard (estimated function/grad evals to target):
  L-BFGS         evals~  798  (=3.0/it x 266 it)  vs_LBFGS= 1.00x  final=9.9927e-02
  QQN-L50        evals~  900  (=5.0/it x 180 it)  vs_LBFGS= 0.89x  final=9.9947e-02
  QQN-L50And     evals~  900  (=5.0/it x 180 it)  vs_LBFGS= 0.89x  final=9.9947e-02
  QQN-L20        evals~ 1170  (=5.0/it x 234 it)  vs_LBFGS= 0.68x  final=1.0000e-01
  QQN-Max        evals~ 1351  (=7.0/it x 193 it)  vs_LBFGS= 0.59x  final=9.9810e-02
  QQN-Fast       evals~ 1440  (=5.0/it x 288 it)  vs_LBFGS= 0.55x  final=9.9816e-02
  QQN            evals~ 1535  (=5.0/it x 307 it)  vs_LBFGS= 0.52x  final=9.9978e-02
  QQN-BT         evals~ 1535  (=5.0/it x 307 it)  vs_LBFGS= 0.52x  final=9.9978e-02
  QQN-Box        evals~ 1545  (=5.0/it x 309 it)  vs_LBFGS= 0.52x  final=9.9939e-02
  QQN-TR         evals~ 2015  (=5.0/it x 403 it)  vs_LBFGS= 0.40x  final=9.9940e-02
  QQN-S          evals~ 2016  (=7.0/it x 288 it)  vs_LBFGS= 0.40x  final=9.9929e-02
  QQN-BT-S       evals~ 2016  (=7.0/it x 288 it)  vs_LBFGS= 0.40x  final=9.9929e-02

Target-sensitivity profile (iterations to reach each loss target):
  optimizer         <=2.00e-01    <=1.50e-01    <=1.00e-01    <=1.05e-01
  QQN-L50                   98           119           180           165
  QQN-L50And                98           119           180           165
  QQN-Max                  106           129           193           179
  QQN-L20                  111           137           234           217
  L-BFGS                   127           159           266           247
  QQN-Fast                 151           185           288           264
  QQN-S                    128           165           288           267
  QQN-BT-S                 128           165           288           267
  QQN-Box                  135           173           309           283
  QQN                      135           170           307           285
  QQN-BT                   135           170           307           285
  QQN-TR                   204           255           403           373
  QQN-Mom                    —             —             —             —
  QQN-Mom-S                  —             —             —             —
  QQN-Mom-S-BT               —             —             —             —
  QQN-Sec                    —             —             —             —
  QQN-And                  427             —             —             —
  SGD                        —             —             —             —
  Adam                     177           254             —             —

  vs-LBFGS speedup stability across targets (QQN-L50):
    <= 2.00e-01:  1.30x  (L50=98, LBFGS=127)
    <= 1.50e-01:  1.34x  (L50=119, LBFGS=159)
    <= 1.00e-01:  1.48x  (L50=180, LBFGS=266)
    <= 1.05e-01:  1.50x  (L50=165, LBFGS=247)

Convergence-rate profile (iteration first reaching each loss):
  optimizer      <=1.0e+00   <=7.0e-01   <=5.0e-01   <=4.0e-01
  QQN-L50               17          30          45          58
  QQN-L50And            17          30          45          58
  QQN-L20               17          30          45          59
  QQN-Max               21          34          48          61
  QQN-S                 16          30          46          62
  QQN-BT-S              16          30          46          62
  L-BFGS                17          31          46          65
  QQN-Box               17          32          50          66
  QQN                   17          32          49          67
  QQN-BT                17          32          49          67
  Adam                  20          35          52          68
  QQN-Fast              19          35          55          76
  QQN-TR                46          71         107         130
  QQN-And              105         124         153         189
  QQN-Sec               33          59         113         229
  QQN-Mom                —           —           —           —
  QQN-Mom-S              —           —           —           —
  QQN-Mom-S-BT           —           —           —           —
  SGD                  138         286         624           —

Stall report (never reached the shared target):
  Adam           final=1.1658e-01  iters=1000  time=1.031s  [slow (no target in maxiter)]
  QQN-And        final=1.9704e-01  iters=435  time=10.020s  [time-budget exhausted]
  QQN-Sec        final=2.7801e-01  iters=500  time=10.030s  [time-budget exhausted]
  SGD            final=4.4390e-01  iters=1000  time=1.023s  [slow (no target in maxiter)]
  QQN-Mom        final=1.1466e+00  iters=511  time=10.019s  [time-budget exhausted]
  QQN-Mom-S      final=1.2806e+00  iters=408  time=10.018s  [time-budget exhausted]
  QQN-Mom-S-BT   final=1.2837e+00  iters=406  time=10.035s  [time-budget exhausted]

Loss trajectory (log10, sampled):
  QQN          0.37  -0.18  -0.41  -0.57  -0.70  -0.82  -0.88  -0.93  -0.96  -1.00
  QQN-S        0.37  -0.17  -0.42  -0.57  -0.70  -0.81  -0.88  -0.93  -0.97  -1.00
  QQN-BT       0.37  -0.18  -0.41  -0.57  -0.70  -0.82  -0.88  -0.93  -0.96  -1.00
  QQN-BT-S     0.37  -0.17  -0.42  -0.57  -0.70  -0.81  -0.88  -0.93  -0.97  -1.00
  QQN-L20      0.37  -0.11  -0.35  -0.52  -0.67  -0.79  -0.88  -0.93  -0.97  -1.00
  QQN-L50      0.37  -0.03  -0.26  -0.42  -0.57  -0.71  -0.83  -0.92  -0.97  -1.00
  QQN-Mom      0.37   0.35   0.33   0.29   0.24   0.19   0.15   0.11   0.08   0.06
  QQN-Mom-S    0.37   0.36   0.34   0.32   0.28   0.24   0.20   0.16   0.13   0.11
  QQN-Mom-S-BT   0.37   0.36   0.34   0.32   0.28   0.24   0.20   0.16   0.13   0.11
  QQN-Sec      0.37  -0.14  -0.30  -0.35  -0.38  -0.43  -0.47  -0.52  -0.53  -0.56
  QQN-And      0.37   0.33   0.15  -0.27  -0.41  -0.56  -0.64  -0.65  -0.66  -0.71
  QQN-L50And   0.37  -0.03  -0.26  -0.42  -0.57  -0.71  -0.83  -0.92  -0.97  -1.00
  QQN-TR       0.37   0.01  -0.23  -0.42  -0.60  -0.75  -0.85  -0.91  -0.97  -1.00
  QQN-Fast     0.37  -0.12  -0.35  -0.50  -0.62  -0.73  -0.85  -0.92  -0.97  -1.00
  QQN-Max      0.37  -0.01  -0.24  -0.43  -0.58  -0.71  -0.82  -0.92  -0.96  -1.00
  QQN-Box      0.37  -0.18  -0.42  -0.58  -0.71  -0.82  -0.89  -0.93  -0.97  -1.00
  SGD          0.37   0.04  -0.10  -0.19  -0.25  -0.30  -0.31  -0.34  -0.36  -0.35
  Adam         0.37  -0.56  -0.78  -0.89  -0.76  -0.90  -0.95   0.03  -0.86  -0.93
  L-BFGS       0.37  -0.14  -0.37  -0.53  -0.66  -0.78  -0.87  -0.93  -0.97  -1.00

[plot] Saved vs_iter convergence plot to results/fashion_mnist_mlp_comparison_vs_iter_20260622-125046.png
[plot] Saved vs_time convergence plot to results/fashion_mnist_mlp_comparison_vs_time_20260622-125046.png
