# variant: fashion_rolling_atan2
# report:  fashion_mnist_mlp_comparison
# desc:    Rolling sine activation on Fashion-MNIST.
# started: 2026-07-15T03:28:12.649Z
# command: ACTIVATION="rolling_atan2" HIDDEN="256" DEPTH="2" TIME_BUDGET="45" F_TARGET="0.001" python3 examples/fashion_mnist_mlp_comparison.py
------------------------------------------------------------------------
An NVIDIA GPU may be present on this machine, but a CUDA-enabled jaxlib is not installed. Falling back to cpu.
=== 3-layer MLP comparison: QQN vs SGD vs Adam vs L-BFGS ===
    dataset=fashion_mnist  hidden_sizes=[256, 256]  arch=x->256->256->10  activation=rolling_atan2  (non-convex objective)
  classes=10  n_train=25000  n_test=5000  maxiter=1000000

  shared stop: f_target=1.0e-03  gtol=1.0e-08  time_budget=45.0s

[data] Loaded fashion_mnist via tensorflow.keras.
  l2=1.0e-04  sgd_lr=0.05  adam_lr=0.01  seed=42
  n_classes=10  subset_seed=0
  milestones=(1.0, 0.5, 0.2, 0.1)  target_profile=(0.2, 0.1, 0.06, 0.04, 0.02)

  model parameters: 269322

optimizer       final_loss   iters   train_acc   test_acc   time(s)   ms/it  ->target   t->tgt  vs LBFGS    evals     AUC
----------------------------------------------------------------------------------------------------------------------------------
QQN-PathMom   1.340472e+00      26      0.5018     0.4888    47.042 1809.30         —        —         —        —    0.20
QQN-Temp      1.375168e+00     223      0.5117     0.5078    45.054  202.04         —        —         —        —    0.42
L-BFGS        1.603563e+00      27      0.4367     0.4364    46.337 1716.19         —        —         —        —    0.26
QQN           2.092269e+00      21      0.3208     0.3166    45.176 2151.25         —        —         —        —    0.35
QQN-Adam      2.602970e+00      17      0.1211     0.1334    45.519 2677.57         —        —         —        —    0.44
Adam          4.459438e+00     287      0.2866     0.2858    45.121  157.22         —        —         —        —    0.40

Pareto frontier (loss vs. time — non-dominated variants):
  QQN-Temp     loss=1.3752e+00  time=45.054s
  QQN-PathMom  loss=1.3405e+00  time=47.042s

Iteration-efficiency leaderboard (target reached, fewest iters):

Cost-aware leaderboard (estimated function/grad evals to target):

Target-sensitivity profile (iterations to reach each loss target):
  optimizer         <=2.00e-01    <=1.00e-01    <=6.00e-02    <=4.00e-02    <=2.00e-02
  QQN                        —             —             —             —             —
  QQN-Adam                   —             —             —             —             —
  QQN-Temp                   —             —             —             —             —
  QQN-PathMom                —             —             —             —             —
  Adam                       —             —             —             —             —
  L-BFGS                     —             —             —             —             —

Convergence-rate profile (iteration first reaching each loss):
  optimizer      <=1.0e+00   <=5.0e-01   <=2.0e-01   <=1.0e-01
  QQN                    —           —           —           —
  QQN-Adam               —           —           —           —
  QQN-Temp               —           —           —           —
  QQN-PathMom            —           —           —           —
  Adam                   —           —           —           —
  L-BFGS                 —           —           —           —

Inter-milestone cost breakdown (Δtime[s] / Δevals between consecutive milestones):
  optimizer         start->1.0e+00    1.0e+00->5.0e-01    5.0e-01->2.0e-01    2.0e-01->1.0e-01
  QQN                            —                   —                   —                   —
  QQN-Adam                       —                   —                   —                   —
  QQN-Temp                       —                   —                   —                   —
  QQN-PathMom                    —                   —                   —                   —
  Adam                           —                   —                   —                   —
  L-BFGS                         —                   —                   —                   —

Convergence-rate profile (wall-clock seconds first reaching each loss):
  optimizer      <=1.0e+00   <=5.0e-01   <=2.0e-01   <=1.0e-01
  QQN                    —           —           —           —
  QQN-Adam               —           —           —           —
  QQN-Temp               —           —           —           —
  QQN-PathMom            —           —           —           —
  Adam                   —           —           —           —
  L-BFGS                 —           —           —           —

Convergence-rate profile (estimated function/grad evals first reaching each loss):
  optimizer      <=1.0e+00   <=5.0e-01   <=2.0e-01   <=1.0e-01
  QQN                    —           —           —           —
  QQN-Adam               —           —           —           —
  QQN-Temp               —           —           —           —
  QQN-PathMom            —           —           —           —
  Adam                   —           —           —           —
  L-BFGS                 —           —           —           —

Stall report (never reached the shared target):
  QQN-PathMom    final=1.3405e+00  iters= 26  time=47.042s  [time-budget exhausted]
  QQN-Temp       final=1.3752e+00  iters=223  time=45.054s  [time-budget exhausted]
  L-BFGS         final=1.6036e+00  iters= 27  time=46.337s  [time-budget exhausted]
  QQN            final=2.0923e+00  iters= 21  time=45.176s  [time-budget exhausted]
  QQN-Adam       final=2.6030e+00  iters= 17  time=45.519s  [time-budget exhausted]
  Adam           final=4.4594e+00  iters=287  time=45.121s  [time-budget exhausted]

Loss trajectory (log10, sampled):
  QQN          0.61   0.48   0.34   0.33   0.33   0.33   0.33   0.32   0.32   0.32
  QQN-Adam     0.61   0.52   0.45   0.42   0.42   0.42   0.42   0.42   0.42   0.42
  QQN-Temp     0.61   0.36   0.21   0.48   0.38   0.84   0.75   0.19   0.27   0.14
  QQN-PathMom   0.61   0.42   0.26   0.20   0.14   0.13   0.13   0.13   0.13   0.13
  Adam         0.61   0.23   0.17   0.18   0.27   0.39   0.73   0.56   0.50   0.65
  L-BFGS       0.61   0.36   0.26   0.26   0.22   0.21   0.21   0.21   0.21   0.21

[plot] matplotlib not available; skipping plot.

------------------------------------------------------------------------
# exit code: 0  elapsed: 283.4s
