=== 5-layer ReLU MLP comparison: QQN vs SGD vs Adam vs L-BFGS ===
    dataset=fashion_mnist  hidden_sizes=[256, 256, 256, 256]  arch=x->256->256->256->256->10  activation=tanh,gelu,tanh,gelu  (non-convex objective)
  classes=10  n_train=25000  n_test=5000  maxiter=100000

  shared stop: f_target=6.0e-02  gtol=1.0e-08  time_budget=120.0s

[data] Loaded fashion_mnist via tensorflow.keras.
  model parameters: 400906

optimizer       final_loss   iters   train_acc   test_acc   time(s)   ms/it  ->target   t->tgt  vs LBFGS    evals     AUC
----------------------------------------------------------------------------------------------------------------------------------
QQN-L80-BT    5.983739e-02     620      1.0000     0.8640    34.706   55.98       620   34.670     1.23x     3100   -0.77
QQN-Champ     5.983739e-02     620      1.0000     0.8640    35.478   57.22       620   35.441     1.23x     3100   -0.77
QQN-Lean      5.983739e-02     620      1.0000     0.8640    36.133   58.28       620   36.095     1.23x     3100   -0.77
QQN-L120      5.985372e-02     405      1.0000     0.8698    23.325   57.59       405   23.291     1.88x     2025   -0.76
QQN           5.992438e-02     723      1.0000     0.8644    35.995   49.79       723   35.959     1.05x     3615   -0.81
QQN-BT        5.992438e-02     723      1.0000     0.8644    36.196   50.06       723   36.161     1.05x     3615   -0.81
QQN-Box       5.992438e-02     723      1.0000     0.8644    38.642   53.45       723   38.605     1.05x     3615   -0.81
QQN-L50       5.995368e-02     448      1.0000     0.8678    24.672   55.07       448   24.637     1.70x     2240   -0.79
QQN-L50And    5.995368e-02     448      1.0000     0.8678    24.940   55.67       448   24.904     1.70x     2240   -0.79
QQN-L20       5.997033e-02     592      1.0000     0.8654    31.093   52.52       592   31.053     1.28x     2960   -0.81
L-BFGS        5.997388e-02     760      1.0000     0.8578    23.908   31.46       760   23.908     1.00x     2280   -0.84
QQN-Smooth    5.997735e-02     413      1.0000     0.8588    63.763  154.39       413   63.716     1.84x     2891   -0.78
QQN-TR        5.997965e-02    1134      1.0000     0.8600    56.180   49.54      1134   56.143     0.67x     5670   -0.86
QQN-Fast      5.999110e-02     684      1.0000     0.8630    39.525   57.79       684   39.490     1.11x     3420   -0.77
QQN-Max       5.999110e-02     684      1.0000     0.8630    41.172   60.19       684   41.134     1.11x     3420   -0.77
QQN-L80       5.999239e-02     409      1.0000     0.8668    23.978   58.63       409   23.942     1.86x     2045   -0.76
QQN-L80And    5.999239e-02     409      1.0000     0.8668    23.453   57.34       409   23.417     1.86x     2045   -0.76
QQN-S         5.999479e-02     621      1.0000     0.8592    85.024  136.91       621   84.981     1.22x     4347   -0.83
QQN-BT-S      5.999479e-02     621      1.0000     0.8592    83.724  134.82       621   83.682     1.22x     4347   -0.83
SGD           2.041621e-01   10581      0.9479     0.8736   120.001   11.34         —        —         —        —   -0.49
Adam          2.500205e-01   10195      0.9657     0.8566   120.002   11.77         —        —         —        —   -0.22
QQN-Sec       2.815990e-01    1967      0.9204     0.8656   120.036   61.02         —        —         —        —   -0.45
QQN-Mom       2.816353e-01    1393      0.9202     0.8672   120.045   86.18         —        —         —        —   -0.46
QQN-L50P      3.257735e-01     410      0.8876     0.8592   120.260  293.32         —        —         —        —   -0.43
QQN-Mom-S     3.265170e-01     790      0.9054     0.8636   120.129  152.06         —        —         —        —   -0.41
QQN-Mom-S-BT  3.286493e-01     747      0.9042     0.8636   120.050  160.71         —        —         —        —   -0.40
QQN-And       3.667789e-01    1337      0.8896     0.8562   120.087   89.82         —        —         —        —   -0.36
QQN-MaxS      2.055486e+00     339      0.3372     0.3362   120.108  354.30         —        —         —        —    0.31

Pareto frontier (loss vs. time — non-dominated variants):
  QQN-L120     loss=5.9854e-02  time=23.325s
  QQN-L80-BT   loss=5.9837e-02  time=34.706s

Iteration-efficiency leaderboard (target reached, fewest iters):
  QQN-L120       iters= 405  time=23.291s  vs_LBFGS= 1.88x  final=5.9854e-02
  QQN-L80And     iters= 409  time=23.417s  vs_LBFGS= 1.86x  final=5.9992e-02
  QQN-L80        iters= 409  time=23.942s  vs_LBFGS= 1.86x  final=5.9992e-02
  QQN-Smooth     iters= 413  time=63.716s  vs_LBFGS= 1.84x  final=5.9977e-02
  QQN-L50        iters= 448  time=24.637s  vs_LBFGS= 1.70x  final=5.9954e-02
  QQN-L50And     iters= 448  time=24.904s  vs_LBFGS= 1.70x  final=5.9954e-02
  QQN-L20        iters= 592  time=31.053s  vs_LBFGS= 1.28x  final=5.9970e-02
  QQN-L80-BT     iters= 620  time=34.670s  vs_LBFGS= 1.23x  final=5.9837e-02
  QQN-Champ      iters= 620  time=35.441s  vs_LBFGS= 1.23x  final=5.9837e-02
  QQN-Lean       iters= 620  time=36.095s  vs_LBFGS= 1.23x  final=5.9837e-02
  QQN-BT-S       iters= 621  time=83.682s  vs_LBFGS= 1.22x  final=5.9995e-02
  QQN-S          iters= 621  time=84.981s  vs_LBFGS= 1.22x  final=5.9995e-02

Cost-aware leaderboard (estimated function/grad evals to target):
  QQN-L120       evals~ 2025  (=5.0/it x 405 it)  vs_LBFGS= 1.13x  final=5.9854e-02
  QQN-L80        evals~ 2045  (=5.0/it x 409 it)  vs_LBFGS= 1.11x  final=5.9992e-02
  QQN-L80And     evals~ 2045  (=5.0/it x 409 it)  vs_LBFGS= 1.11x  final=5.9992e-02
  QQN-L50        evals~ 2240  (=5.0/it x 448 it)  vs_LBFGS= 1.02x  final=5.9954e-02
  QQN-L50And     evals~ 2240  (=5.0/it x 448 it)  vs_LBFGS= 1.02x  final=5.9954e-02
  L-BFGS         evals~ 2280  (=3.0/it x 760 it)  vs_LBFGS= 1.00x  final=5.9974e-02
  QQN-Smooth     evals~ 2891  (=7.0/it x 413 it)  vs_LBFGS= 0.79x  final=5.9977e-02
  QQN-L20        evals~ 2960  (=5.0/it x 592 it)  vs_LBFGS= 0.77x  final=5.9970e-02
  QQN-L80-BT     evals~ 3100  (=5.0/it x 620 it)  vs_LBFGS= 0.74x  final=5.9837e-02
  QQN-Champ      evals~ 3100  (=5.0/it x 620 it)  vs_LBFGS= 0.74x  final=5.9837e-02
  QQN-Lean       evals~ 3100  (=5.0/it x 620 it)  vs_LBFGS= 0.74x  final=5.9837e-02
  QQN-Fast       evals~ 3420  (=5.0/it x 684 it)  vs_LBFGS= 0.67x  final=5.9991e-02

Target-sensitivity profile (iterations to reach each loss target):
  optimizer         <=2.00e-01    <=1.50e-01    <=1.00e-01    <=8.00e-02    <=6.00e-02
  QQN-L120                 180           220           272           312           405
  QQN-L80                  178           217           269           310           409
  QQN-L80And               178           217           269           310           409
  QQN-Smooth               173           215           269           309           413
  QQN-L50                  178           217           274           322           448
  QQN-L50And               178           217           274           322           448
  QQN-L20                  220           275           358           425           592
  QQN-L80-BT               262           323           415           470           620
  QQN-Champ                262           323           415           470           620
  QQN-Lean                 262           323           415           470           620
  QQN-S                    216           277           358           462           621
  QQN-BT-S                 216           277           358           462           621
  QQN-Fast                 283           365           453           514           684
  QQN-Max                  283           365           453           514           684
  QQN                      270           331           423           570           723
  QQN-BT                   270           331           423           570           723
  QQN-Box                  270           331           423           570           723
  L-BFGS                   254           323           424           543           760
  QQN-TR                   305           452           696           855          1134
  QQN-L50P                   —             —             —             —             —
  QQN-Mom                    —             —             —             —             —
  QQN-Mom-S                  —             —             —             —             —
  QQN-Mom-S-BT               —             —             —             —             —
  QQN-Sec                    —             —             —             —             —
  QQN-And                    —             —             —             —             —
  QQN-MaxS                   —             —             —             —             —
  SGD                        —             —             —             —             —
  Adam                    1214          2379             —             —             —

  vs-LBFGS speedup stability across targets (QQN-L50):
    <= 2.00e-01:  1.43x  (QQN-L50=178, LBFGS=254)
    <= 1.50e-01:  1.49x  (QQN-L50=217, LBFGS=323)
    <= 1.00e-01:  1.55x  (QQN-L50=274, LBFGS=424)
    <= 8.00e-02:  1.69x  (QQN-L50=322, LBFGS=543)
    <= 6.00e-02:  1.70x  (QQN-L50=448, LBFGS=760)

  vs-LBFGS speedup stability across targets (QQN-L80):
    <= 2.00e-01:  1.43x  (QQN-L80=178, LBFGS=254)
    <= 1.50e-01:  1.49x  (QQN-L80=217, LBFGS=323)
    <= 1.00e-01:  1.58x  (QQN-L80=269, LBFGS=424)
    <= 8.00e-02:  1.75x  (QQN-L80=310, LBFGS=543)
    <= 6.00e-02:  1.86x  (QQN-L80=409, LBFGS=760)

  vs-LBFGS speedup stability across targets (QQN-L120):
    <= 2.00e-01:  1.41x  (QQN-L120=180, LBFGS=254)
    <= 1.50e-01:  1.47x  (QQN-L120=220, LBFGS=323)
    <= 1.00e-01:  1.56x  (QQN-L120=272, LBFGS=424)
    <= 8.00e-02:  1.74x  (QQN-L120=312, LBFGS=543)
    <= 6.00e-02:  1.88x  (QQN-L120=405, LBFGS=760)

  vs-LBFGS speedup stability across targets (QQN-Lean):
    <= 2.00e-01:  0.97x  (QQN-Lean=262, LBFGS=254)
    <= 1.50e-01:  1.00x  (QQN-Lean=323, LBFGS=323)
    <= 1.00e-01:  1.02x  (QQN-Lean=415, LBFGS=424)
    <= 8.00e-02:  1.16x  (QQN-Lean=470, LBFGS=543)
    <= 6.00e-02:  1.23x  (QQN-Lean=620, LBFGS=760)

  vs-LBFGS speedup stability across targets (QQN-Champ):
    <= 2.00e-01:  0.97x  (QQN-Champ=262, LBFGS=254)
    <= 1.50e-01:  1.00x  (QQN-Champ=323, LBFGS=323)
    <= 1.00e-01:  1.02x  (QQN-Champ=415, LBFGS=424)
    <= 8.00e-02:  1.16x  (QQN-Champ=470, LBFGS=543)
    <= 6.00e-02:  1.23x  (QQN-Champ=620, LBFGS=760)

Convergence-rate profile (iteration first reaching each loss):
  optimizer      <=1.0e+00   <=5.0e-01   <=2.0e-01   <=1.0e-01
  QQN-L80                7          40         178         269
  QQN-L80And             7          40         178         269
  QQN-Smooth             6          33         173         269
  QQN-L120               7          40         180         272
  QQN-L50                7          40         178         274
  QQN-L50And             7          40         178         274
  QQN-S                  6          34         216         358
  QQN-BT-S               6          34         216         358
  QQN-L20                7          41         220         358
  QQN-L80-BT            10          50         262         415
  QQN-Champ             10          50         262         415
  QQN-Lean              10          50         262         415
  QQN                    7          44         270         423
  QQN-BT                 7          44         270         423
  QQN-Box                7          44         270         423
  L-BFGS                 8          44         254         424
  QQN-Fast              12          57         283         453
  QQN-Max               12          57         283         453
  QQN-TR                 7          41         305         696
  QQN-L50P               7          47           —           —
  QQN-Mom               12          69           —           —
  QQN-Mom-S              8          64           —           —
  QQN-Mom-S-BT           8          64           —           —
  QQN-Sec               13         101           —           —
  QQN-And                8         170           —           —
  QQN-MaxS               —           —           —           —
  SGD                   68         591           —           —
  Adam                  16          68        1214           —

Inter-milestone cost breakdown (Δtime[s] / Δevals between consecutive milestones):
  optimizer         start->1.0e+00    1.0e+00->5.0e-01    5.0e-01->2.0e-01    2.0e-01->1.0e-01
  QQN-L50                 3.036/35           1.594/165           6.643/690           4.831/480
  QQN-L50And              3.121/35           1.658/165           6.740/690           4.665/480
  QQN-L80And              3.082/35           1.694/165           7.014/690           4.521/455
  QQN-L120                2.988/35           1.673/165           7.137/700           4.736/460
  L-BFGS                  8.186/24           0.684/108           4.122/630           3.677/510
  QQN-L80                 3.145/35           2.361/165           6.807/690           4.443/455
  QQN-L20                 3.202/35           1.751/170           8.320/895           6.673/690
  QQN                     3.180/35           1.726/185         10.357/1130           6.959/765
  QQN-BT                  3.117/35           1.698/185         10.447/1130           7.059/765
  QQN-Box                 3.157/35           1.771/185         10.806/1130           7.695/765
  QQN-L80-BT              3.482/50           1.978/200         10.846/1060           7.773/765
  QQN-Champ               3.313/50           1.987/200         10.639/1060           8.177/765
  QQN-Lean                3.392/50           2.136/200         11.406/1060           7.906/765
  QQN-Fast                3.553/60           2.408/225         11.596/1130           8.742/850
  QQN-Max                 3.502/60           2.431/225         13.115/1130           9.187/850
  QQN-TR                  3.006/35           1.534/170         12.030/1320         17.877/1955
  QQN-Smooth              8.767/42           3.302/189          19.450/980          12.989/672
  QQN-BT-S                8.355/42           3.124/196         21.951/1274          17.940/994
  QQN-S                   8.545/42           3.193/196         22.690/1274          18.269/994
  QQN-L50P                3.634/35           5.369/200                   —                   —
  QQN-Mom                 3.243/60           3.327/285                   —                   —
  QQN-Mom-S               8.622/56           6.861/392                   —                   —
  QQN-Mom-S-BT            8.510/56           6.799/392                   —                   —
  QQN-Sec                 3.320/65           4.765/440                   —                   —
  QQN-And                 3.167/40          12.037/810                   —                   —
  QQN-MaxS                       —                   —                   —                   —
  SGD                     2.390/68           5.565/523                   —                   —
  Adam                    1.944/16            0.544/52         13.432/1146                   —

Convergence-rate profile (wall-clock seconds first reaching each loss):
  optimizer      <=1.0e+00   <=5.0e-01   <=2.0e-01   <=1.0e-01
  QQN-L50            3.036       4.630      11.272      16.104
  QQN-L50And         3.121       4.780      11.520      16.185
  QQN-L80And         3.082       4.777      11.790      16.311
  QQN-L120           2.988       4.661      11.798      16.534
  L-BFGS             8.186       8.871      12.993      16.670
  QQN-L80            3.145       5.505      12.313      16.756
  QQN-L20            3.202       4.953      13.273      19.946
  QQN                3.180       4.905      15.262      22.222
  QQN-BT             3.117       4.815      15.262      22.321
  QQN-Box            3.157       4.928      15.734      23.428
  QQN-L80-BT         3.482       5.461      16.307      24.080
  QQN-Champ          3.313       5.300      15.939      24.116
  QQN-Lean           3.392       5.529      16.935      24.841
  QQN-Fast           3.553       5.961      17.557      26.299
  QQN-Max            3.502       5.933      19.048      28.235
  QQN-TR             3.006       4.540      16.570      34.448
  QQN-Smooth         8.767      12.069      31.518      44.507
  QQN-BT-S           8.355      11.478      33.429      51.369
  QQN-S              8.545      11.738      34.428      52.697
  QQN-L50P           3.634       9.003           —           —
  QQN-Mom            3.243       6.570           —           —
  QQN-Mom-S          8.622      15.483           —           —
  QQN-Mom-S-BT       8.510      15.309           —           —
  QQN-Sec            3.320       8.085           —           —
  QQN-And            3.167      15.204           —           —
  QQN-MaxS               —           —           —           —
  SGD                2.390       7.956           —           —
  Adam               1.944       2.487      15.919           —

Convergence-rate profile (estimated function/grad evals first reaching each loss):
  optimizer      <=1.0e+00   <=5.0e-01   <=2.0e-01   <=1.0e-01
  L-BFGS                24         132         762        1272
  QQN-L80               35         200         890        1345
  QQN-L80And            35         200         890        1345
  QQN-L120              35         200         900        1360
  QQN-L50               35         200         890        1370
  QQN-L50And            35         200         890        1370
  QQN-L20               35         205        1100        1790
  QQN-Smooth            42         231        1211        1883
  QQN-L80-BT            50         250        1310        2075
  QQN-Champ             50         250        1310        2075
  QQN-Lean              50         250        1310        2075
  QQN                   35         220        1350        2115
  QQN-BT                35         220        1350        2115
  QQN-Box               35         220        1350        2115
  QQN-Fast              60         285        1415        2265
  QQN-Max               60         285        1415        2265
  QQN-S                 42         238        1512        2506
  QQN-BT-S              42         238        1512        2506
  QQN-TR                35         205        1525        3480
  QQN-L50P              35         235           —           —
  QQN-Mom               60         345           —           —
  QQN-Mom-S             56         448           —           —
  QQN-Mom-S-BT          56         448           —           —
  QQN-Sec               65         505           —           —
  QQN-And               40         850           —           —
  QQN-MaxS               —           —           —           —
  SGD                   68         591           —           —
  Adam                  16          68        1214           —

Stall report (never reached the shared target):
  SGD            final=2.0416e-01  iters=10581  time=120.001s  [time-budget exhausted]
  Adam           final=2.5002e-01  iters=10195  time=120.002s  [time-budget exhausted]
  QQN-Sec        final=2.8160e-01  iters=1967  time=120.036s  [time-budget exhausted]
  QQN-Mom        final=2.8164e-01  iters=1393  time=120.045s  [time-budget exhausted]
  QQN-L50P       final=3.2577e-01  iters=410  time=120.260s  [time-budget exhausted]
  QQN-Mom-S      final=3.2652e-01  iters=790  time=120.129s  [time-budget exhausted]
  QQN-Mom-S-BT   final=3.2865e-01  iters=747  time=120.050s  [time-budget exhausted]
  QQN-And        final=3.6678e-01  iters=1337  time=120.087s  [time-budget exhausted]
  QQN-MaxS       final=2.0555e+00  iters=339  time=120.108s  [time-budget exhausted]

Loss trajectory (log10, sampled):
  QQN          0.38  -0.39  -0.54  -0.66  -0.80  -0.97  -1.06  -1.09  -1.16  -1.22
  QQN-S        0.38  -0.41  -0.55  -0.69  -0.82  -0.98  -1.07  -1.11  -1.16  -1.22
  QQN-BT       0.38  -0.39  -0.54  -0.66  -0.80  -0.97  -1.06  -1.09  -1.16  -1.22
  QQN-BT-S     0.38  -0.41  -0.55  -0.69  -0.82  -0.98  -1.07  -1.11  -1.16  -1.22
  QQN-L20      0.38  -0.38  -0.52  -0.65  -0.80  -0.94  -1.06  -1.12  -1.16  -1.22
  QQN-L50      0.38  -0.34  -0.49  -0.62  -0.76  -0.92  -1.06  -1.13  -1.17  -1.22
  QQN-L50P     0.38  -0.29  -0.43  -0.49  -0.49  -0.49  -0.49  -0.49  -0.49  -0.49
  QQN-L80      0.38  -0.33  -0.46  -0.59  -0.71  -0.86  -1.01  -1.11  -1.17  -1.22
  QQN-L120     0.38  -0.33  -0.46  -0.58  -0.70  -0.85  -0.99  -1.10  -1.17  -1.22
  QQN-L80And   0.38  -0.33  -0.46  -0.59  -0.71  -0.86  -1.01  -1.11  -1.17  -1.22
  QQN-L80-BT   0.38  -0.35  -0.48  -0.61  -0.72  -0.87  -0.99  -1.11  -1.17  -1.22
  QQN-Mom      0.38  -0.37  -0.41  -0.45  -0.47  -0.49  -0.51  -0.52  -0.54  -0.55
  QQN-Mom-S    0.38  -0.33  -0.38  -0.40  -0.42  -0.44  -0.45  -0.47  -0.48  -0.49
  QQN-Mom-S-BT   0.38  -0.32  -0.37  -0.40  -0.42  -0.44  -0.45  -0.46  -0.47  -0.48
  QQN-Sec      0.38  -0.34  -0.39  -0.45  -0.47  -0.48  -0.52  -0.53  -0.54  -0.55
  QQN-And      0.38  -0.29  -0.33  -0.36  -0.38  -0.39  -0.40  -0.42  -0.43  -0.44
  QQN-L50And   0.38  -0.34  -0.49  -0.62  -0.76  -0.92  -1.06  -1.13  -1.17  -1.22
  QQN-TR       0.38  -0.48  -0.65  -0.75  -0.87  -0.96  -1.05  -1.11  -1.17  -1.22
  QQN-Fast     0.38  -0.36  -0.49  -0.60  -0.72  -0.85  -1.01  -1.12  -1.17  -1.22
  QQN-Max      0.38  -0.36  -0.49  -0.60  -0.72  -0.85  -1.01  -1.12  -1.17  -1.22
  QQN-MaxS     0.38   0.31   0.31   0.31   0.31   0.31   0.31   0.31   0.31   0.31
  QQN-Champ    0.38  -0.35  -0.48  -0.61  -0.72  -0.87  -0.99  -1.11  -1.17  -1.22
  QQN-Box      0.38  -0.39  -0.54  -0.66  -0.80  -0.97  -1.06  -1.09  -1.16  -1.22
  QQN-Lean     0.38  -0.35  -0.48  -0.61  -0.72  -0.87  -0.99  -1.11  -1.17  -1.22
  QQN-Smooth   0.38  -0.35  -0.48  -0.60  -0.73  -0.87  -1.02  -1.12  -1.18  -1.22
  SGD          0.38  -0.36  -0.42  -0.47  -0.50  -0.51  -0.57  -0.61  -0.64  -0.69
  Adam         0.38  -0.64  -0.75  -0.56  -0.54   0.43   0.21  -0.21  -0.37  -0.60
  L-BFGS       0.38  -0.40  -0.56  -0.70  -0.85  -1.00  -1.08  -1.12  -1.17  -1.22

[plot] Saved vs_iter convergence plot to results/fashion_mnist_mlp_comparison_vs_iter_20260622-230329.png
[plot] Saved vs_time convergence plot to results/fashion_mnist_mlp_comparison_vs_time_20260622-230329.png
