# variant: fashion_qqn_wide
# report:  fashion_mnist_mlp_comparison
# desc:    Wider network (512x3): even richer curvature, amplifying the second-order advantage of QQN`s L-BFGS oracle.
# started: 2026-07-15T13:37:10.789Z
# command: DATASET="fashion_mnist" N_TRAIN="25000" N_TEST="5000" HIDDEN="512" DEPTH="3" ACTIVATION="tanh,gelu,tanh" python3 examples/fashion_mnist_mlp_comparison.py
------------------------------------------------------------------------
An NVIDIA GPU may be present on this machine, but a CUDA-enabled jaxlib is not installed. Falling back to cpu.
=== 4-layer MLP comparison: QQN vs SGD vs Adam vs L-BFGS ===
    dataset=fashion_mnist  hidden_sizes=[512, 512, 512]  arch=x->512->512->512->10  activation=tanh,gelu,tanh  (non-convex objective)
  classes=10  n_train=25000  n_test=5000  maxiter=1000000

  shared stop: f_target=2.0e-02  gtol=1.0e-08  time_budget=150.0s

[data] Loaded fashion_mnist via tensorflow.keras.
  l2=1.0e-04  sgd_lr=0.05  adam_lr=0.01  seed=42
  n_classes=10  subset_seed=0
  milestones=(1.0, 0.5, 0.2, 0.1)  target_profile=(0.2, 0.1, 0.06, 0.04, 0.02)

  model parameters: 932362

optimizer       final_loss   iters   train_acc   test_acc   time(s)   ms/it  ->target   t->tgt  vs LBFGS    evals     AUC
----------------------------------------------------------------------------------------------------------------------------------
QQN-Temp      8.985650e-02     687      1.0000     0.8680   150.147  218.55         —        —         —        —   -0.71
QQN           1.024900e-01     647      1.0000     0.8686   150.070  231.95         —        —         —        —   -0.67
L-BFGS        1.530208e-01     354      0.9815     0.8688   150.385  424.82         —        —         —        —   -0.53
Adam          3.234844e-01     708      0.9262     0.8642   150.123  212.04         —        —         —        —   -0.27
QQN-Adam      4.295406e-01      76      0.8782     0.8514   151.606 1994.82         —        —         —        —   -0.24
QQN-PathMom   5.538338e-01     160      0.8319     0.8136   150.204  938.78         —        —         —        —   -0.20

Pareto frontier (loss vs. time — non-dominated variants):
  QQN          loss=1.0249e-01  time=150.070s
  QQN-Temp     loss=8.9856e-02  time=150.147s

Iteration-efficiency leaderboard (target reached, fewest iters):

Cost-aware leaderboard (estimated function/grad evals to target):

Target-sensitivity profile (iterations to reach each loss target):
  optimizer         <=2.00e-01    <=1.00e-01    <=6.00e-02    <=4.00e-02    <=2.00e-02
  QQN                      317             —             —             —             —
  QQN-Adam                   —             —             —             —             —
  QQN-Temp                 306           567             —             —             —
  QQN-PathMom                —             —             —             —             —
  Adam                       —             —             —             —             —
  L-BFGS                   275             —             —             —             —

Convergence-rate profile (iteration first reaching each loss):
  optimizer      <=1.0e+00   <=5.0e-01   <=2.0e-01   <=1.0e-01
  QQN-Temp               7          46         306         567
  QQN                    7          51         317           —
  QQN-Adam               7          42           —           —
  QQN-PathMom            6           —           —           —
  Adam                  36         153           —           —
  L-BFGS                 7          42         275           —

Inter-milestone cost breakdown (Δtime[s] / Δevals between consecutive milestones):
  optimizer         start->1.0e+00    1.0e+00->5.0e-01    5.0e-01->2.0e-01    2.0e-01->1.0e-01
  QQN-Temp                 6.143/8            8.227/39          53.820/260          56.621/261
  QQN                     6.662/11            9.832/46          58.941/283                   —
  QQN-Adam               17.836/76          65.570/351                   —                   —
  QQN-PathMom             7.119/18                   —                   —                   —
  Adam                    8.929/36          24.138/117                   —                   —
  L-BFGS                  8.984/14           14.458/71          94.867/481                   —

Convergence-rate profile (wall-clock seconds first reaching each loss):
  optimizer      <=1.0e+00   <=5.0e-01   <=2.0e-01   <=1.0e-01
  QQN-Temp           6.143      14.371      68.191     124.811
  QQN                6.662      16.494      75.435           —
  QQN-Adam          17.836      83.406           —           —
  QQN-PathMom        7.119           —           —           —
  Adam               8.929      33.067           —           —
  L-BFGS             8.984      23.442     118.309           —

Convergence-rate profile (estimated function/grad evals first reaching each loss):
  optimizer      <=1.0e+00   <=5.0e-01   <=2.0e-01   <=1.0e-01
  QQN-Temp               8          47         307         568
  QQN                   11          57         340           —
  QQN-Adam              76         427           —           —
  QQN-PathMom           18           —           —           —
  Adam                  36         153           —           —
  L-BFGS                14          85         566           —

Stall report (never reached the shared target):
  QQN-Temp       final=8.9856e-02  iters=687  time=150.147s  [time-budget exhausted]
  QQN            final=1.0249e-01  iters=647  time=150.070s  [time-budget exhausted]
  L-BFGS         final=1.5302e-01  iters=354  time=150.385s  [time-budget exhausted]
  Adam           final=3.2348e-01  iters=708  time=150.123s  [time-budget exhausted]
  QQN-Adam       final=4.2954e-01  iters= 76  time=151.606s  [time-budget exhausted]
  QQN-PathMom    final=5.5383e-01  iters=160  time=150.204s  [time-budget exhausted]

Loss trajectory (log10, sampled):
  QQN          0.38  -0.35  -0.46  -0.56  -0.66  -0.76  -0.86  -0.93  -0.96  -0.99
  QQN-Adam     0.38  -0.03  -0.16  -0.24  -0.27  -0.30  -0.33  -0.34  -0.35  -0.37
  QQN-Temp     0.38  -0.36  -0.49  -0.59  -0.70  -0.80  -0.91  -0.98  -1.02  -1.05
  QQN-PathMom   0.38  -0.13  -0.18  -0.21  -0.22  -0.23  -0.24  -0.25  -0.25  -0.26
  Adam         0.38  -0.17  -0.26  -0.33  -0.29  -0.28  -0.39  -0.44  -0.35  -0.49
  L-BFGS       0.38  -0.30  -0.38  -0.45  -0.52  -0.57  -0.64  -0.70  -0.76  -0.82

[plot] Saved vs_iter convergence plot to results/fashion_mnist_mlp_comparison_vs_iter_20260715-095224.png
[plot] Saved vs_time convergence plot to results/fashion_mnist_mlp_comparison_vs_time_20260715-095224.png

------------------------------------------------------------------------
# exit code: 0  elapsed: 915.7s
