# variant: comparison_act_swish
# report:  fashion_mnist_mlp_comparison
# desc:    Activation sweep (comparison): swish on fashion_mnist_mlp_comparison with uniform sweep params.
# started: 2026-07-16T01:17:41.312Z
# command: N_TRAIN="8000" N_TEST="2000" HIDDEN="128" DEPTH="2" TIME_BUDGET="45" F_TARGET="0.01" DATASET="fashion_mnist" ACTIVATION="swish" python3 examples/fashion_mnist_mlp_comparison.py
------------------------------------------------------------------------
An NVIDIA GPU may be present on this machine, but a CUDA-enabled jaxlib is not installed. Falling back to cpu.
=== 3-layer MLP comparison: QQN vs SGD vs Adam vs L-BFGS ===
    dataset=fashion_mnist  hidden_sizes=[128, 128]  arch=x->128->128->10  activation=swish  (non-convex objective)
  classes=10  n_train=8000  n_test=2000  maxiter=1000000

  shared stop: f_target=1.0e-02  gtol=1.0e-08  time_budget=45.0s

[data] Loaded fashion_mnist via tensorflow.keras.
  l2=1.0e-04  sgd_lr=0.05  adam_lr=0.01  seed=42
  n_classes=10  subset_seed=0
  milestones=(1.0, 0.5, 0.2, 0.1)  target_profile=(0.2, 0.1, 0.06, 0.04, 0.02)

  model parameters: 118282

optimizer       final_loss   iters   train_acc   test_acc   time(s)   ms/it  ->target   t->tgt  vs LBFGS    evals     AUC
----------------------------------------------------------------------------------------------------------------------------------
QQN           1.844415e-02    2804      1.0000     0.8425    45.009   16.05         —        —         —        —   -1.46
QQN-Temp      1.867147e-02    2987      1.0000     0.8440    45.008   15.07         —        —         —        —   -1.39
L-BFGS        1.994329e-02    1673      1.0000     0.8395    45.023   26.91         —        —         —        —   -1.28
QQN-Adam      1.119053e-01     415      0.9828     0.8540    45.012  108.46         —        —         —        —   -0.68
Adam          5.147104e-01    4228      0.8609     0.7980    45.004   10.64         —        —         —        —   -0.67
QQN-PathMom   5.357302e-01     650      0.8211     0.8165    45.063   69.33         —        —         —        —   -0.19

Pareto frontier (loss vs. time — non-dominated variants):
  Adam         loss=5.1471e-01  time=45.004s
  QQN-Temp     loss=1.8671e-02  time=45.008s
  QQN          loss=1.8444e-02  time=45.009s

Iteration-efficiency leaderboard (target reached, fewest iters):

Cost-aware leaderboard (estimated function/grad evals to target):

Target-sensitivity profile (iterations to reach each loss target):
  optimizer         <=2.00e-01    <=1.00e-01    <=6.00e-02    <=4.00e-02    <=2.00e-02
  L-BFGS                   290           432           543           766          1651
  QQN                      287           428           539           751          1686
  QQN-Temp                 407           635           746           982          2073
  QQN-Adam                 186             —             —             —             —
  QQN-PathMom                —             —             —             —             —
  Adam                     154           383             —             —             —

Convergence-rate profile (iteration first reaching each loss):
  optimizer      <=1.0e+00   <=5.0e-01   <=2.0e-01   <=1.0e-01
  Adam                   9          35         154         383
  QQN                    6          68         287         428
  L-BFGS                10          64         290         432
  QQN-Temp               6          63         407         635
  QQN-Adam               6          29         186           —
  QQN-PathMom            8           —           —           —

Inter-milestone cost breakdown (Δtime[s] / Δevals between consecutive milestones):
  optimizer         start->1.0e+00    1.0e+00->5.0e-01    5.0e-01->2.0e-01    2.0e-01->1.0e-01
  Adam                     0.516/9            0.275/26           1.254/119           2.419/229
  QQN                      1.694/7            0.959/65           3.363/235           2.219/157
  QQN-Temp                 1.769/7            0.829/57           5.011/344           3.292/228
  L-BFGS                  2.382/22           1.385/113           5.922/470           3.659/298
  QQN-Adam                1.902/53           1.930/197         15.139/1559                   —
  QQN-PathMom             1.701/31                   —                   —                   —

Convergence-rate profile (wall-clock seconds first reaching each loss):
  optimizer      <=1.0e+00   <=5.0e-01   <=2.0e-01   <=1.0e-01
  Adam               0.516       0.791       2.045       4.464
  QQN                1.694       2.652       6.015       8.234
  QQN-Temp           1.769       2.598       7.609      10.901
  L-BFGS             2.382       3.767       9.689      13.347
  QQN-Adam           1.902       3.831      18.970           —
  QQN-PathMom        1.701           —           —           —

Convergence-rate profile (estimated function/grad evals first reaching each loss):
  optimizer      <=1.0e+00   <=5.0e-01   <=2.0e-01   <=1.0e-01
  Adam                   9          35         154         383
  QQN                    7          72         307         464
  QQN-Temp               7          64         408         636
  L-BFGS                22         135         605         903
  QQN-Adam              53         250        1809           —
  QQN-PathMom           31           —           —           —

Convergence-rate profile (forward value evals first reaching each loss):
  optimizer      <=1.0e+00   <=5.0e-01   <=2.0e-01   <=1.0e-01
  Adam                   9          35         154         383
  QQN                    7          72         307         464
  QQN-Temp               7          64         408         636
  L-BFGS                22         135         605         903
  QQN-Adam              53         250        1809           —
  QQN-PathMom           31           —           —           —

Convergence-rate profile (backward gradient evals first reaching each loss):
  optimizer      <=1.0e+00   <=5.0e-01   <=2.0e-01   <=1.0e-01
  Adam                   9          35         154         383
  L-BFGS                10          64         290         432
  QQN                    7          72         307         464
  QQN-Temp               7          64         408         636
  QQN-Adam              53         250        1809           —
  QQN-PathMom           31           —           —           —

Stall report (never reached the shared target):
  QQN            final=1.8444e-02  iters=2804  time=45.009s  [time-budget exhausted]
  QQN-Temp       final=1.8671e-02  iters=2987  time=45.008s  [time-budget exhausted]
  L-BFGS         final=1.9943e-02  iters=1673  time=45.023s  [time-budget exhausted]
  QQN-Adam       final=1.1191e-01  iters=415  time=45.012s  [time-budget exhausted]
  Adam           final=5.1471e-01  iters=4228  time=45.004s  [time-budget exhausted]
  QQN-PathMom    final=5.3573e-01  iters=650  time=45.063s  [time-budget exhausted]

Loss trajectory (log10, sampled):
  QQN          0.36  -0.75  -1.30  -1.57  -1.66  -1.69  -1.71  -1.72  -1.73  -1.73
  QQN-Adam     0.36  -0.40  -0.52  -0.63  -0.70  -0.77  -0.82  -0.86  -0.90  -0.95
  QQN-Temp     0.36  -0.61  -1.06  -1.41  -1.62  -1.67  -1.69  -1.71  -1.72  -1.73
  QQN-PathMom   0.36  -0.11  -0.15  -0.17  -0.19  -0.21  -0.22  -0.25  -0.26  -0.27
  Adam         0.36  -0.96  -0.78  -0.81  -0.36  -0.63  -0.62  -0.85  -0.62  -0.29
  L-BFGS       0.36  -0.50  -0.86  -1.24  -1.38  -1.55  -1.64  -1.67  -1.69  -1.70

[plot] Saved vs_iter convergence plot to results/fashion_mnist_mlp_comparison_vs_iter_20260715-212217.png
[plot] Saved vs_time convergence plot to results/fashion_mnist_mlp_comparison_vs_time_20260715-212217.png

------------------------------------------------------------------------
# exit code: 0  elapsed: 278.5s
