# variant: fashion_rolling_sin_control
# report:  fashion_mnist_mlp_comparison
# desc:    Rolling sine activation on Fashion-MNIST.
# started: 2026-07-15T13:31:05.569Z
# command: ACTIVATION="sine" HIDDEN="256" DEPTH="3" TIME_BUDGET="45" F_TARGET="0.001" python3 examples/fashion_mnist_mlp_comparison.py
------------------------------------------------------------------------
An NVIDIA GPU may be present on this machine, but a CUDA-enabled jaxlib is not installed. Falling back to cpu.
=== 4-layer MLP comparison: QQN vs SGD vs Adam vs L-BFGS ===
    dataset=fashion_mnist  hidden_sizes=[256, 256, 256]  arch=x->256->256->256->10  activation=sine  (non-convex objective)
  classes=10  n_train=25000  n_test=5000  maxiter=1000000

  shared stop: f_target=1.0e-03  gtol=1.0e-08  time_budget=45.0s

[data] Loaded fashion_mnist via tensorflow.keras.
  l2=1.0e-04  sgd_lr=0.05  adam_lr=0.01  seed=42
  n_classes=10  subset_seed=0
  milestones=(1.0, 0.5, 0.2, 0.1)  target_profile=(0.2, 0.1, 0.06, 0.04, 0.02)

  model parameters: 335114

optimizer       final_loss   iters   train_acc   test_acc   time(s)   ms/it  ->target   t->tgt  vs LBFGS    evals     AUC
----------------------------------------------------------------------------------------------------------------------------------
Adam          7.476819e-02     326      1.0000     0.8570    45.114  138.39         —        —         —        —   -0.80
QQN-Temp      7.484566e-02     291      0.9999     0.8672    45.063  154.85         —        —         —        —   -0.68
QQN           7.896916e-02     277      0.9994     0.8728    45.166  163.06         —        —         —        —   -0.66
L-BFGS        1.869772e-01     161      0.9530     0.8728    45.001  279.51         —        —         —        —   -0.45
QQN-Adam      3.978086e-01      43      0.8742     0.8506    45.278 1052.98         —        —         —        —   -0.20
QQN-PathMom   5.273426e-01      81      0.8265     0.8134    45.249  558.63         —        —         —        —   -0.19

Pareto frontier (loss vs. time — non-dominated variants):
  L-BFGS       loss=1.8698e-01  time=45.001s
  QQN-Temp     loss=7.4846e-02  time=45.063s
  Adam         loss=7.4768e-02  time=45.114s

Iteration-efficiency leaderboard (target reached, fewest iters):

Cost-aware leaderboard (estimated function/grad evals to target):

Target-sensitivity profile (iterations to reach each loss target):
  optimizer         <=2.00e-01    <=1.00e-01    <=6.00e-02    <=4.00e-02    <=2.00e-02
  QQN                      152           230             —             —             —
  QQN-Adam                   —             —             —             —             —
  QQN-Temp                 150           228             —             —             —
  QQN-PathMom                —             —             —             —             —
  Adam                      91           175             —             —             —
  L-BFGS                   154             —             —             —             —

Convergence-rate profile (iteration first reaching each loss):
  optimizer      <=1.0e+00   <=5.0e-01   <=2.0e-01   <=1.0e-01
  Adam                   9          30          91         175
  QQN-Temp               9          31         150         228
  QQN                    6          29         152         230
  QQN-Adam               6          26           —           —
  QQN-PathMom            6           —           —           —
  L-BFGS                 7          30         154           —

Inter-milestone cost breakdown (Δtime[s] / Δevals between consecutive milestones):
  optimizer         start->1.0e+00    1.0e+00->5.0e-01    5.0e-01->2.0e-01    2.0e-01->1.0e-01
  Adam                     2.373/9            2.826/21            8.293/61           11.323/84
  QQN-Temp                5.704/10            2.912/22          16.311/119           11.070/78
  QQN                      5.478/9            3.101/23          17.601/128           11.817/82
  QQN-Adam               10.487/55          18.532/162                   —                   —
  QQN-PathMom             6.304/20                   —                   —                   —
  L-BFGS                  7.708/14            5.348/47          30.202/252                   —

Convergence-rate profile (wall-clock seconds first reaching each loss):
  optimizer      <=1.0e+00   <=5.0e-01   <=2.0e-01   <=1.0e-01
  Adam               2.373       5.199      13.492      24.815
  QQN-Temp           5.704       8.616      24.927      35.997
  QQN                5.478       8.578      26.180      37.996
  QQN-Adam          10.487      29.019           —           —
  QQN-PathMom        6.304           —           —           —
  L-BFGS             7.708      13.055      43.258           —

Convergence-rate profile (estimated function/grad evals first reaching each loss):
  optimizer      <=1.0e+00   <=5.0e-01   <=2.0e-01   <=1.0e-01
  Adam                   9          30          91         175
  QQN-Temp              10          32         151         229
  QQN                    9          32         160         242
  QQN-Adam              55         217           —           —
  QQN-PathMom           20           —           —           —
  L-BFGS                14          61         313           —

Stall report (never reached the shared target):
  Adam           final=7.4768e-02  iters=326  time=45.114s  [time-budget exhausted]
  QQN-Temp       final=7.4846e-02  iters=291  time=45.063s  [time-budget exhausted]
  QQN            final=7.8969e-02  iters=277  time=45.166s  [time-budget exhausted]
  L-BFGS         final=1.8698e-01  iters=161  time=45.001s  [time-budget exhausted]
  QQN-Adam       final=3.9781e-01  iters= 43  time=45.278s  [time-budget exhausted]
  QQN-PathMom    final=5.2734e-01  iters= 81  time=45.249s  [time-budget exhausted]

Loss trajectory (log10, sampled):
  QQN          0.39  -0.31  -0.43  -0.51  -0.60  -0.71  -0.82  -0.95  -1.04  -1.10
  QQN-Adam     0.39   0.13  -0.08  -0.17  -0.23  -0.27  -0.32  -0.35  -0.38  -0.40
  QQN-Temp     0.39  -0.31  -0.43  -0.52  -0.62  -0.75  -0.87  -0.99  -1.09  -1.13
  QQN-PathMom   0.39  -0.05  -0.17  -0.20  -0.22  -0.24  -0.26  -0.26  -0.27  -0.28
  Adam         0.39  -0.36  -0.54  -0.57  -0.91  -1.01  -1.05  -1.08  -1.10  -1.13
  L-BFGS       0.39  -0.22  -0.33  -0.39  -0.45  -0.50  -0.55  -0.60  -0.67  -0.73

[plot] Saved vs_iter convergence plot to results/fashion_mnist_mlp_comparison_vs_iter_20260715-093544.png
[plot] Saved vs_time convergence plot to results/fashion_mnist_mlp_comparison_vs_time_20260715-093544.png

------------------------------------------------------------------------
# exit code: 0  elapsed: 280.6s
