# variant: fashion_profile_simple_fast
# report:  fashion_mnist_mlp_comparison
# desc:    Fast, Small.
# started: 2026-07-15T13:35:46.209Z
# command: DATASET="mnist" N_TRAIN="8000" N_TEST="2000" HIDDEN="64" DEPTH="2" N_CLASSES="10" ACTIVATION="sine" PROFILE="jax,perfetto" PROFILE_DIR="profiles" PROFILE_NAME="simple_fast" TIME_BUDGET="15" F_TARGET="0.015" python3 examples/fashion_mnist_mlp_comparison.py
------------------------------------------------------------------------
An NVIDIA GPU may be present on this machine, but a CUDA-enabled jaxlib is not installed. Falling back to cpu.
[profile] JAX/Perfetto trace -> profiles/simple_fast_20260715-093546
=== 3-layer MLP comparison: QQN vs SGD vs Adam vs L-BFGS ===
    dataset=mnist  hidden_sizes=[64, 64]  arch=x->64->64->10  activation=sine  (non-convex objective)
  classes=10  n_train=8000  n_test=2000  maxiter=1000000

  shared stop: f_target=1.5e-02  gtol=1.0e-08  time_budget=15.0s

[data] Loaded mnist via tensorflow.keras.
  l2=1.0e-04  sgd_lr=0.05  adam_lr=0.01  seed=42
  n_classes=10  subset_seed=0
  milestones=(1.0, 0.5, 0.2, 0.1)  target_profile=(0.2, 0.1, 0.06, 0.04, 0.02)

  model parameters: 55050

optimizer       final_loss   iters   train_acc   test_acc   time(s)   ms/it  ->target   t->tgt  vs LBFGS    evals     AUC
----------------------------------------------------------------------------------------------------------------------------------
L-BFGS        1.489162e-02      78      1.0000     0.9590     4.582   58.74        78    4.582     1.00x      160   -1.26
QQN           1.493214e-02      87      1.0000     0.9545     3.148   36.18        87    3.148     0.90x       90   -1.23
QQN-Temp      1.495192e-02      86      1.0000     0.9520     3.078   35.79        86    3.078     0.91x       87   -1.23
QQN-Adam      1.497255e-02     127      1.0000     0.9555     7.303   57.50       127    7.303     0.61x      479   -1.31
Adam          1.499173e-02     410      1.0000     0.9500     5.321   12.98       410    5.321     0.19x      410   -1.55
QQN-PathMom   1.065214e-01     246      0.9991     0.8710    15.192   61.76         —        —         —        —   -0.51

Pareto frontier (loss vs. time — non-dominated variants):
  QQN-Temp     loss=1.4952e-02  time=3.078s
  QQN          loss=1.4932e-02  time=3.148s
  L-BFGS       loss=1.4892e-02  time=4.582s

Iteration-efficiency leaderboard (target reached, fewest iters):
  L-BFGS         iters=  78  time=4.582s  vs_LBFGS= 1.00x  final=1.4892e-02
  QQN-Temp       iters=  86  time=3.078s  vs_LBFGS= 0.91x  final=1.4952e-02
  QQN            iters=  87  time=3.148s  vs_LBFGS= 0.90x  final=1.4932e-02
  QQN-Adam       iters= 127  time=7.303s  vs_LBFGS= 0.61x  final=1.4973e-02
  Adam           iters= 410  time=5.321s  vs_LBFGS= 0.19x  final=1.4992e-02

Cost-aware leaderboard (estimated function/grad evals to target):
  QQN-Temp       evals~   87  (=1.0/it x 86 it)  vs_LBFGS= 1.84x  final=1.4952e-02
  QQN            evals~   90  (=1.0/it x 87 it)  vs_LBFGS= 1.78x  final=1.4932e-02
  L-BFGS         evals~  160  (=2.1/it x 78 it)  vs_LBFGS= 1.00x  final=1.4892e-02
  Adam           evals~  410  (=1.0/it x 410 it)  vs_LBFGS= 0.39x  final=1.4992e-02
  QQN-Adam       evals~  479  (=3.8/it x 127 it)  vs_LBFGS= 0.33x  final=1.4973e-02

Target-sensitivity profile (iterations to reach each loss target):
  optimizer         <=2.00e-01    <=1.00e-01    <=6.00e-02    <=4.00e-02    <=2.00e-02
  L-BFGS                    17            24            29            32            54
  QQN-Temp                  21            28            33            37            61
  QQN                       21            28            33            37            62
  QQN-Adam                  21            28            37            55            92
  Adam                      27            43            58            75           183
  QQN-PathMom              155             —             —             —             —

Convergence-rate profile (iteration first reaching each loss):
  optimizer      <=1.0e+00   <=5.0e-01   <=2.0e-01   <=1.0e-01
  L-BFGS                 5           9          17          24
  QQN                    6           9          21          28
  QQN-Adam               5           9          21          28
  QQN-Temp               6           9          21          28
  Adam                   5          11          27          43
  QQN-PathMom            4          91         155           —

Inter-milestone cost breakdown (Δtime[s] / Δevals between consecutive milestones):
  optimizer         start->1.0e+00    1.0e+00->5.0e-01    5.0e-01->2.0e-01    2.0e-01->1.0e-01
  Adam                     0.501/5             0.069/6            0.190/16            0.190/16
  QQN-Temp                 1.905/7             0.042/3            0.173/12             0.101/7
  QQN                      1.919/7             0.044/3            0.177/12             0.101/7
  L-BFGS                  2.589/10             0.103/8            0.241/17            0.184/14
  QQN-Adam                1.897/31            0.269/23            0.798/67            0.448/38
  QQN-PathMom              1.665/7           4.963/420           3.427/286                   —

Convergence-rate profile (wall-clock seconds first reaching each loss):
  optimizer      <=1.0e+00   <=5.0e-01   <=2.0e-01   <=1.0e-01
  Adam               0.501       0.571       0.760       0.950
  QQN-Temp           1.905       1.948       2.121       2.222
  QQN                1.919       1.963       2.141       2.242
  L-BFGS             2.589       2.692       2.933       3.116
  QQN-Adam           1.897       2.166       2.964       3.412
  QQN-PathMom        1.665       6.628      10.055           —

Convergence-rate profile (estimated function/grad evals first reaching each loss):
  optimizer      <=1.0e+00   <=5.0e-01   <=2.0e-01   <=1.0e-01
  QQN                    7          10          22          29
  QQN-Temp               7          10          22          29
  Adam                   5          11          27          43
  L-BFGS                10          18          35          49
  QQN-Adam              31          54         121         159
  QQN-PathMom            7         427         713           —

Stall report (never reached the shared target):
  QQN-PathMom    final=1.0652e-01  iters=246  time=15.192s  [time-budget exhausted]

Loss trajectory (log10, sampled):
  QQN          0.37  -0.31  -0.63  -1.06  -1.46  -1.62  -1.69  -1.73  -1.78  -1.83
  QQN-Adam     0.37  -0.50  -1.03  -1.29  -1.41  -1.54  -1.65  -1.73  -1.79  -1.82
  QQN-Temp     0.37  -0.31  -0.63  -1.01  -1.46  -1.62  -1.68  -1.73  -1.78  -1.83
  QQN-PathMom   0.37  -0.07  -0.09  -0.22  -0.45  -0.60  -0.77  -0.97  -0.97  -0.97
  Adam         0.37  -1.03  -1.50  -1.64  -1.70  -1.74  -1.77  -1.79  -1.81  -1.82
  L-BFGS       0.37  -0.28  -0.73  -1.13  -1.48  -1.63  -1.69  -1.74  -1.79  -1.83

[plot] Saved vs_iter convergence plot to results/mnist_mlp_comparison_vs_iter_20260715-093632.png
[plot] Saved vs_time convergence plot to results/mnist_mlp_comparison_vs_time_20260715-093632.png
[profile] Trace written. View it with EITHER:
            * https://ui.perfetto.dev  (open profiles/simple_fast_20260715-093546/**/*.perfetto_trace.json.gz)
            * tensorboard --logdir profiles  (Profile -> Trace Viewer)

------------------------------------------------------------------------
# exit code: 0  elapsed: 84.6s
