=== 4-layer ReLU MLP comparison: QQN vs SGD vs Adam vs L-BFGS ===
    dataset=fashion_mnist  hidden_sizes=[256, 256, 256]  arch=x->256->256->256->10  activation=tanh,gelu,tanh  (non-convex objective)
  classes=10  n_train=20000  n_test=5000  maxiter=100000

  shared stop: f_target=8.0e-02  gtol=1.0e-08  time_budget=30.0s

[data] Loaded fashion_mnist via tensorflow.keras.
  model parameters: 335114

optimizer       final_loss   iters   train_acc   test_acc   time(s)   ms/it  ->target   t->tgt  vs LBFGS    evals     AUC
----------------------------------------------------------------------------------------------------------------------------------
QQN-L50       7.956406e-02     243      0.9977     0.8596    10.262   42.23       243   10.237     1.84x     1215   -0.62
QQN-L50And    7.956406e-02     243      0.9977     0.8596    10.601   43.62       243   10.570     1.84x     1215   -0.62
QQN-Max       7.960105e-02     253      0.9977     0.8620    24.115   95.32       253   24.083     1.77x     1771   -0.63
QQN-L80       7.972498e-02     246      0.9979     0.8572    10.912   44.36       246   10.884     1.82x     1230   -0.61
QQN-Fast      7.980786e-02     423      0.9981     0.8624    18.437   43.59       423   18.412     1.06x     2115   -0.64
QQN-L20       7.989517e-02     325      0.9980     0.8604    12.804   39.40       325   12.777     1.38x     1625   -0.65
L-BFGS        7.994016e-02     447      1.0000     0.8626    11.289   25.26       447   11.289     1.00x     1341   -0.73
QQN           7.995410e-02     431      0.9999     0.8600    17.211   39.93       431   17.185     1.04x     2155   -0.70
QQN-BT        7.995410e-02     431      0.9999     0.8600    16.022   37.17       431   15.997     1.04x     2155   -0.70
QQN-Box       7.995410e-02     431      0.9999     0.8600    15.956   37.02       431   15.927     1.04x     2155   -0.70
QQN-TR        7.999162e-02     414      0.9999     0.8614    15.938   38.50       414   15.912     1.08x     2070   -0.72
QQN-S         8.034419e-02     364      0.9990     0.8616    30.085   82.65         —        —         —        —   -0.68
QQN-BT-S      8.034419e-02     364      0.9990     0.8616    30.088   82.66         —        —         —        —   -0.68
QQN-L50P      2.020323e-01     230      0.9377     0.8724    30.063  130.71         —        —         —        —   -0.44
Adam          2.740198e-01    4542      0.9516     0.8550    30.001    6.61         —        —         —        —   -0.57
SGD           3.079774e-01    4607      0.9295     0.8536    30.004    6.51         —        —         —        —   -0.11
QQN-Sec       3.171962e-01     733      0.9034     0.8644    30.050   41.00         —        —         —        —   -0.41
QQN-L80P      3.611707e-01     163      0.8767     0.8570    30.139  184.90         —        —         —        —   -0.24
QQN-And       3.806886e-01     608      0.8798     0.8526    30.035   49.40         —        —         —        —   -0.34
QQN-MaxP      4.132788e-01     144      0.8872     0.8612    30.194  209.68         —        —         —        —   -0.26
QQN-Mom       4.489704e-01     750      0.8535     0.8374    30.050   40.07         —        —         —        —   -0.27
QQN-UltraP    4.593987e-01      90      0.8590     0.8428    30.215  335.72         —        —         —        —   -0.23
QQN-Mom-S     5.073205e-01     356      0.8351     0.8198    30.082   84.50         —        —         —        —   -0.20
QQN-Mom-S-BT  5.079567e-01     353      0.8359     0.8200    30.083   85.22         —        —         —        —   -0.20
QQN-Smooth    5.901361e-01     109      0.8012     0.7914    30.170  276.79         —        —         —        —   -0.18

Pareto frontier (loss vs. time — non-dominated variants):
  QQN-L50      loss=7.9564e-02  time=10.262s

Iteration-efficiency leaderboard (target reached, fewest iters):
  QQN-L50        iters= 243  time=10.237s  vs_LBFGS= 1.84x  final=7.9564e-02
  QQN-L50And     iters= 243  time=10.570s  vs_LBFGS= 1.84x  final=7.9564e-02
  QQN-L80        iters= 246  time=10.884s  vs_LBFGS= 1.82x  final=7.9725e-02
  QQN-Max        iters= 253  time=24.083s  vs_LBFGS= 1.77x  final=7.9601e-02
  QQN-L20        iters= 325  time=12.777s  vs_LBFGS= 1.38x  final=7.9895e-02
  QQN-TR         iters= 414  time=15.912s  vs_LBFGS= 1.08x  final=7.9992e-02
  QQN-Fast       iters= 423  time=18.412s  vs_LBFGS= 1.06x  final=7.9808e-02
  QQN-Box        iters= 431  time=15.927s  vs_LBFGS= 1.04x  final=7.9954e-02
  QQN-BT         iters= 431  time=15.997s  vs_LBFGS= 1.04x  final=7.9954e-02
  QQN            iters= 431  time=17.185s  vs_LBFGS= 1.04x  final=7.9954e-02
  L-BFGS         iters= 447  time=11.289s  vs_LBFGS= 1.00x  final=7.9940e-02

Cost-aware leaderboard (estimated function/grad evals to target):
  QQN-L50        evals~ 1215  (=5.0/it x 243 it)  vs_LBFGS= 1.10x  final=7.9564e-02
  QQN-L50And     evals~ 1215  (=5.0/it x 243 it)  vs_LBFGS= 1.10x  final=7.9564e-02
  QQN-L80        evals~ 1230  (=5.0/it x 246 it)  vs_LBFGS= 1.09x  final=7.9725e-02
  L-BFGS         evals~ 1341  (=3.0/it x 447 it)  vs_LBFGS= 1.00x  final=7.9940e-02
  QQN-L20        evals~ 1625  (=5.0/it x 325 it)  vs_LBFGS= 0.83x  final=7.9895e-02
  QQN-Max        evals~ 1771  (=7.0/it x 253 it)  vs_LBFGS= 0.76x  final=7.9601e-02
  QQN-TR         evals~ 2070  (=5.0/it x 414 it)  vs_LBFGS= 0.65x  final=7.9992e-02
  QQN-Fast       evals~ 2115  (=5.0/it x 423 it)  vs_LBFGS= 0.63x  final=7.9808e-02
  QQN            evals~ 2155  (=5.0/it x 431 it)  vs_LBFGS= 0.62x  final=7.9954e-02
  QQN-BT         evals~ 2155  (=5.0/it x 431 it)  vs_LBFGS= 0.62x  final=7.9954e-02
  QQN-Box        evals~ 2155  (=5.0/it x 431 it)  vs_LBFGS= 0.62x  final=7.9954e-02

Target-sensitivity profile (iterations to reach each loss target):
  optimizer         <=2.00e-01    <=1.50e-01    <=1.00e-01    <=8.00e-02
  QQN-L50                  141           173           217           243
  QQN-L50And               141           173           217           243
  QQN-L80                  145           178           221           246
  QQN-Max                  144           179           225           253
  QQN-L20                  181           226           284           325
  QQN-TR                   189           237           319           414
  QQN-Fast                 238           298           374           423
  QQN                      204           258           340           431
  QQN-BT                   204           258           340           431
  QQN-Box                  204           258           340           431
  L-BFGS                   196           249           332           447
  QQN-S                    185           237           308             —
  QQN-BT-S                 185           237           308             —
  QQN-L50P                   —             —             —             —
  QQN-L80P                   —             —             —             —
  QQN-Mom                    —             —             —             —
  QQN-Mom-S                  —             —             —             —
  QQN-Mom-S-BT               —             —             —             —
  QQN-Sec                    —             —             —             —
  QQN-And                    —             —             —             —
  QQN-MaxP                   —             —             —             —
  QQN-UltraP                 —             —             —             —
  QQN-Smooth                 —             —             —             —
  SGD                        —             —             —             —
  Adam                     743          1868             —             —

  vs-LBFGS speedup stability across targets (QQN-L50):
    <= 2.00e-01:  1.39x  (QQN-L50=141, LBFGS=196)
    <= 1.50e-01:  1.44x  (QQN-L50=173, LBFGS=249)
    <= 1.00e-01:  1.53x  (QQN-L50=217, LBFGS=332)
    <= 8.00e-02:  1.84x  (QQN-L50=243, LBFGS=447)

  vs-LBFGS speedup stability across targets (QQN-L50P):
    <= 2.00e-01:  — (not both reached)
    <= 1.50e-01:  — (not both reached)
    <= 1.00e-01:  — (not both reached)
    <= 8.00e-02:  — (not both reached)

  vs-LBFGS speedup stability across targets (QQN-L80P):
    <= 2.00e-01:  — (not both reached)
    <= 1.50e-01:  — (not both reached)
    <= 1.00e-01:  — (not both reached)
    <= 8.00e-02:  — (not both reached)

  vs-LBFGS speedup stability across targets (QQN-MaxP):
    <= 2.00e-01:  — (not both reached)
    <= 1.50e-01:  — (not both reached)
    <= 1.00e-01:  — (not both reached)
    <= 8.00e-02:  — (not both reached)

  vs-LBFGS speedup stability across targets (QQN-UltraP):
    <= 2.00e-01:  — (not both reached)
    <= 1.50e-01:  — (not both reached)
    <= 1.00e-01:  — (not both reached)
    <= 8.00e-02:  — (not both reached)

Convergence-rate profile (iteration first reaching each loss):
  optimizer      <=1.0e+00   <=5.0e-01   <=2.0e-01   <=1.0e-01
  QQN-L50                8          36         141         217
  QQN-L50And             8          36         141         217
  QQN-L80                8          36         145         221
  QQN-Max                7          32         144         225
  QQN-L20                8          36         181         284
  QQN-S                  6          30         185         308
  QQN-BT-S               6          30         185         308
  QQN-TR                 6          33         189         319
  L-BFGS                 7          33         196         332
  QQN                    8          38         204         340
  QQN-BT                 8          38         204         340
  QQN-Box                8          38         204         340
  QQN-Fast               8          46         238         374
  QQN-L50P              12          47           —           —
  QQN-L80P              19          82           —           —
  QQN-Mom               25         342           —           —
  QQN-Mom-S             25           —           —           —
  QQN-Mom-S-BT          25           —           —           —
  QQN-Sec               11          81           —           —
  QQN-And                8         107           —           —
  QQN-MaxP              12          61           —           —
  QQN-UltraP             8          51           —           —
  QQN-Smooth            10           —           —           —
  SGD                  447        2000           —           —
  Adam                  20          69         743           —

Inter-milestone cost breakdown (Δtime[s] / Δevals between consecutive milestones):
  optimizer         start->1.0e+00    1.0e+00->5.0e-01    5.0e-01->2.0e-01    2.0e-01->1.0e-01
  QQN-L50                 2.459/40           0.922/140           3.460/525           2.549/380
  QQN-L50And              2.589/40           0.938/140           3.425/525           2.687/380
  L-BFGS                  6.350/21            0.291/78           1.777/489           1.530/408
  QQN-L80                 2.508/40           0.991/140           3.802/545           2.696/380
  QQN-L20                 2.478/40           0.903/140           4.757/725           3.321/515
  QQN-TR                  2.530/30           0.883/135           5.284/780           4.189/650
  QQN-Box                 2.392/40           0.937/150           5.371/830           4.301/680
  QQN-BT                  2.450/40           0.964/150           5.417/830           4.277/680
  QQN                     3.454/40           0.993/150           5.551/830           4.271/680
  QQN-Fast                2.524/40           1.358/190           7.398/960           5.419/680
  QQN-Max                 6.975/49           1.619/175           7.351/784           5.981/567
  QQN-S                   6.494/42           1.474/168          9.887/1085           8.325/861
  QQN-BT-S                6.490/42           1.492/168          9.940/1085           8.351/861
  QQN-L50P                3.591/60           4.311/175                   —                   —
  QQN-L80P                5.296/95          10.765/315                   —                   —
  QQN-Mom                2.811/125         11.273/1585                   —                   —
  QQN-Mom-S              7.376/175                   —                   —                   —
  QQN-Mom-S-BT           7.521/175                   —                   —                   —
  QQN-Sec                 2.470/55           2.531/350                   —                   —
  QQN-And                 2.479/40           3.839/495                   —                   —
  QQN-MaxP                8.245/84           7.852/343                   —                   —
  QQN-UltraP              8.426/56          10.589/301                   —                   —
  QQN-Smooth              7.785/70                   —                   —                   —
  SGD                    4.068/447          9.551/1553                   —                   —
  Adam                    1.480/20            0.281/49           4.095/674                   —

Convergence-rate profile (wall-clock seconds first reaching each loss):
  optimizer      <=1.0e+00   <=5.0e-01   <=2.0e-01   <=1.0e-01
  QQN-L50            2.459       3.381       6.841       9.390
  QQN-L50And         2.589       3.527       6.953       9.640
  L-BFGS             6.350       6.642       8.419       9.949
  QQN-L80            2.508       3.498       7.300       9.996
  QQN-L20            2.478       3.381       8.138      11.460
  QQN-TR             2.530       3.413       8.697      12.886
  QQN-Box            2.392       3.329       8.700      13.001
  QQN-BT             2.450       3.414       8.831      13.108
  QQN                3.454       4.446       9.998      14.269
  QQN-Fast           2.524       3.882      11.280      16.699
  QQN-Max            6.975       8.594      15.945      21.926
  QQN-S              6.494       7.968      17.854      26.179
  QQN-BT-S           6.490       7.982      17.922      26.273
  QQN-L50P           3.591       7.902           —           —
  QQN-L80P           5.296      16.061           —           —
  QQN-Mom            2.811      14.084           —           —
  QQN-Mom-S          7.376           —           —           —
  QQN-Mom-S-BT       7.521           —           —           —
  QQN-Sec            2.470       5.001           —           —
  QQN-And            2.479       6.318           —           —
  QQN-MaxP           8.245      16.097           —           —
  QQN-UltraP         8.426      19.015           —           —
  QQN-Smooth         7.785           —           —           —
  SGD                4.068      13.619           —           —
  Adam               1.480       1.761       5.856           —

Convergence-rate profile (estimated function/grad evals first reaching each loss):
  optimizer      <=1.0e+00   <=5.0e-01   <=2.0e-01   <=1.0e-01
  L-BFGS                21          99         588         996
  QQN-L50               40         180         705        1085
  QQN-L50And            40         180         705        1085
  QQN-L80               40         180         725        1105
  QQN-L20               40         180         905        1420
  QQN-Max               49         224        1008        1575
  QQN-TR                30         165         945        1595
  QQN                   40         190        1020        1700
  QQN-BT                40         190        1020        1700
  QQN-Box               40         190        1020        1700
  QQN-Fast              40         230        1190        1870
  QQN-S                 42         210        1295        2156
  QQN-BT-S              42         210        1295        2156
  QQN-L50P              60         235           —           —
  QQN-L80P              95         410           —           —
  QQN-Mom              125        1710           —           —
  QQN-Mom-S            175           —           —           —
  QQN-Mom-S-BT         175           —           —           —
  QQN-Sec               55         405           —           —
  QQN-And               40         535           —           —
  QQN-MaxP              84         427           —           —
  QQN-UltraP            56         357           —           —
  QQN-Smooth            70           —           —           —
  SGD                  447        2000           —           —
  Adam                  20          69         743           —

Stall report (never reached the shared target):
  QQN-S          final=8.0344e-02  iters=364  time=30.085s  [time-budget exhausted]
  QQN-BT-S       final=8.0344e-02  iters=364  time=30.088s  [time-budget exhausted]
  QQN-L50P       final=2.0203e-01  iters=230  time=30.063s  [time-budget exhausted]
  Adam           final=2.7402e-01  iters=4542  time=30.001s  [time-budget exhausted]
  SGD            final=3.0798e-01  iters=4607  time=30.004s  [time-budget exhausted]
  QQN-Sec        final=3.1720e-01  iters=733  time=30.050s  [time-budget exhausted]
  QQN-L80P       final=3.6117e-01  iters=163  time=30.139s  [time-budget exhausted]
  QQN-And        final=3.8069e-01  iters=608  time=30.035s  [time-budget exhausted]
  QQN-MaxP       final=4.1328e-01  iters=144  time=30.194s  [time-budget exhausted]
  QQN-Mom        final=4.4897e-01  iters=750  time=30.050s  [time-budget exhausted]
  QQN-UltraP     final=4.5940e-01  iters= 90  time=30.215s  [time-budget exhausted]
  QQN-Mom-S      final=5.0732e-01  iters=356  time=30.082s  [time-budget exhausted]
  QQN-Mom-S-BT   final=5.0796e-01  iters=353  time=30.083s  [time-budget exhausted]
  QQN-Smooth     final=5.9014e-01  iters=109  time=30.170s  [time-budget exhausted]

Loss trajectory (log10, sampled):
  QQN          0.38  -0.33  -0.46  -0.56  -0.67  -0.78  -0.89  -0.99  -1.06  -1.10
  QQN-S        0.38  -0.34  -0.45  -0.55  -0.65  -0.74  -0.84  -0.94  -1.03  -1.10
  QQN-BT       0.38  -0.33  -0.46  -0.56  -0.67  -0.78  -0.89  -0.99  -1.06  -1.10
  QQN-BT-S     0.38  -0.34  -0.45  -0.55  -0.65  -0.74  -0.84  -0.94  -1.03  -1.10
  QQN-L20      0.38  -0.30  -0.43  -0.52  -0.61  -0.70  -0.79  -0.91  -1.01  -1.10
  QQN-L50      0.38  -0.25  -0.39  -0.48  -0.58  -0.67  -0.78  -0.89  -1.00  -1.10
  QQN-L50P     0.38  -0.16  -0.31  -0.41  -0.46  -0.51  -0.57  -0.61  -0.64  -0.69
  QQN-L80      0.38  -0.25  -0.39  -0.49  -0.58  -0.67  -0.77  -0.88  -0.99  -1.10
  QQN-L80P     0.38   0.03  -0.16  -0.22  -0.28  -0.33  -0.37  -0.39  -0.42  -0.44
  QQN-Mom      0.38  -0.18  -0.24  -0.28  -0.30  -0.31  -0.33  -0.33  -0.34  -0.35
  QQN-Mom-S    0.38  -0.08  -0.17  -0.21  -0.23  -0.25  -0.27  -0.28  -0.29  -0.29
  QQN-Mom-S-BT   0.38  -0.08  -0.17  -0.21  -0.23  -0.25  -0.27  -0.28  -0.29  -0.29
  QQN-Sec      0.38  -0.30  -0.38  -0.42  -0.43  -0.45  -0.46  -0.48  -0.48  -0.50
  QQN-And      0.38  -0.27  -0.31  -0.34  -0.36  -0.37  -0.38  -0.40  -0.41  -0.42
  QQN-L50And   0.38  -0.25  -0.39  -0.48  -0.58  -0.67  -0.78  -0.89  -1.00  -1.10
  QQN-TR       0.38  -0.35  -0.48  -0.58  -0.69  -0.81  -0.90  -1.00  -1.06  -1.10
  QQN-Fast     0.38  -0.30  -0.42  -0.51  -0.60  -0.69  -0.78  -0.90  -1.00  -1.10
  QQN-Max      0.38  -0.28  -0.41  -0.50  -0.59  -0.68  -0.78  -0.89  -1.00  -1.10
  QQN-MaxP     0.38  -0.06  -0.19  -0.27  -0.31  -0.34  -0.35  -0.36  -0.37  -0.38
  QQN-UltraP   0.38  -0.06  -0.17  -0.22  -0.28  -0.30  -0.32  -0.33  -0.34  -0.34
  QQN-Box      0.38  -0.33  -0.46  -0.56  -0.67  -0.78  -0.89  -0.99  -1.06  -1.10
  QQN-Smooth   0.38  -0.08  -0.20  -0.23  -0.23  -0.23  -0.23  -0.23  -0.23  -0.23
  SGD          0.38   0.62   0.19  -0.11  -0.30  -0.13  -0.41  -0.42  -0.31  -0.51
  Adam         0.38  -0.46  -0.61  -0.17  -0.79   0.37  -0.75  -0.60  -0.87  -0.56
  L-BFGS       0.38  -0.36  -0.49  -0.60  -0.70  -0.82  -0.93  -1.03  -1.08  -1.10

[plot] Saved vs_iter convergence plot to results/fashion_mnist_mlp_comparison_vs_iter_20260622-145248.png
[plot] Saved vs_time convergence plot to results/fashion_mnist_mlp_comparison_vs_time_20260622-145248.png
