# variant: fashion_default
# report:  fashion_mnist_mlp_comparison
# desc:    Headline experiment: Fashion-MNIST, 256x3, tanh,gelu.
# started: 2026-07-15T03:13:02.595Z
# command: python3 examples/fashion_mnist_mlp_comparison.py
------------------------------------------------------------------------
An NVIDIA GPU may be present on this machine, but a CUDA-enabled jaxlib is not installed. Falling back to cpu.
=== 4-layer MLP comparison: QQN vs SGD vs Adam vs L-BFGS ===
    dataset=fashion_mnist  hidden_sizes=[256, 256, 256]  arch=x->256->256->256->10  activation=tanh,gelu,tanh  (non-convex objective)
  classes=10  n_train=25000  n_test=5000  maxiter=1000000

  shared stop: f_target=2.0e-02  gtol=1.0e-08  time_budget=150.0s

[data] Loaded fashion_mnist via tensorflow.keras.
  l2=1.0e-04  sgd_lr=0.05  adam_lr=0.01  seed=42
  n_classes=10  subset_seed=0
  milestones=(1.0, 0.5, 0.2, 0.1)  target_profile=(0.2, 0.1, 0.06, 0.04, 0.02)

  model parameters: 335114

optimizer       final_loss   iters   train_acc   test_acc   time(s)   ms/it  ->target   t->tgt  vs LBFGS    evals     AUC
----------------------------------------------------------------------------------------------------------------------------------
QQN           2.435788e-02    1411      1.0000     0.8686   150.022  106.32         —        —         —        —   -1.17
QQN-Temp      2.509595e-02    1516      1.0000     0.8670   150.005   98.95         —        —         —        —   -1.18
L-BFGS        3.914721e-02     812      1.0000     0.8658   150.086  184.84         —        —         —        —   -0.93
Adam          1.522129e-01    1704      0.9825     0.8722   150.061   88.06         —        —         —        —   -0.51
QQN-Adam      2.920806e-01     193      0.9164     0.8712   150.596  780.29         —        —         —        —   -0.40
QQN-PathMom   4.841340e-01     345      0.8447     0.8260   150.442  436.06         —        —         —        —   -0.25

Pareto frontier (loss vs. time — non-dominated variants):
  QQN-Temp     loss=2.5096e-02  time=150.005s
  QQN          loss=2.4358e-02  time=150.022s

Iteration-efficiency leaderboard (target reached, fewest iters):

Cost-aware leaderboard (estimated function/grad evals to target):

Target-sensitivity profile (iterations to reach each loss target):
  optimizer         <=2.00e-01    <=1.00e-01    <=6.00e-02    <=4.00e-02    <=2.00e-02
  QQN                      234           389           650           863             —
  QQN-Adam                   —             —             —             —             —
  QQN-Temp                 241           405           670           907             —
  QQN-PathMom                —             —             —             —             —
  Adam                     707             —             —             —             —
  L-BFGS                   221           372           612           798             —

Convergence-rate profile (iteration first reaching each loss):
  optimizer      <=1.0e+00   <=5.0e-01   <=2.0e-01   <=1.0e-01
  L-BFGS                 6          35         221         372
  QQN                    8          39         234         389
  QQN-Temp               7          35         241         405
  QQN-Adam               8          35           —           —
  QQN-PathMom            8         257           —           —
  Adam                  22          75         707           —

Inter-milestone cost breakdown (Δtime[s] / Δevals between consecutive milestones):
  optimizer         start->1.0e+00    1.0e+00->5.0e-01    5.0e-01->2.0e-01    2.0e-01->1.0e-01
  QQN-Temp                 5.185/8            2.697/28          19.793/206          15.750/164
  QQN                     5.409/12            3.264/35          19.856/211          15.705/166
  L-BFGS                  7.387/12            5.061/60          33.036/391          26.337/312
  QQN-Adam                9.549/72          16.926/223                   —                   —
  QQN-PathMom             6.061/23        103.975/1339                   —                   —
  Adam                    3.246/22            4.617/53          55.097/632                   —

Convergence-rate profile (wall-clock seconds first reaching each loss):
  optimizer      <=1.0e+00   <=5.0e-01   <=2.0e-01   <=1.0e-01
  QQN-Temp           5.185       7.881      27.674      43.425
  QQN                5.409       8.673      28.529      44.234
  L-BFGS             7.387      12.448      45.484      71.820
  QQN-Adam           9.549      26.475           —           —
  QQN-PathMom        6.061     110.036           —           —
  Adam               3.246       7.863      62.959           —

Convergence-rate profile (estimated function/grad evals first reaching each loss):
  optimizer      <=1.0e+00   <=5.0e-01   <=2.0e-01   <=1.0e-01
  QQN-Temp               8          36         242         406
  QQN                   12          47         258         424
  L-BFGS                12          72         463         775
  QQN-Adam              72         295           —           —
  QQN-PathMom           23        1362           —           —
  Adam                  22          75         707           —

Stall report (never reached the shared target):
  QQN            final=2.4358e-02  iters=1411  time=150.022s  [time-budget exhausted]
  QQN-Temp       final=2.5096e-02  iters=1516  time=150.005s  [time-budget exhausted]
  L-BFGS         final=3.9147e-02  iters=812  time=150.086s  [time-budget exhausted]
  Adam           final=1.5221e-01  iters=1704  time=150.061s  [time-budget exhausted]
  QQN-Adam       final=2.9208e-01  iters=193  time=150.596s  [time-budget exhausted]
  QQN-PathMom    final=4.8413e-01  iters=345  time=150.442s  [time-budget exhausted]

Loss trajectory (log10, sampled):
  QQN          0.38  -0.56  -0.85  -1.09  -1.20  -1.33  -1.45  -1.52  -1.58  -1.61
  QQN-Adam     0.38  -0.20  -0.34  -0.40  -0.44  -0.46  -0.49  -0.50  -0.52  -0.53
  QQN-Temp     0.38  -0.57  -0.89  -1.09  -1.23  -1.36  -1.45  -1.51  -1.56  -1.60
  QQN-PathMom   0.38  -0.18  -0.23  -0.26  -0.28  -0.29  -0.30  -0.30  -0.31  -0.32
  Adam         0.38  -0.48  -0.58  -0.60  -0.58  -0.42  -0.66  -0.77  -0.62  -0.82
  L-BFGS       0.38  -0.44  -0.62  -0.80  -0.98  -1.07  -1.14  -1.24  -1.34  -1.41

[plot] matplotlib not available; skipping plot.

------------------------------------------------------------------------
# exit code: 0  elapsed: 910.1s
