# variant: comparison_act_sine
# report:  fashion_mnist_mlp_comparison
# desc:    Activation sweep (comparison): sine on fashion_mnist_mlp_comparison with uniform sweep params.
# started: 2026-07-16T00:49:48.563Z
# command: N_TRAIN="8000" N_TEST="2000" HIDDEN="128" DEPTH="2" TIME_BUDGET="45" F_TARGET="0.01" DATASET="fashion_mnist" ACTIVATION="sine" python3 examples/fashion_mnist_mlp_comparison.py
------------------------------------------------------------------------
An NVIDIA GPU may be present on this machine, but a CUDA-enabled jaxlib is not installed. Falling back to cpu.
=== 3-layer MLP comparison: QQN vs SGD vs Adam vs L-BFGS ===
    dataset=fashion_mnist  hidden_sizes=[128, 128]  arch=x->128->128->10  activation=sine  (non-convex objective)
  classes=10  n_train=8000  n_test=2000  maxiter=1000000

  shared stop: f_target=1.0e-02  gtol=1.0e-08  time_budget=45.0s

[data] Loaded fashion_mnist via tensorflow.keras.
  l2=1.0e-04  sgd_lr=0.05  adam_lr=0.01  seed=42
  n_classes=10  subset_seed=0
  milestones=(1.0, 0.5, 0.2, 0.1)  target_profile=(0.2, 0.1, 0.06, 0.04, 0.02)

  model parameters: 118282

optimizer       final_loss   iters   train_acc   test_acc   time(s)   ms/it  ->target   t->tgt  vs LBFGS    evals     AUC
----------------------------------------------------------------------------------------------------------------------------------
QQN-Temp      1.421041e-02    2322      1.0000     0.8615    45.004   19.38         —        —         —        —   -1.72
QQN           1.427237e-02    2180      1.0000     0.8565    45.003   20.64         —        —         —        —   -1.71
L-BFGS        1.507347e-02    1247      1.0000     0.8620    45.020   36.10         —        —         —        —   -1.61
QQN-Adam      3.370610e-02     360      1.0000     0.8590    45.012  125.03         —        —         —        —   -1.18
Adam          2.461951e-01    2802      1.0000     0.4885    45.005   16.06         —        —         —        —   -0.85
QQN-PathMom   3.101489e-01     524      0.9034     0.8470    45.055   85.98         —        —         —        —   -0.40

Pareto frontier (loss vs. time — non-dominated variants):
  QQN          loss=1.4272e-02  time=45.003s
  QQN-Temp     loss=1.4210e-02  time=45.004s

Iteration-efficiency leaderboard (target reached, fewest iters):

Cost-aware leaderboard (estimated function/grad evals to target):

Target-sensitivity profile (iterations to reach each loss target):
  optimizer         <=2.00e-01    <=1.00e-01    <=6.00e-02    <=4.00e-02    <=2.00e-02
  QQN-Temp                  73           100           122           184           380
  L-BFGS                    73           101           125           190           392
  QQN                       75           103           126           186           396
  QQN-Adam                  49            77           113           239             —
  QQN-PathMom                —             —             —             —             —
  Adam                      60            99           118           197             —

Convergence-rate profile (iteration first reaching each loss):
  optimizer      <=1.0e+00   <=5.0e-01   <=2.0e-01   <=1.0e-01
  QQN-Adam               5          18          49          77
  Adam                   6          20          60          99
  QQN-Temp               7          23          73         100
  L-BFGS                 7          22          73         101
  QQN                    7          22          75         103
  QQN-PathMom            7          97           —           —

Inter-milestone cost breakdown (Δtime[s] / Δevals between consecutive milestones):
  optimizer         start->1.0e+00    1.0e+00->5.0e-01    5.0e-01->2.0e-01    2.0e-01->1.0e-01
  Adam                     0.511/6            0.219/14            0.633/40            0.612/39
  QQN-Temp                 1.707/8            0.299/16            0.962/50            0.530/27
  QQN                     1.794/11            0.282/15            1.020/54            0.553/29
  L-BFGS                  2.328/14            0.536/31           1.793/106            0.987/57
  QQN-Adam                1.914/38            1.414/91           3.573/230           3.376/218
  QQN-PathMom             1.587/20           6.666/430                   —                   —

Convergence-rate profile (wall-clock seconds first reaching each loss):
  optimizer      <=1.0e+00   <=5.0e-01   <=2.0e-01   <=1.0e-01
  Adam               0.511       0.729       1.363       1.975
  QQN-Temp           1.707       2.006       2.968       3.497
  QQN                1.794       2.077       3.097       3.650
  L-BFGS             2.328       2.864       4.657       5.644
  QQN-Adam           1.914       3.328       6.902      10.278
  QQN-PathMom        1.587       8.253           —           —

Convergence-rate profile (estimated function/grad evals first reaching each loss):
  optimizer      <=1.0e+00   <=5.0e-01   <=2.0e-01   <=1.0e-01
  Adam                   6          20          60          99
  QQN-Temp               8          24          74         101
  QQN                   11          26          80         109
  L-BFGS                14          45         151         208
  QQN-Adam              38         129         359         577
  QQN-PathMom           20         450           —           —

Convergence-rate profile (forward value evals first reaching each loss):
  optimizer      <=1.0e+00   <=5.0e-01   <=2.0e-01   <=1.0e-01
  Adam                   6          20          60          99
  QQN-Temp               8          24          74         101
  QQN                   11          26          80         109
  L-BFGS                14          45         151         208
  QQN-Adam              38         129         359         577
  QQN-PathMom           20         450           —           —

Convergence-rate profile (backward gradient evals first reaching each loss):
  optimizer      <=1.0e+00   <=5.0e-01   <=2.0e-01   <=1.0e-01
  Adam                   6          20          60          99
  QQN-Temp               8          24          74         101
  L-BFGS                 7          22          73         101
  QQN                   11          26          80         109
  QQN-Adam              38         129         359         577
  QQN-PathMom           20         450           —           —

Stall report (never reached the shared target):
  QQN-Temp       final=1.4210e-02  iters=2322  time=45.004s  [time-budget exhausted]
  QQN            final=1.4272e-02  iters=2180  time=45.003s  [time-budget exhausted]
  L-BFGS         final=1.5073e-02  iters=1247  time=45.020s  [time-budget exhausted]
  QQN-Adam       final=3.3706e-02  iters=360  time=45.012s  [time-budget exhausted]
  Adam           final=2.4620e-01  iters=2802  time=45.005s  [time-budget exhausted]
  QQN-PathMom    final=3.1015e-01  iters=524  time=45.055s  [time-budget exhausted]

Loss trajectory (log10, sampled):
  QQN          0.36  -1.52  -1.74  -1.78  -1.81  -1.82  -1.83  -1.84  -1.84  -1.85
  QQN-Adam     0.36  -0.61  -1.03  -1.25  -1.33  -1.37  -1.40  -1.43  -1.45  -1.47
  QQN-Temp     0.36  -1.56  -1.75  -1.79  -1.82  -1.83  -1.83  -1.84  -1.85  -1.85
  QQN-PathMom   0.36  -0.25  -0.34  -0.40  -0.43  -0.45  -0.47  -0.48  -0.50  -0.51
  Adam         0.36  -1.48  -0.77  -0.85  -0.90  -0.94  -0.98   0.44  -0.57  -0.61
  L-BFGS       0.36  -1.30  -1.59  -1.71  -1.76  -1.78  -1.79  -1.80  -1.81  -1.82

[plot] Saved vs_iter convergence plot to results/fashion_mnist_mlp_comparison_vs_iter_20260715-205424.png
[plot] Saved vs_time convergence plot to results/fashion_mnist_mlp_comparison_vs_time_20260715-205424.png

------------------------------------------------------------------------
# exit code: 0  elapsed: 278.3s
