=== 3-layer ReLU MLP comparison: QQN vs SGD vs Adam vs L-BFGS ===
    dataset=fashion_mnist  hidden_sizes=[64, 64]  arch=x->64->64->10  activation=sigmoid  (non-convex objective)
  classes=10  n_train=5000  n_test=1000  maxiter=1000

  shared stop: f_target=1.0e-01  gtol=1.0e-08  time_budget=10.0s

[data] Loaded fashion_mnist via tensorflow.keras.
  model parameters: 55050

optimizer       final_loss   iters   train_acc   test_acc   time(s)   ms/it  ->target   t->tgt  vs LBFGS     AUC
------------------------------------------------------------------------------------------------------------------------
QQN-TR        9.976406e-02     405      1.0000     0.8300     8.243   20.35       405    8.225     0.66x   -0.56
QQN-Box       9.977817e-02     305      1.0000     0.8370     6.386   20.94       305    6.369     0.87x   -0.65
QQN-L20       9.978072e-02     240      1.0000     0.8350     5.266   21.94       240    5.249     1.11x   -0.63
QQN-Fast      9.992435e-02     253      1.0000     0.8420     5.659   22.37       253    5.642     1.05x   -0.60
L-BFGS        9.992748e-02     266      1.0000     0.8220     2.636    9.91       266    2.636     1.00x   -0.63
QQN           9.993181e-02     300      1.0000     0.8240     6.432   21.44       300    6.414     0.89x   -0.65
QQN-BT        9.993181e-02     300      1.0000     0.8240     6.326   21.09       300    6.310     0.89x   -0.65
QQN-S         9.996893e-02     284      1.0000     0.8310     7.865   27.69       284    7.849     0.94x   -0.64
QQN-BT-S      9.996893e-02     284      1.0000     0.8310     7.808   27.49       284    7.792     0.94x   -0.64
QQN-L50       9.999873e-02     184      1.0000     0.8300     4.212   22.89       184    4.195     1.45x   -0.57
QQN-L50And    9.999873e-02     184      1.0000     0.8300     4.336   23.57       184    4.320     1.45x   -0.57
Adam          1.165810e-01    1000      0.9994     0.8360     1.032    1.03         —        —         —   -0.74
QQN-And       1.464550e-01     449      0.9834     0.8410    10.034   22.35         —        —         —   -0.36
QQN-Sec       2.184106e-01     498      0.9506     0.8500    10.028   20.14         —        —         —   -0.41
SGD           4.439024e-01    1000      0.8520     0.8160     1.025    1.02         —        —         —   -0.20
QQN-Mom       1.147739e+00     510      0.6066     0.5920    10.022   19.65         —        —         —    0.22
QQN-Mom-S-BT  1.286781e+00     404      0.5780     0.5670    10.017   24.79         —        —         —    0.25
QQN-Mom-S     1.293064e+00     400      0.5768     0.5680    10.020   25.05         —        —         —    0.25

Pareto frontier (loss vs. time — non-dominated variants):
  SGD          loss=4.4390e-01  time=1.025s
  Adam         loss=1.1658e-01  time=1.032s
  L-BFGS       loss=9.9927e-02  time=2.636s
  QQN-L20      loss=9.9781e-02  time=5.266s
  QQN-Box      loss=9.9778e-02  time=6.386s
  QQN-TR       loss=9.9764e-02  time=8.243s

Iteration-efficiency leaderboard (target reached, fewest iters):
  QQN-L50        iters= 184  time=4.195s  vs_LBFGS= 1.45x  final=9.9999e-02
  QQN-L50And     iters= 184  time=4.320s  vs_LBFGS= 1.45x  final=9.9999e-02
  QQN-L20        iters= 240  time=5.249s  vs_LBFGS= 1.11x  final=9.9781e-02
  QQN-Fast       iters= 253  time=5.642s  vs_LBFGS= 1.05x  final=9.9924e-02
  L-BFGS         iters= 266  time=2.636s  vs_LBFGS= 1.00x  final=9.9927e-02
  QQN-BT-S       iters= 284  time=7.792s  vs_LBFGS= 0.94x  final=9.9969e-02
  QQN-S          iters= 284  time=7.849s  vs_LBFGS= 0.94x  final=9.9969e-02
  QQN-BT         iters= 300  time=6.310s  vs_LBFGS= 0.89x  final=9.9932e-02
  QQN            iters= 300  time=6.414s  vs_LBFGS= 0.89x  final=9.9932e-02
  QQN-Box        iters= 305  time=6.369s  vs_LBFGS= 0.87x  final=9.9778e-02
  QQN-TR         iters= 405  time=8.225s  vs_LBFGS= 0.66x  final=9.9764e-02

Convergence-rate profile (iteration first reaching each loss):
  optimizer      <=1.0e+00   <=7.0e-01   <=5.0e-01   <=4.0e-01
  QQN-L20               17          30          45          57
  QQN-L50               17          30          45          57
  QQN-L50And            17          30          45          57
  QQN-S                 16          30          47          62
  QQN-BT-S              16          30          47          62
  QQN                   17          32          49          65
  QQN-BT                17          32          49          65
  QQN-Box               17          32          49          65
  L-BFGS                17          31          46          65
  QQN-Fast              22          38          54          67
  Adam                  20          35          52          68
  QQN-TR                46          71         106         128
  QQN-And              115         133         161         189
  QQN-Sec               33          52          97         199
  QQN-Mom                —           —           —           —
  QQN-Mom-S              —           —           —           —
  QQN-Mom-S-BT           —           —           —           —
  SGD                  138         286         624           —

Stall report (never reached the shared target):
  Adam           final=1.1658e-01  iters=1000  time=1.032s  [slow (no target in maxiter)]
  QQN-And        final=1.4645e-01  iters=449  time=10.034s  [time-budget exhausted]
  QQN-Sec        final=2.1841e-01  iters=498  time=10.028s  [time-budget exhausted]
  SGD            final=4.4390e-01  iters=1000  time=1.025s  [slow (no target in maxiter)]
  QQN-Mom        final=1.1477e+00  iters=510  time=10.022s  [time-budget exhausted]
  QQN-Mom-S-BT   final=1.2868e+00  iters=404  time=10.017s  [time-budget exhausted]
  QQN-Mom-S      final=1.2931e+00  iters=400  time=10.020s  [time-budget exhausted]

Loss trajectory (log10, sampled):
  QQN          0.37  -0.17  -0.41  -0.56  -0.69  -0.82  -0.89  -0.93  -0.97  -1.00
  QQN-S        0.37  -0.17  -0.41  -0.55  -0.68  -0.78  -0.87  -0.92  -0.97  -1.00
  QQN-BT       0.37  -0.17  -0.41  -0.56  -0.69  -0.82  -0.89  -0.93  -0.97  -1.00
  QQN-BT-S     0.37  -0.17  -0.41  -0.55  -0.68  -0.78  -0.87  -0.92  -0.97  -1.00
  QQN-L20      0.37  -0.11  -0.36  -0.54  -0.68  -0.79  -0.89  -0.94  -0.97  -1.00
  QQN-L50      0.37  -0.03  -0.26  -0.43  -0.58  -0.73  -0.84  -0.92  -0.97  -1.00
  QQN-Mom      0.37   0.35   0.33   0.29   0.24   0.19   0.15   0.11   0.09   0.06
  QQN-Mom-S    0.37   0.36   0.34   0.32   0.29   0.24   0.20   0.17   0.14   0.11
  QQN-Mom-S-BT   0.37   0.36   0.34   0.32   0.28   0.24   0.20   0.16   0.13   0.11
  QQN-Sec      0.37  -0.17  -0.32  -0.37  -0.42  -0.48  -0.55  -0.59  -0.60  -0.66
  QQN-And      0.37   0.34   0.28  -0.25  -0.43  -0.58  -0.72  -0.78  -0.80  -0.83
  QQN-L50And   0.37  -0.03  -0.26  -0.43  -0.58  -0.73  -0.84  -0.92  -0.97  -1.00
  QQN-TR       0.37   0.00  -0.24  -0.42  -0.60  -0.75  -0.84  -0.91  -0.96  -1.00
  QQN-Fast     0.37  -0.06  -0.33  -0.51  -0.67  -0.78  -0.86  -0.92  -0.97  -1.00
  QQN-Box      0.37  -0.17  -0.41  -0.58  -0.70  -0.82  -0.90  -0.94  -0.97  -1.00
  SGD          0.37   0.04  -0.10  -0.19  -0.25  -0.30  -0.31  -0.34  -0.36  -0.35
  Adam         0.37  -0.56  -0.78  -0.89  -0.76  -0.90  -0.95   0.03  -0.86  -0.93
  L-BFGS       0.37  -0.14  -0.37  -0.53  -0.66  -0.78  -0.87  -0.93  -0.97  -1.00

[plot] Saved vs_iter convergence plot to results/fashion_mnist_mlp_comparison_vs_iter_20260622-123644.png
[plot] Saved vs_time convergence plot to results/fashion_mnist_mlp_comparison_vs_time_20260622-123644.png
