# variant: comparison_act_softplus
# report:  fashion_mnist_mlp_comparison
# desc:    Activation sweep (comparison): softplus on fashion_mnist_mlp_comparison with uniform sweep params.
# started: 2026-07-16T01:22:19.795Z
# command: N_TRAIN="8000" N_TEST="2000" HIDDEN="128" DEPTH="2" TIME_BUDGET="45" F_TARGET="0.01" DATASET="fashion_mnist" ACTIVATION="softplus" python3 examples/fashion_mnist_mlp_comparison.py
------------------------------------------------------------------------
An NVIDIA GPU may be present on this machine, but a CUDA-enabled jaxlib is not installed. Falling back to cpu.
=== 3-layer MLP comparison: QQN vs SGD vs Adam vs L-BFGS ===
    dataset=fashion_mnist  hidden_sizes=[128, 128]  arch=x->128->128->10  activation=softplus  (non-convex objective)
  classes=10  n_train=8000  n_test=2000  maxiter=1000000

  shared stop: f_target=1.0e-02  gtol=1.0e-08  time_budget=45.0s

[data] Loaded fashion_mnist via tensorflow.keras.
  l2=1.0e-04  sgd_lr=0.05  adam_lr=0.01  seed=42
  n_classes=10  subset_seed=0
  milestones=(1.0, 0.5, 0.2, 0.1)  target_profile=(0.2, 0.1, 0.06, 0.04, 0.02)

  model parameters: 118282

optimizer       final_loss   iters   train_acc   test_acc   time(s)   ms/it  ->target   t->tgt  vs LBFGS    evals     AUC
----------------------------------------------------------------------------------------------------------------------------------
QQN-Temp      2.329866e-02    2935      1.0000     0.8370    45.015   15.34         —        —         —        —   -1.40
QQN           2.353971e-02    2705      1.0000     0.8365    45.014   16.64         —        —         —        —   -1.35
L-BFGS        2.588655e-02    1623      1.0000     0.8320    45.012   27.73         —        —         —        —   -1.13
QQN-Adam      1.439442e-01     437      0.9823     0.8430    45.091  103.18         —        —         —        —   -0.59
Adam          3.953134e-01    4043      0.8953     0.8410    45.003   11.13         —        —         —        —   -0.72
QQN-PathMom   5.637836e-01     648      0.8043     0.8025    45.056   69.53         —        —         —        —   -0.18

Pareto frontier (loss vs. time — non-dominated variants):
  Adam         loss=3.9531e-01  time=45.003s
  L-BFGS       loss=2.5887e-02  time=45.012s
  QQN          loss=2.3540e-02  time=45.014s
  QQN-Temp     loss=2.3299e-02  time=45.015s

Iteration-efficiency leaderboard (target reached, fewest iters):

Cost-aware leaderboard (estimated function/grad evals to target):

Target-sensitivity profile (iterations to reach each loss target):
  optimizer         <=2.00e-01    <=1.00e-01    <=6.00e-02    <=4.00e-02    <=2.00e-02
  QQN                      321           468           603           906             —
  QQN-Adam                 263             —             —             —             —
  QQN-Temp                 261           389           530           801             —
  QQN-PathMom                —             —             —             —             —
  Adam                     246          1014             —             —             —
  L-BFGS                   366           564           694          1003             —

Convergence-rate profile (iteration first reaching each loss):
  optimizer      <=1.0e+00   <=5.0e-01   <=2.0e-01   <=1.0e-01
  QQN-Temp              19          70         261         389
  QQN                   14          79         321         468
  L-BFGS                12          79         366         564
  Adam                  14          50         246        1014
  QQN-Adam              11          49         263           —
  QQN-PathMom           15           —           —           —

Inter-milestone cost breakdown (Δtime[s] / Δevals between consecutive milestones):
  optimizer         start->1.0e+00    1.0e+00->5.0e-01    5.0e-01->2.0e-01    2.0e-01->1.0e-01
  QQN-Temp                1.925/21            0.768/51           2.808/191           1.893/128
  QQN                     1.898/19            1.027/71           3.703/253           2.324/159
  Adam                    0.568/14            0.394/36           2.153/196           8.495/768
  L-BFGS                  2.539/29           1.731/136           7.498/592           5.222/413
  QQN-Adam                2.164/75           2.598/246         20.238/1916                   —
  QQN-PathMom             1.989/56                   —                   —                   —

Convergence-rate profile (wall-clock seconds first reaching each loss):
  optimizer      <=1.0e+00   <=5.0e-01   <=2.0e-01   <=1.0e-01
  QQN-Temp           1.925       2.693       5.501       7.394
  QQN                1.898       2.925       6.629       8.953
  Adam               0.568       0.962       3.115      11.610
  L-BFGS             2.539       4.270      11.768      16.990
  QQN-Adam           2.164       4.763      25.001           —
  QQN-PathMom        1.989           —           —           —

Convergence-rate profile (estimated function/grad evals first reaching each loss):
  optimizer      <=1.0e+00   <=5.0e-01   <=2.0e-01   <=1.0e-01
  QQN-Temp              21          72         263         391
  QQN                   19          90         343         502
  Adam                  14          50         246        1014
  L-BFGS                29         165         757        1170
  QQN-Adam              75         321        2237           —
  QQN-PathMom           56           —           —           —

Convergence-rate profile (forward value evals first reaching each loss):
  optimizer      <=1.0e+00   <=5.0e-01   <=2.0e-01   <=1.0e-01
  QQN-Temp              21          72         263         391
  QQN                   19          90         343         502
  Adam                  14          50         246        1014
  L-BFGS                29         165         757        1170
  QQN-Adam              75         321        2237           —
  QQN-PathMom           56           —           —           —

Convergence-rate profile (backward gradient evals first reaching each loss):
  optimizer      <=1.0e+00   <=5.0e-01   <=2.0e-01   <=1.0e-01
  QQN-Temp              21          72         263         391
  QQN                   19          90         343         502
  L-BFGS                12          79         366         564
  Adam                  14          50         246        1014
  QQN-Adam              75         321        2237           —
  QQN-PathMom           56           —           —           —

Stall report (never reached the shared target):
  QQN-Temp       final=2.3299e-02  iters=2935  time=45.015s  [time-budget exhausted]
  QQN            final=2.3540e-02  iters=2705  time=45.014s  [time-budget exhausted]
  L-BFGS         final=2.5887e-02  iters=1623  time=45.012s  [time-budget exhausted]
  QQN-Adam       final=1.4394e-01  iters=437  time=45.091s  [time-budget exhausted]
  Adam           final=3.9531e-01  iters=4043  time=45.003s  [time-budget exhausted]
  QQN-PathMom    final=5.6378e-01  iters=648  time=45.056s  [time-budget exhausted]

Loss trajectory (log10, sampled):
  QQN          0.41  -0.67  -1.22  -1.40  -1.53  -1.58  -1.60  -1.61  -1.62  -1.63
  QQN-Adam     0.41  -0.30  -0.47  -0.55  -0.63  -0.67  -0.74  -0.77  -0.81  -0.84
  QQN-Temp     0.41  -0.85  -1.28  -1.51  -1.57  -1.60  -1.61  -1.62  -1.63  -1.63
  QQN-PathMom   0.41  -0.10  -0.13  -0.18  -0.20  -0.21  -0.22  -0.23  -0.24  -0.25
  Adam         0.41  -0.78  -0.89  -0.88  -0.70  -1.01  -1.08  -0.70  -0.68  -0.40
  L-BFGS       0.41  -0.45  -0.69  -0.97  -1.27  -1.36  -1.45  -1.53  -1.57  -1.59

[plot] Saved vs_iter convergence plot to results/fashion_mnist_mlp_comparison_vs_iter_20260715-212656.png
[plot] Saved vs_time convergence plot to results/fashion_mnist_mlp_comparison_vs_time_20260715-212656.png

------------------------------------------------------------------------
# exit code: 0  elapsed: 278.8s
