# variant: comparison_act_relu
# report:  fashion_mnist_mlp_comparison
# desc:    Activation sweep (comparison): relu on fashion_mnist_mlp_comparison with uniform sweep params.
# started: 2026-07-16T00:40:31.207Z
# command: N_TRAIN="8000" N_TEST="2000" HIDDEN="128" DEPTH="2" TIME_BUDGET="45" F_TARGET="0.01" DATASET="fashion_mnist" ACTIVATION="relu" python3 examples/fashion_mnist_mlp_comparison.py
------------------------------------------------------------------------
An NVIDIA GPU may be present on this machine, but a CUDA-enabled jaxlib is not installed. Falling back to cpu.
=== 3-layer MLP comparison: QQN vs SGD vs Adam vs L-BFGS ===
    dataset=fashion_mnist  hidden_sizes=[128, 128]  arch=x->128->128->10  activation=relu  (non-convex objective)
  classes=10  n_train=8000  n_test=2000  maxiter=1000000

  shared stop: f_target=1.0e-02  gtol=1.0e-08  time_budget=45.0s

[data] Loaded fashion_mnist via tensorflow.keras.
  l2=1.0e-04  sgd_lr=0.05  adam_lr=0.01  seed=42
  n_classes=10  subset_seed=0
  milestones=(1.0, 0.5, 0.2, 0.1)  target_profile=(0.2, 0.1, 0.06, 0.04, 0.02)

  model parameters: 118282

optimizer       final_loss   iters   train_acc   test_acc   time(s)   ms/it  ->target   t->tgt  vs LBFGS    evals     AUC
----------------------------------------------------------------------------------------------------------------------------------
QQN-Temp      1.565981e-02    3641      1.0000     0.8515    45.004   12.36         —        —         —        —   -1.59
QQN           1.576732e-02    3373      1.0000     0.8525    45.009   13.34         —        —         —        —   -1.51
L-BFGS        1.616020e-02    2044      1.0000     0.8490    45.005   22.02         —        —         —        —   -1.48
QQN-Adam      7.540355e-02     550      0.9953     0.8570    45.040   81.89         —        —         —        —   -0.79
Adam          3.713312e-01    5517      0.8928     0.7880    45.005    8.16         —        —         —        —   -0.76
QQN-PathMom   4.473983e-01     865      0.8549     0.8350    45.005   52.03         —        —         —        —   -0.27

Pareto frontier (loss vs. time — non-dominated variants):
  QQN-Temp     loss=1.5660e-02  time=45.004s

Iteration-efficiency leaderboard (target reached, fewest iters):

Cost-aware leaderboard (estimated function/grad evals to target):

Target-sensitivity profile (iterations to reach each loss target):
  optimizer         <=2.00e-01    <=1.00e-01    <=6.00e-02    <=4.00e-02    <=2.00e-02
  L-BFGS                   203           293           396           579           943
  QQN-Temp                 247           355           459           674          1126
  QQN                      331           518           648           876          1259
  QQN-Adam                 169           399             —             —             —
  QQN-PathMom                —             —             —             —             —
  Adam                     156           418             —             —             —

Convergence-rate profile (iteration first reaching each loss):
  optimizer      <=1.0e+00   <=5.0e-01   <=2.0e-01   <=1.0e-01
  L-BFGS                 8          48         203         293
  QQN-Temp              10          57         247         355
  QQN-Adam               5          31         169         399
  Adam                   9          37         156         418
  QQN                    8          63         331         518
  QQN-PathMom            9         421           —           —

Inter-milestone cost breakdown (Δtime[s] / Δevals between consecutive milestones):
  optimizer         start->1.0e+00    1.0e+00->5.0e-01    5.0e-01->2.0e-01    2.0e-01->1.0e-01
  Adam                     0.514/9            0.235/28           0.982/119           2.135/262
  QQN-Temp                1.743/11            0.561/47           2.261/190           1.290/108
  L-BFGS                  2.306/16            0.822/82           3.185/325           1.848/187
  QQN                     1.932/11            0.719/61           3.385/286           2.449/212
  QQN-Adam                1.691/43           1.626/216          9.720/1290         18.806/2494
  QQN-PathMom             1.629/36         20.188/2465                   —                   —

Convergence-rate profile (wall-clock seconds first reaching each loss):
  optimizer      <=1.0e+00   <=5.0e-01   <=2.0e-01   <=1.0e-01
  Adam               0.514       0.748       1.731       3.865
  QQN-Temp           1.743       2.303       4.564       5.854
  L-BFGS             2.306       3.128       6.313       8.161
  QQN                1.932       2.650       6.035       8.484
  QQN-Adam           1.691       3.316      13.036      31.842
  QQN-PathMom        1.629      21.818           —           —

Convergence-rate profile (estimated function/grad evals first reaching each loss):
  optimizer      <=1.0e+00   <=5.0e-01   <=2.0e-01   <=1.0e-01
  QQN-Temp              11          58         248         356
  Adam                   9          37         156         418
  QQN                   11          72         358         570
  L-BFGS                16          98         423         610
  QQN-Adam              43         259        1549        4043
  QQN-PathMom           36        2501           —           —

Convergence-rate profile (forward value evals first reaching each loss):
  optimizer      <=1.0e+00   <=5.0e-01   <=2.0e-01   <=1.0e-01
  QQN-Temp              11          58         248         356
  Adam                   9          37         156         418
  QQN                   11          72         358         570
  L-BFGS                16          98         423         610
  QQN-Adam              43         259        1549        4043
  QQN-PathMom           36        2501           —           —

Convergence-rate profile (backward gradient evals first reaching each loss):
  optimizer      <=1.0e+00   <=5.0e-01   <=2.0e-01   <=1.0e-01
  L-BFGS                 8          48         203         293
  QQN-Temp              11          58         248         356
  Adam                   9          37         156         418
  QQN                   11          72         358         570
  QQN-Adam              43         259        1549        4043
  QQN-PathMom           36        2501           —           —

Stall report (never reached the shared target):
  QQN-Temp       final=1.5660e-02  iters=3641  time=45.004s  [time-budget exhausted]
  QQN            final=1.5767e-02  iters=3373  time=45.009s  [time-budget exhausted]
  L-BFGS         final=1.6160e-02  iters=2044  time=45.005s  [time-budget exhausted]
  QQN-Adam       final=7.5404e-02  iters=550  time=45.040s  [time-budget exhausted]
  Adam           final=3.7133e-01  iters=5517  time=45.005s  [time-budget exhausted]
  QQN-PathMom    final=4.4740e-01  iters=865  time=45.005s  [time-budget exhausted]

Loss trajectory (log10, sampled):
  QQN          0.36  -0.75  -1.27  -1.64  -1.74  -1.76  -1.78  -1.79  -1.80  -1.80
  QQN-Adam     0.36  -0.43  -0.60  -0.72  -0.80  -0.89  -0.97  -1.03  -1.09  -1.12
  QQN-Temp     0.36  -1.13  -1.55  -1.72  -1.75  -1.77  -1.78  -1.79  -1.80  -1.81
  QQN-PathMom   0.36  -0.16  -0.24  -0.27  -0.30  -0.31  -0.32  -0.33  -0.34  -0.35
  Adam         0.36  -1.07  -0.79  -0.85  -0.92  -0.63  -0.84  -0.87  -0.95  -0.43
  L-BFGS       0.36  -0.77  -1.26  -1.53  -1.69  -1.74  -1.76  -1.77  -1.78  -1.79

[plot] Saved vs_iter convergence plot to results/fashion_mnist_mlp_comparison_vs_iter_20260715-204508.png
[plot] Saved vs_time convergence plot to results/fashion_mnist_mlp_comparison_vs_time_20260715-204508.png

------------------------------------------------------------------------
# exit code: 0  elapsed: 278.8s
